[2019-01-07 13:18:25.297] [exthost1] [info] extension host started
[2019-01-07 13:18:25.436] [exthost1] [info] ExtensionService#_doActivateExtension vscode.debug-auto-launch {"startup":true,"activationEvent":"*"}
[2019-01-07 13:18:25.447] [exthost1] [info] ExtensionService#loadCommonJSModule /usr/share/code/resources/app/extensions/debug-auto-launch/out/extension
[2019-01-07 13:18:25.534] [exthost1] [info] ExtensionService#_doActivateExtension vscode.emmet {"startup":true,"activationEvent":"*"}
[2019-01-07 13:18:25.538] [exthost1] [info] ExtensionService#loadCommonJSModule /usr/share/code/resources/app/extensions/emmet/out/extension
[2019-01-07 13:18:26.185] [exthost1] [info] ExtensionService#_doActivateExtension vscode.git {"startup":true,"activationEvent":"*"}
[2019-01-07 13:18:26.187] [exthost1] [info] ExtensionService#loadCommonJSModule /usr/share/code/resources/app/extensions/git/out/main
[2019-01-07 13:18:27.488] [exthost1] [info] ExtensionService#_doActivateExtension vscode.merge-conflict {"startup":true,"activationEvent":"*"}
[2019-01-07 13:18:27.488] [exthost1] [info] ExtensionService#loadCommonJSModule /usr/share/code/resources/app/extensions/merge-conflict/out/extension
[2019-01-07 13:18:27.556] [exthost1] [info] ExtensionService#_doActivateExtension vscode.search-rg {"startup":true,"activationEvent":"*"}
[2019-01-07 13:18:27.556] [exthost1] [info] ExtensionService#loadCommonJSModule /usr/share/code/resources/app/extensions/search-rg/out/extension
[2019-01-07 13:18:27.699] [exthost1] [info] ExtensionService#_doActivateExtension mauve.terraform {"startup":false,"activationEvent":"onLanguage:terraform"}
[2019-01-07 13:18:27.699] [exthost1] [info] ExtensionService#loadCommonJSModule /home/sameer/.vscode/extensions/mauve.terraform-1.3.7/out/src/extension
[2019-01-07 13:18:33.107] [exthost1] [info] ExtensionService#_doActivateExtension ms-vscode.azure-account {"startup":true,"activationEvent":"workspaceContains:**/*.tf"}
[2019-01-07 13:18:33.107] [exthost1] [info] ExtensionService#loadCommonJSModule /home/sameer/.vscode/extensions/ms-vscode.azure-account-0.4.3/out/src/extension
[2019-01-07 13:18:37.823] [exthost1] [info] eager extensions activated
[2019-01-07 13:18:37.858] [exthost1] [info] ExtensionService#_doActivateExtension ms-azuretools.vscode-azureterraform {"startup":true,"activationEvent":"workspaceContains:**/*.tf"}
[2019-01-07 13:18:37.868] [exthost1] [info] ExtensionService#loadCommonJSModule /home/sameer/.vscode/extensions/ms-azuretools.vscode-azureterraform-0.2.2/out/extension
[2019-01-07 13:26:56.797] [exthost1] [info] ExtensionService#_doActivateExtension GrapeCity.gc-excelviewer {"startup":false,"activationEvent":"onLanguage:plaintext"}
[2019-01-07 13:26:56.797] [exthost1] [info] ExtensionService#loadCommonJSModule /home/sameer/.vscode/extensions/grapecity.gc-excelviewer-2.1.26/out/src/extension
