2019-01-07 18:09:17:842 [INFO ] runner: Found Terraform binary terraform with version 0.11.8
2019-01-07 18:09:18:020 [INFO ] runner: Found Terraform binary /usr/bin/terraform with version 0.11.8
2019-01-07 18:09:18:063 [INFO ] file-system-watcher: Crawling workspace for terraform files...
2019-01-07 18:09:18:658 [INFO ] file-system-watcher: Indexed file:///home/sameer/test-terraform/vcc-cn-test-tf-host/ezsatsa/projects/vcc-cn/gocd/components/gocd-vcc/terraform/aws/server/output.tf
2019-01-07 18:09:18:697 [INFO ] file-system-watcher: Indexed file:///home/sameer/test-terraform/vcc-cn-test-tf-host/ezsatsa/projects/vcc-cn/gocd/components/gocd-vcc/terraform/aws/server/restore_backup.tf
2019-01-07 18:09:18:784 [INFO ] file-system-watcher: Indexed file:///home/sameer/test-terraform/vcc-cn-test-tf-host/ezsatsa/projects/vcc-cn/gocd/components/gocd-vcc/terraform/aws/server/test/test.tf
2019-01-07 18:09:18:802 [INFO ] file-system-watcher: Indexed file:///home/sameer/test-terraform/vcc-cn-test-tf-host/ezsatsa/projects/vcc-cn/gocd/components/gocd-vcc/terraform/aws/server/test/output.tf
2019-01-07 18:09:20:776 [INFO ] file-system-watcher: Indexed file:///home/sameer/test-terraform/vcc-cn-test-tf-host/ezsatsa/projects/vcc-cn/gocd/components/gocd-vcc/terraform/aws/server/iam_role.tf
2019-01-07 18:09:21:013 [INFO ] file-system-watcher: Indexed file:///home/sameer/test-terraform/vcc-cn-test-tf-host/ezsatsa/projects/vcc-cn/gocd/components/gocd-vcc/terraform/aws/server/main.tf
2019-01-07 18:09:21:092 [INFO ] file-system-watcher: Indexed file:///home/sameer/test-terraform/vcc-cn-test-tf-host/ezsatsa/projects/vcc-cn/gocd/components/gocd-vcc/terraform/aws/server/variables.tf
2019-01-07 18:09:21:104 [INFO ] file-system-watcher: Indexed file:///home/sameer/test-terraform/vcc-cn-test-tf-host/ezsatsa/projects/vcc-cn/gocd/components/gocd-vcc/terraform/aws/shared/output.tf
2019-01-07 18:09:21:133 [INFO ] file-system-watcher: Indexed file:///home/sameer/test-terraform/vcc-cn-test-tf-host/ezsatsa/projects/vcc-cn/gocd/components/gocd-vcc/terraform/aws/shared/test/test.tf
2019-01-07 18:09:21:143 [INFO ] file-system-watcher: Indexed file:///home/sameer/test-terraform/vcc-cn-test-tf-host/ezsatsa/projects/vcc-cn/gocd/components/gocd-vcc/terraform/aws/shared/main.tf
2019-01-07 18:09:21:167 [INFO ] file-system-watcher: Indexed file:///home/sameer/test-terraform/vcc-cn-test-tf-host/ezsatsa/projects/vcc-cn/gocd/components/gocd-vcc/terraform/aws/shared/variables.tf
2019-01-07 18:09:21:180 [INFO ] file-system-watcher: Indexed file:///home/sameer/test-terraform/vcc-cn-test-tf-host/ezsatsa/projects/vcc-cn/gocd/components/gocd-vcc/terraform/aws/postgres/output.tf
2019-01-07 18:09:21:226 [INFO ] file-system-watcher: Indexed file:///home/sameer/test-terraform/vcc-cn-test-tf-host/ezsatsa/projects/vcc-cn/gocd/components/gocd-vcc/terraform/aws/postgres/main.tf
2019-01-07 18:09:21:241 [INFO ] file-system-watcher: Indexed file:///home/sameer/test-terraform/vcc-cn-test-tf-host/ezsatsa/projects/vcc-cn/gocd/components/gocd-vcc/terraform/aws/postgres/variables.tf
2019-01-07 18:09:21:247 [INFO ] file-system-watcher: Indexed file:///home/sameer/test-terraform/vcc-cn-test-tf-host/ezsatsa/projects/vcc-cn/gocd/components/gocd-vcc/terraform/aws/agent/output.tf
2019-01-07 18:09:21:254 [INFO ] file-system-watcher: Indexed file:///home/sameer/test-terraform/vcc-cn-test-tf-host/ezsatsa/projects/vcc-cn/gocd/components/gocd-vcc/terraform/aws/agent/restore_backup.tf
2019-01-07 18:09:21:276 [INFO ] file-system-watcher: Indexed file:///home/sameer/test-terraform/vcc-cn-test-tf-host/ezsatsa/projects/vcc-cn/gocd/components/gocd-vcc/terraform/aws/agent/test/test.tf
2019-01-07 18:09:21:313 [INFO ] file-system-watcher: Indexed file:///home/sameer/test-terraform/vcc-cn-test-tf-host/ezsatsa/projects/vcc-cn/gocd/components/gocd-vcc/terraform/aws/agent/iam_role.tf
2019-01-07 18:09:21:375 [INFO ] file-system-watcher: Indexed file:///home/sameer/test-terraform/vcc-cn-test-tf-host/ezsatsa/projects/vcc-cn/gocd/components/gocd-vcc/terraform/aws/agent/main.tf
2019-01-07 18:09:21:397 [INFO ] file-system-watcher: Indexed file:///home/sameer/test-terraform/vcc-cn-test-tf-host/ezsatsa/projects/vcc-cn/gocd/components/gocd-vcc/terraform/aws/agent/variables.tf
2019-01-07 18:09:21:407 [INFO ] file-system-watcher: Indexed file:///home/sameer/test-terraform/vcc-cn-test-tf-host/ezsatsa/projects/vcc-cn/gocd/terraform/access/backend.tf
2019-01-07 18:09:21:414 [INFO ] file-system-watcher: Indexed file:///home/sameer/test-terraform/vcc-cn-test-tf-host/ezsatsa/projects/vcc-cn/gocd/terraform/access/provider.tf
2019-01-07 18:09:21:421 [INFO ] file-system-watcher: Indexed file:///home/sameer/test-terraform/vcc-cn-test-tf-host/ezsatsa/projects/vcc-cn/gocd/terraform/access/remote_states.tf
2019-01-07 18:09:21:459 [INFO ] file-system-watcher: Indexed file:///home/sameer/test-terraform/vcc-cn-test-tf-host/ezsatsa/projects/vcc-cn/gocd/terraform/access/access.tf
2019-01-07 18:09:21:484 [INFO ] file-system-watcher: Indexed file:///home/sameer/test-terraform/vcc-cn-test-tf-host/ezsatsa/projects/vcc-cn/gocd/terraform/access/output.tf
2019-01-07 18:09:21:516 [INFO ] file-system-watcher: Indexed file:///home/sameer/test-terraform/vcc-cn-test-tf-host/ezsatsa/projects/vcc-cn/gocd/terraform/access/terraform.tfvars
2019-01-07 18:09:21:520 [INFO ] file-system-watcher: Indexed file:///home/sameer/test-terraform/vcc-cn-test-tf-host/ezsatsa/projects/vcc-cn/gocd/terraform/access/variables_access.tf
2019-01-07 18:09:21:561 [INFO ] file-system-watcher: Indexed file:///home/sameer/test-terraform/vcc-cn-test-tf-host/ezsatsa/projects/vcc-cn/gocd/terraform/access/main.tf
2019-01-07 18:09:21:566 [INFO ] file-system-watcher: Indexed file:///home/sameer/test-terraform/vcc-cn-test-tf-host/ezsatsa/projects/vcc-cn/gocd/terraform/access/access-global.auto.tfvars
2019-01-07 18:09:21:592 [INFO ] file-system-watcher: Indexed file:///home/sameer/test-terraform/vcc-cn-test-tf-host/ezsatsa/projects/vcc-cn/gocd/terraform/access/variables.tf
2019-01-07 18:09:21:599 [INFO ] file-system-watcher: Indexed file:///home/sameer/test-terraform/vcc-cn-test-tf-host/ezsatsa/projects/vcc-cn/gocd/terraform/access/dns_provider.tf
2019-01-07 18:09:21:630 [INFO ] file-system-watcher: Indexed file:///home/sameer/test-terraform/vcc-cn-test-tf-host/ezsatsa/projects/vcc-cn/gocd/terraform/common/provider.tf
2019-01-07 18:09:21:639 [INFO ] file-system-watcher: Indexed file:///home/sameer/test-terraform/vcc-cn-test-tf-host/ezsatsa/projects/vcc-cn/gocd/terraform/common/output.tf
2019-01-07 18:09:21:691 [INFO ] file-system-watcher: Indexed file:///home/sameer/test-terraform/vcc-cn-test-tf-host/ezsatsa/projects/vcc-cn/gocd/terraform/common/main.tf
2019-01-07 18:09:21:731 [INFO ] file-system-watcher: Indexed file:///home/sameer/test-terraform/vcc-cn-test-tf-host/ezsatsa/projects/vcc-cn/gocd/terraform/common/variables.tf
2019-01-07 18:09:21:736 [INFO ] file-system-watcher: Indexed file:///home/sameer/test-terraform/vcc-cn-test-tf-host/ezsatsa/projects/vcc-cn/grafana/common/provider.tf
2019-01-07 18:09:21:740 [INFO ] file-system-watcher: Indexed file:///home/sameer/test-terraform/vcc-cn-test-tf-host/ezsatsa/projects/vcc-cn/grafana/common/variables.tf
2019-01-07 18:09:21:745 [INFO ] file-system-watcher: Indexed file:///home/sameer/test-terraform/vcc-cn-test-tf-host/ezsatsa/projects/vcc-cn/grafana/qa/qa.auto.tfvars
2019-01-07 18:09:21:761 [INFO ] file-system-watcher: Indexed file:///home/sameer/test-terraform/vcc-cn-test-tf-host/ezsatsa/projects/vcc-cn/grafana/qa/backend.tf
2019-01-07 18:09:21:766 [INFO ] file-system-watcher: Indexed file:///home/sameer/test-terraform/vcc-cn-test-tf-host/ezsatsa/projects/vcc-cn/grafana/qa/provider.tf
2019-01-07 18:09:21:774 [INFO ] file-system-watcher: Indexed file:///home/sameer/test-terraform/vcc-cn-test-tf-host/ezsatsa/projects/vcc-cn/grafana/qa/remote_states.tf
2019-01-07 18:09:21:781 [INFO ] file-system-watcher: Indexed file:///home/sameer/test-terraform/vcc-cn-test-tf-host/ezsatsa/projects/vcc-cn/grafana/qa/terraform.tfvars
2019-01-07 18:09:21:817 [INFO ] file-system-watcher: Indexed file:///home/sameer/test-terraform/vcc-cn-test-tf-host/ezsatsa/projects/vcc-cn/grafana/qa/main.tf
2019-01-07 18:09:21:821 [INFO ] file-system-watcher: Indexed file:///home/sameer/test-terraform/vcc-cn-test-tf-host/ezsatsa/projects/vcc-cn/grafana/qa/variables.tf
2019-01-07 18:09:21:825 [INFO ] file-system-watcher: Indexed file:///home/sameer/test-terraform/vcc-cn-test-tf-host/ezsatsa/projects/vcc-cn/grafana/qa/dns-records.tf
2019-01-07 18:09:21:829 [INFO ] file-system-watcher: Indexed file:///home/sameer/test-terraform/vcc-cn-test-tf-host/ezsatsa/projects/vcc-cn/grafana/prod/backend.tf
2019-01-07 18:09:21:834 [INFO ] file-system-watcher: Indexed file:///home/sameer/test-terraform/vcc-cn-test-tf-host/ezsatsa/projects/vcc-cn/grafana/prod/provider.tf
2019-01-07 18:09:21:839 [INFO ] file-system-watcher: Indexed file:///home/sameer/test-terraform/vcc-cn-test-tf-host/ezsatsa/projects/vcc-cn/grafana/prod/remote_states.tf
2019-01-07 18:09:21:842 [INFO ] file-system-watcher: Indexed file:///home/sameer/test-terraform/vcc-cn-test-tf-host/ezsatsa/projects/vcc-cn/grafana/prod/production.auto.tfvars
2019-01-07 18:09:21:846 [INFO ] file-system-watcher: Indexed file:///home/sameer/test-terraform/vcc-cn-test-tf-host/ezsatsa/projects/vcc-cn/grafana/prod/variables.tf
2019-01-07 18:09:21:849 [INFO ] file-system-watcher: Indexed file:///home/sameer/test-terraform/vcc-cn-test-tf-host/ezsatsa/projects/vcc-cn/grafana/prod/dns-records.tf
2019-01-07 18:09:21:853 [INFO ] file-system-watcher: Indexed file:///home/sameer/test-terraform/vcc-cn-test-tf-host/ezsatsa/projects/vcc-cn/elk/common/provider.tf
2019-01-07 18:09:21:860 [INFO ] file-system-watcher: Indexed file:///home/sameer/test-terraform/vcc-cn-test-tf-host/ezsatsa/projects/vcc-cn/elk/common/variables.tf
2019-01-07 18:09:21:865 [INFO ] file-system-watcher: Indexed file:///home/sameer/test-terraform/vcc-cn-test-tf-host/ezsatsa/projects/vcc-cn/elk/test/backend.tf
2019-01-07 18:09:21:880 [INFO ] file-system-watcher: Indexed file:///home/sameer/test-terraform/vcc-cn-test-tf-host/ezsatsa/projects/vcc-cn/elk/test/provider.tf
2019-01-07 18:09:21:887 [INFO ] file-system-watcher: Indexed file:///home/sameer/test-terraform/vcc-cn-test-tf-host/ezsatsa/projects/vcc-cn/elk/test/remote_states.tf
2019-01-07 18:09:21:892 [INFO ] file-system-watcher: Indexed file:///home/sameer/test-terraform/vcc-cn-test-tf-host/ezsatsa/projects/vcc-cn/elk/test/test.auto.tfvars
2019-01-07 18:09:21:895 [INFO ] file-system-watcher: Indexed file:///home/sameer/test-terraform/vcc-cn-test-tf-host/ezsatsa/projects/vcc-cn/elk/test/variables.tf
2019-01-07 18:09:21:901 [INFO ] file-system-watcher: Indexed file:///home/sameer/test-terraform/vcc-cn-test-tf-host/ezsatsa/projects/vcc-cn/elk/test/dns-records.tf
2019-01-07 18:09:21:905 [INFO ] file-system-watcher: Indexed file:///home/sameer/test-terraform/vcc-cn-test-tf-host/ezsatsa/projects/vcc-cn/elk/qa/qa.auto.tfvars
2019-01-07 18:09:21:909 [INFO ] file-system-watcher: Indexed file:///home/sameer/test-terraform/vcc-cn-test-tf-host/ezsatsa/projects/vcc-cn/elk/qa/backend.tf
2019-01-07 18:09:21:925 [INFO ] file-system-watcher: Indexed file:///home/sameer/test-terraform/vcc-cn-test-tf-host/ezsatsa/projects/vcc-cn/elk/qa/provider.tf
2019-01-07 18:09:21:930 [INFO ] file-system-watcher: Indexed file:///home/sameer/test-terraform/vcc-cn-test-tf-host/ezsatsa/projects/vcc-cn/elk/qa/remote_states.tf
2019-01-07 18:09:21:934 [INFO ] file-system-watcher: Indexed file:///home/sameer/test-terraform/vcc-cn-test-tf-host/ezsatsa/projects/vcc-cn/elk/qa/variables.tf
2019-01-07 18:09:21:946 [INFO ] file-system-watcher: Indexed file:///home/sameer/test-terraform/vcc-cn-test-tf-host/ezsatsa/projects/vcc-cn/elk/qa/dns-records.tf
2019-01-07 18:09:21:950 [INFO ] file-system-watcher: Indexed file:///home/sameer/test-terraform/vcc-cn-test-tf-host/ezsatsa/projects/vcc-cn/elk/prod/backend.tf
2019-01-07 18:09:21:955 [INFO ] file-system-watcher: Indexed file:///home/sameer/test-terraform/vcc-cn-test-tf-host/ezsatsa/projects/vcc-cn/elk/prod/provider.tf
2019-01-07 18:09:21:959 [INFO ] file-system-watcher: Indexed file:///home/sameer/test-terraform/vcc-cn-test-tf-host/ezsatsa/projects/vcc-cn/elk/prod/remote_states.tf
2019-01-07 18:09:21:963 [INFO ] file-system-watcher: Indexed file:///home/sameer/test-terraform/vcc-cn-test-tf-host/ezsatsa/projects/vcc-cn/elk/prod/production.auto.tfvars
2019-01-07 18:09:21:970 [INFO ] file-system-watcher: Indexed file:///home/sameer/test-terraform/vcc-cn-test-tf-host/ezsatsa/projects/vcc-cn/elk/prod/variables.tf
2019-01-07 18:09:21:980 [INFO ] file-system-watcher: Indexed file:///home/sameer/test-terraform/vcc-cn-test-tf-host/ezsatsa/projects/vcc-cn/elk/prod/dns-records.tf
2019-01-07 18:09:21:986 [INFO ] file-system-watcher: Indexed file:///home/sameer/test-terraform/vcc-cn-test-tf-host/ezsatsa/projects/vcc-cn/pre-setup/components/pre-setup/terraform/aws-cn/output.tf
2019-01-07 18:09:21:992 [INFO ] file-system-watcher: Indexed file:///home/sameer/test-terraform/vcc-cn-test-tf-host/ezsatsa/projects/vcc-cn/pre-setup/components/pre-setup/terraform/aws-cn/test/test.tf
2019-01-07 18:09:22:017 [INFO ] file-system-watcher: Indexed file:///home/sameer/test-terraform/vcc-cn-test-tf-host/ezsatsa/projects/vcc-cn/pre-setup/components/pre-setup/terraform/aws-cn/main.tf
2019-01-07 18:09:22:030 [INFO ] file-system-watcher: Indexed file:///home/sameer/test-terraform/vcc-cn-test-tf-host/ezsatsa/projects/vcc-cn/pre-setup/components/pre-setup/terraform/aws-cn/variable.tf
2019-01-07 18:09:22:041 [INFO ] file-system-watcher: Indexed file:///home/sameer/test-terraform/vcc-cn-test-tf-host/ezsatsa/projects/vcc-cn/pre-setup/terraform/common/provider.tf
2019-01-07 18:09:22:047 [INFO ] file-system-watcher: Indexed file:///home/sameer/test-terraform/vcc-cn-test-tf-host/ezsatsa/projects/vcc-cn/pre-setup/terraform/common/output.tf
2019-01-07 18:09:22:055 [INFO ] file-system-watcher: Indexed file:///home/sameer/test-terraform/vcc-cn-test-tf-host/ezsatsa/projects/vcc-cn/pre-setup/terraform/common/main.tf
2019-01-07 18:09:22:059 [INFO ] file-system-watcher: Indexed file:///home/sameer/test-terraform/vcc-cn-test-tf-host/ezsatsa/projects/vcc-cn/pre-setup/terraform/common/variable.tf
2019-01-07 18:09:22:063 [INFO ] file-system-watcher: Indexed file:///home/sameer/test-terraform/vcc-cn-test-tf-host/ezsatsa/projects/vcc-cn/pre-setup/terraform/test/backend.tf
2019-01-07 18:09:22:073 [INFO ] file-system-watcher: Indexed file:///home/sameer/test-terraform/vcc-cn-test-tf-host/ezsatsa/projects/vcc-cn/pre-setup/terraform/test/provider.tf
2019-01-07 18:09:22:088 [INFO ] file-system-watcher: Indexed file:///home/sameer/test-terraform/vcc-cn-test-tf-host/ezsatsa/projects/vcc-cn/pre-setup/terraform/test/output.tf
2019-01-07 18:09:22:094 [INFO ] file-system-watcher: Indexed file:///home/sameer/test-terraform/vcc-cn-test-tf-host/ezsatsa/projects/vcc-cn/pre-setup/terraform/test/terraform.tfvars
2019-01-07 18:09:22:105 [INFO ] file-system-watcher: Indexed file:///home/sameer/test-terraform/vcc-cn-test-tf-host/ezsatsa/projects/vcc-cn/pre-setup/terraform/test/main.tf
2019-01-07 18:09:22:109 [INFO ] file-system-watcher: Indexed file:///home/sameer/test-terraform/vcc-cn-test-tf-host/ezsatsa/projects/vcc-cn/pre-setup/terraform/test/test.auto.tfvars
2019-01-07 18:09:22:114 [INFO ] file-system-watcher: Indexed file:///home/sameer/test-terraform/vcc-cn-test-tf-host/ezsatsa/projects/vcc-cn/pre-setup/terraform/test/variable.tf
2019-01-07 18:09:22:128 [INFO ] file-system-watcher: Indexed file:///home/sameer/test-terraform/vcc-cn-test-tf-host/ezsatsa/projects/vcc-cn/pre-setup/terraform/qa/qa.auto.tfvars
2019-01-07 18:09:22:133 [INFO ] file-system-watcher: Indexed file:///home/sameer/test-terraform/vcc-cn-test-tf-host/ezsatsa/projects/vcc-cn/pre-setup/terraform/qa/backend.tf
2019-01-07 18:09:22:137 [INFO ] file-system-watcher: Indexed file:///home/sameer/test-terraform/vcc-cn-test-tf-host/ezsatsa/projects/vcc-cn/pre-setup/terraform/qa/provider.tf
2019-01-07 18:09:22:141 [INFO ] file-system-watcher: Indexed file:///home/sameer/test-terraform/vcc-cn-test-tf-host/ezsatsa/projects/vcc-cn/pre-setup/terraform/qa/output.tf
2019-01-07 18:09:22:145 [INFO ] file-system-watcher: Indexed file:///home/sameer/test-terraform/vcc-cn-test-tf-host/ezsatsa/projects/vcc-cn/pre-setup/terraform/qa/terraform.tfvars
2019-01-07 18:09:22:150 [INFO ] file-system-watcher: Indexed file:///home/sameer/test-terraform/vcc-cn-test-tf-host/ezsatsa/projects/vcc-cn/pre-setup/terraform/qa/main.tf
2019-01-07 18:09:22:156 [INFO ] file-system-watcher: Indexed file:///home/sameer/test-terraform/vcc-cn-test-tf-host/ezsatsa/projects/vcc-cn/pre-setup/terraform/qa/variable.tf
2019-01-07 18:09:22:160 [INFO ] file-system-watcher: Indexed file:///home/sameer/test-terraform/vcc-cn-test-tf-host/ezsatsa/projects/vcc-cn/pre-setup/terraform/prod/backend.tf
2019-01-07 18:09:22:164 [INFO ] file-system-watcher: Indexed file:///home/sameer/test-terraform/vcc-cn-test-tf-host/ezsatsa/projects/vcc-cn/pre-setup/terraform/prod/provider.tf
2019-01-07 18:09:22:170 [INFO ] file-system-watcher: Indexed file:///home/sameer/test-terraform/vcc-cn-test-tf-host/ezsatsa/projects/vcc-cn/pre-setup/terraform/prod/output.tf
2019-01-07 18:09:22:178 [INFO ] file-system-watcher: Indexed file:///home/sameer/test-terraform/vcc-cn-test-tf-host/ezsatsa/projects/vcc-cn/pre-setup/terraform/prod/terraform.tfvars
2019-01-07 18:09:22:189 [INFO ] file-system-watcher: Indexed file:///home/sameer/test-terraform/vcc-cn-test-tf-host/ezsatsa/projects/vcc-cn/pre-setup/terraform/prod/production.auto.tfvars
2019-01-07 18:09:22:193 [INFO ] file-system-watcher: Indexed file:///home/sameer/test-terraform/vcc-cn-test-tf-host/ezsatsa/projects/vcc-cn/pre-setup/terraform/prod/main.tf
2019-01-07 18:09:22:207 [INFO ] file-system-watcher: Indexed file:///home/sameer/test-terraform/vcc-cn-test-tf-host/ezsatsa/projects/vcc-cn/pre-setup/terraform/prod/variable.tf
2019-01-07 18:09:22:223 [INFO ] file-system-watcher: Indexed file:///home/sameer/test-terraform/vcc-cn-test-tf-host/ezsatsa/projects/vcc-cn/common/terraform-modules/vm/terraform/aws/output.tf
2019-01-07 18:09:22:247 [INFO ] file-system-watcher: Indexed file:///home/sameer/test-terraform/vcc-cn-test-tf-host/ezsatsa/projects/vcc-cn/common/terraform-modules/vm/terraform/aws/test/test.tf
2019-01-07 18:09:22:258 [INFO ] file-system-watcher: Indexed file:///home/sameer/test-terraform/vcc-cn-test-tf-host/ezsatsa/projects/vcc-cn/common/terraform-modules/vm/terraform/aws/main.tf
2019-01-07 18:09:22:269 [INFO ] file-system-watcher: Indexed file:///home/sameer/test-terraform/vcc-cn-test-tf-host/ezsatsa/projects/vcc-cn/common/terraform-modules/vm/terraform/aws/variables.tf
2019-01-07 18:09:22:274 [INFO ] file-system-watcher: Indexed file:///home/sameer/test-terraform/vcc-cn-test-tf-host/ezsatsa/projects/vcc-cn/common/terraform-modules/create-ecr/aws/output.tf
2019-01-07 18:09:22:281 [INFO ] file-system-watcher: Indexed file:///home/sameer/test-terraform/vcc-cn-test-tf-host/ezsatsa/projects/vcc-cn/common/terraform-modules/create-ecr/aws/test/test.tf
2019-01-07 18:09:22:285 [INFO ] file-system-watcher: Indexed file:///home/sameer/test-terraform/vcc-cn-test-tf-host/ezsatsa/projects/vcc-cn/common/terraform-modules/create-ecr/aws/main.tf
2019-01-07 18:09:22:295 [INFO ] file-system-watcher: Indexed file:///home/sameer/test-terraform/vcc-cn-test-tf-host/ezsatsa/projects/vcc-cn/common/terraform-modules/create-ecr/aws/variables.tf
2019-01-07 18:09:22:313 [INFO ] file-system-watcher: Indexed file:///home/sameer/test-terraform/vcc-cn-test-tf-host/ezsatsa/projects/vcc-cn/common/terraform-modules/ami-copy/aws/output.tf
2019-01-07 18:09:22:324 [INFO ] file-system-watcher: Indexed file:///home/sameer/test-terraform/vcc-cn-test-tf-host/ezsatsa/projects/vcc-cn/common/terraform-modules/ami-copy/aws/test/test.tf
2019-01-07 18:09:22:341 [INFO ] file-system-watcher: Indexed file:///home/sameer/test-terraform/vcc-cn-test-tf-host/ezsatsa/projects/vcc-cn/common/terraform-modules/ami-copy/aws/main.tf
2019-01-07 18:09:22:357 [INFO ] file-system-watcher: Indexed file:///home/sameer/test-terraform/vcc-cn-test-tf-host/ezsatsa/projects/vcc-cn/common/terraform-modules/ami-copy/aws/variables.tf
2019-01-07 18:09:22:377 [INFO ] file-system-watcher: Indexed file:///home/sameer/test-terraform/vcc-cn-test-tf-host/ezsatsa/projects/vcc-cn/common/terraform-modules/create-iam-user/aws/output.tf
2019-01-07 18:09:22:382 [INFO ] file-system-watcher: Indexed file:///home/sameer/test-terraform/vcc-cn-test-tf-host/ezsatsa/projects/vcc-cn/common/terraform-modules/create-iam-user/aws/test/test.tf
2019-01-07 18:09:22:386 [INFO ] file-system-watcher: Indexed file:///home/sameer/test-terraform/vcc-cn-test-tf-host/ezsatsa/projects/vcc-cn/common/terraform-modules/create-iam-user/aws/main.tf
2019-01-07 18:09:22:402 [INFO ] file-system-watcher: Indexed file:///home/sameer/test-terraform/vcc-cn-test-tf-host/ezsatsa/projects/vcc-cn/common/terraform-modules/create-iam-user/aws/variables.tf
2019-01-07 18:09:22:411 [INFO ] file-system-watcher: Indexed file:///home/sameer/test-terraform/vcc-cn-test-tf-host/ezsatsa/projects/vcc-cn/common/terraform-modules/create-iam-ecr-group/aws/output.tf
2019-01-07 18:09:22:432 [INFO ] file-system-watcher: Indexed file:///home/sameer/test-terraform/vcc-cn-test-tf-host/ezsatsa/projects/vcc-cn/common/terraform-modules/create-iam-ecr-group/aws/test/test.tf
2019-01-07 18:09:22:437 [INFO ] file-system-watcher: Indexed file:///home/sameer/test-terraform/vcc-cn-test-tf-host/ezsatsa/projects/vcc-cn/common/terraform-modules/create-iam-ecr-group/aws/main.tf
2019-01-07 18:09:22:445 [INFO ] file-system-watcher: Indexed file:///home/sameer/test-terraform/vcc-cn-test-tf-host/ezsatsa/projects/vcc-cn/common/terraform-modules/create-iam-ecr-group/aws/variables.tf
2019-01-07 18:09:22:449 [INFO ] file-system-watcher: Indexed file:///home/sameer/test-terraform/vcc-cn-test-tf-host/ezsatsa/projects/vcc-cn/ami_build_vpc/terraform/test/backend.tf
2019-01-07 18:09:22:461 [INFO ] file-system-watcher: Indexed file:///home/sameer/test-terraform/vcc-cn-test-tf-host/ezsatsa/projects/vcc-cn/ami_build_vpc/terraform/test/provider.tf
2019-01-07 18:09:22:469 [INFO ] file-system-watcher: Indexed file:///home/sameer/test-terraform/vcc-cn-test-tf-host/ezsatsa/projects/vcc-cn/ami_build_vpc/terraform/test/output.tf
2019-01-07 18:09:22:519 [INFO ] file-system-watcher: Indexed file:///home/sameer/test-terraform/vcc-cn-test-tf-host/ezsatsa/projects/vcc-cn/ami_build_vpc/terraform/test/main.tf
2019-01-07 18:09:22:525 [INFO ] file-system-watcher: Indexed file:///home/sameer/test-terraform/vcc-cn-test-tf-host/ezsatsa/projects/vcc-cn/apcera/components/apcera/terraform/aws-cn/splunk_override.tf
2019-01-07 18:09:22:551 [INFO ] file-system-watcher: Indexed file:///home/sameer/test-terraform/vcc-cn-test-tf-host/ezsatsa/projects/vcc-cn/apcera/components/apcera/terraform/aws-cn/apcera-aws-auditlog.tf
2019-01-07 18:09:22:560 [INFO ] file-system-watcher: Indexed file:///home/sameer/test-terraform/vcc-cn-test-tf-host/ezsatsa/projects/vcc-cn/apcera/components/apcera/terraform/aws-cn/providers.tf
2019-01-07 18:09:22:564 [INFO ] file-system-watcher: Indexed file:///home/sameer/test-terraform/vcc-cn-test-tf-host/ezsatsa/projects/vcc-cn/apcera/components/apcera/terraform/aws-cn/eip_override.tf
2019-01-07 18:09:22:607 [INFO ] file-system-watcher: Indexed file:///home/sameer/test-terraform/vcc-cn-test-tf-host/ezsatsa/projects/vcc-cn/apcera/components/apcera/terraform/aws-cn/gluster.tf
2019-01-07 18:09:22:657 [INFO ] file-system-watcher: Indexed file:///home/sameer/test-terraform/vcc-cn-test-tf-host/ezsatsa/projects/vcc-cn/apcera/components/apcera/terraform/aws-cn/nlb-http-blue-green.tf
2019-01-07 18:09:22:713 [INFO ] file-system-watcher: Indexed file:///home/sameer/test-terraform/vcc-cn-test-tf-host/ezsatsa/projects/vcc-cn/apcera/components/apcera/terraform/aws-cn/routers-without-elb-blue-green.tf
2019-01-07 18:09:22:726 [INFO ] file-system-watcher: Indexed file:///home/sameer/test-terraform/vcc-cn-test-tf-host/ezsatsa/projects/vcc-cn/apcera/components/apcera/terraform/aws-cn/apcera-aws-splunk.tf
2019-01-07 18:09:22:937 [INFO ] file-system-watcher: Indexed file:///home/sameer/test-terraform/vcc-cn-test-tf-host/ezsatsa/projects/vcc-cn/apcera/components/apcera/terraform/aws-cn/apcera-aws.tf
2019-01-07 18:09:22:963 [INFO ] file-system-watcher: Indexed file:///home/sameer/test-terraform/vcc-cn-test-tf-host/ezsatsa/projects/vcc-cn/apcera/components/apcera/terraform/aws-cn/security-group_override.tf
2019-01-07 18:09:22:998 [INFO ] file-system-watcher: Indexed file:///home/sameer/test-terraform/vcc-cn-test-tf-host/ezsatsa/projects/vcc-cn/apcera/components/apcera/terraform/aws-cn/apcera-aws-vpc_override.tf
2019-01-07 18:09:23:121 [INFO ] file-system-watcher: Indexed file:///home/sameer/test-terraform/vcc-cn-test-tf-host/ezsatsa/projects/vcc-cn/apcera/components/apcera/terraform/aws-cn/cluster_conf.tf
2019-01-07 18:09:23:127 [INFO ] file-system-watcher: Indexed file:///home/sameer/test-terraform/vcc-cn-test-tf-host/ezsatsa/projects/vcc-cn/apcera/components/apcera/terraform/aws-cn/public-ip_override.tf
2019-01-07 18:09:23:137 [INFO ] file-system-watcher: Indexed file:///home/sameer/test-terraform/vcc-cn-test-tf-host/ezsatsa/projects/vcc-cn/apcera/components/apcera/terraform/aws-cn/elb_override.tf
2019-01-07 18:09:23:142 [INFO ] file-system-watcher: Indexed file:///home/sameer/test-terraform/vcc-cn-test-tf-host/ezsatsa/projects/vcc-cn/apcera/components/apcera/terraform/aws-cn/apcera-aws-unused-components_override.tf
2019-01-07 18:09:23:175 [INFO ] file-system-watcher: Indexed file:///home/sameer/test-terraform/vcc-cn-test-tf-host/ezsatsa/projects/vcc-cn/apcera/components/apcera/terraform/aws-cn/tcp-routers.tf
2019-01-07 18:09:23:208 [INFO ] file-system-watcher: Indexed file:///home/sameer/test-terraform/vcc-cn-test-tf-host/ezsatsa/projects/vcc-cn/apcera/components/apcera/terraform/aws-cn/dns-records.tf
2019-01-07 18:09:23:226 [INFO ] file-system-watcher: Indexed file:///home/sameer/test-terraform/vcc-cn-test-tf-host/ezsatsa/projects/vcc-cn/apcera/components/apcera/terraform/aws-cn/gluster_override.tf
2019-01-07 18:09:23:230 [INFO ] file-system-watcher: Indexed file:///home/sameer/test-terraform/vcc-cn-test-tf-host/ezsatsa/projects/vcc-cn/apcera/components/apcera/terraform/aws/splunk_override.tf
2019-01-07 18:09:23:245 [INFO ] file-system-watcher: Indexed file:///home/sameer/test-terraform/vcc-cn-test-tf-host/ezsatsa/projects/vcc-cn/apcera/components/apcera/terraform/aws/apcera-aws-auditlog.tf
2019-01-07 18:09:23:249 [INFO ] file-system-watcher: Indexed file:///home/sameer/test-terraform/vcc-cn-test-tf-host/ezsatsa/projects/vcc-cn/apcera/components/apcera/terraform/aws/providers.tf
2019-01-07 18:09:23:253 [INFO ] file-system-watcher: Indexed file:///home/sameer/test-terraform/vcc-cn-test-tf-host/ezsatsa/projects/vcc-cn/apcera/components/apcera/terraform/aws/eip_override.tf
2019-01-07 18:09:23:270 [INFO ] file-system-watcher: Indexed file:///home/sameer/test-terraform/vcc-cn-test-tf-host/ezsatsa/projects/vcc-cn/apcera/components/apcera/terraform/aws/gluster.tf
2019-01-07 18:09:23:284 [INFO ] file-system-watcher: Indexed file:///home/sameer/test-terraform/vcc-cn-test-tf-host/ezsatsa/projects/vcc-cn/apcera/components/apcera/terraform/aws/nlb-http-blue-green.tf
2019-01-07 18:09:23:325 [INFO ] file-system-watcher: Indexed file:///home/sameer/test-terraform/vcc-cn-test-tf-host/ezsatsa/projects/vcc-cn/apcera/components/apcera/terraform/aws/routers-without-elb-blue-green.tf
2019-01-07 18:09:23:336 [INFO ] file-system-watcher: Indexed file:///home/sameer/test-terraform/vcc-cn-test-tf-host/ezsatsa/projects/vcc-cn/apcera/components/apcera/terraform/aws/apcera-aws-splunk.tf
2019-01-07 18:09:23:451 [INFO ] file-system-watcher: Indexed file:///home/sameer/test-terraform/vcc-cn-test-tf-host/ezsatsa/projects/vcc-cn/apcera/components/apcera/terraform/aws/apcera-aws.tf
2019-01-07 18:09:23:485 [INFO ] file-system-watcher: Indexed file:///home/sameer/test-terraform/vcc-cn-test-tf-host/ezsatsa/projects/vcc-cn/apcera/components/apcera/terraform/aws/security-group_override.tf
2019-01-07 18:09:23:537 [INFO ] file-system-watcher: Indexed file:///home/sameer/test-terraform/vcc-cn-test-tf-host/ezsatsa/projects/vcc-cn/apcera/components/apcera/terraform/aws/apcera-aws-vpc_override.tf
2019-01-07 18:09:23:587 [INFO ] file-system-watcher: Indexed file:///home/sameer/test-terraform/vcc-cn-test-tf-host/ezsatsa/projects/vcc-cn/apcera/components/apcera/terraform/aws/cluster_conf.tf
2019-01-07 18:09:23:598 [INFO ] file-system-watcher: Indexed file:///home/sameer/test-terraform/vcc-cn-test-tf-host/ezsatsa/projects/vcc-cn/apcera/components/apcera/terraform/aws/public-ip_override.tf
2019-01-07 18:09:23:602 [INFO ] file-system-watcher: Indexed file:///home/sameer/test-terraform/vcc-cn-test-tf-host/ezsatsa/projects/vcc-cn/apcera/components/apcera/terraform/aws/elb_override.tf
2019-01-07 18:09:23:606 [INFO ] file-system-watcher: Indexed file:///home/sameer/test-terraform/vcc-cn-test-tf-host/ezsatsa/projects/vcc-cn/apcera/components/apcera/terraform/aws/apcera-aws-unused-components_override.tf
2019-01-07 18:09:23:619 [INFO ] file-system-watcher: Indexed file:///home/sameer/test-terraform/vcc-cn-test-tf-host/ezsatsa/projects/vcc-cn/apcera/components/apcera/terraform/aws/tcp-routers.tf
2019-01-07 18:09:23:626 [INFO ] file-system-watcher: Indexed file:///home/sameer/test-terraform/vcc-cn-test-tf-host/ezsatsa/projects/vcc-cn/apcera/components/apcera/terraform/aws/dns-records.tf
2019-01-07 18:09:23:676 [INFO ] file-system-watcher: Indexed file:///home/sameer/test-terraform/vcc-cn-test-tf-host/ezsatsa/projects/vcc-cn/apcera/components/apcera/terraform/aws/gluster_override.tf
2019-01-07 18:09:23:695 [INFO ] file-system-watcher: Indexed file:///home/sameer/test-terraform/vcc-cn-test-tf-host/ezsatsa/projects/vcc-cn/apcera/terraform/common/providers.tf
2019-01-07 18:09:23:710 [INFO ] file-system-watcher: Indexed file:///home/sameer/test-terraform/vcc-cn-test-tf-host/ezsatsa/projects/vcc-cn/apcera/terraform/common/access_vpc.tf
2019-01-07 18:09:23:714 [INFO ] file-system-watcher: Indexed file:///home/sameer/test-terraform/vcc-cn-test-tf-host/ezsatsa/projects/vcc-cn/apcera/terraform/common/output.tf
2019-01-07 18:09:23:755 [INFO ] file-system-watcher: Indexed file:///home/sameer/test-terraform/vcc-cn-test-tf-host/ezsatsa/projects/vcc-cn/apcera/terraform/common/tcp_route.tf
2019-01-07 18:09:23:780 [INFO ] file-system-watcher: Indexed file:///home/sameer/test-terraform/vcc-cn-test-tf-host/ezsatsa/projects/vcc-cn/apcera/terraform/common/main.tf
2019-01-07 18:09:23:798 [INFO ] file-system-watcher: Indexed file:///home/sameer/test-terraform/vcc-cn-test-tf-host/ezsatsa/projects/vcc-cn/apcera/terraform/common/variables.tf
2019-01-07 18:09:23:802 [INFO ] file-system-watcher: Indexed file:///home/sameer/test-terraform/vcc-cn-test-tf-host/ezsatsa/projects/vcc-cn/apcera/terraform/test/secrets.tfvars
2019-01-07 18:09:23:805 [INFO ] file-system-watcher: Indexed file:///home/sameer/test-terraform/vcc-cn-test-tf-host/ezsatsa/projects/vcc-cn/apcera/terraform/test/backend.tf
2019-01-07 18:09:23:809 [INFO ] file-system-watcher: Indexed file:///home/sameer/test-terraform/vcc-cn-test-tf-host/ezsatsa/projects/vcc-cn/apcera/terraform/test/provider.tf
2019-01-07 18:09:23:815 [INFO ] file-system-watcher: Indexed file:///home/sameer/test-terraform/vcc-cn-test-tf-host/ezsatsa/projects/vcc-cn/apcera/terraform/test/remote_states.tf
2019-01-07 18:09:23:821 [INFO ] file-system-watcher: Indexed file:///home/sameer/test-terraform/vcc-cn-test-tf-host/ezsatsa/projects/vcc-cn/apcera/terraform/test/access_vpc.tf
2019-01-07 18:09:23:824 [INFO ] file-system-watcher: Indexed file:///home/sameer/test-terraform/vcc-cn-test-tf-host/ezsatsa/projects/vcc-cn/apcera/terraform/test/output.tf
2019-01-07 18:09:23:834 [INFO ] file-system-watcher: Indexed file:///home/sameer/test-terraform/vcc-cn-test-tf-host/ezsatsa/projects/vcc-cn/apcera/terraform/test/terraform.tfvars
2019-01-07 18:09:23:852 [INFO ] file-system-watcher: Indexed file:///home/sameer/test-terraform/vcc-cn-test-tf-host/ezsatsa/projects/vcc-cn/apcera/terraform/test/main.tf
2019-01-07 18:09:23:856 [INFO ] file-system-watcher: Indexed file:///home/sameer/test-terraform/vcc-cn-test-tf-host/ezsatsa/projects/vcc-cn/apcera/terraform/test/test.auto.tfvars
2019-01-07 18:09:23:871 [INFO ] file-system-watcher: Indexed file:///home/sameer/test-terraform/vcc-cn-test-tf-host/ezsatsa/projects/vcc-cn/apcera/terraform/test/variables.tf
2019-01-07 18:09:23:875 [INFO ] file-system-watcher: Indexed file:///home/sameer/test-terraform/vcc-cn-test-tf-host/ezsatsa/projects/vcc-cn/apcera/terraform/qa/qa.auto.tfvars
2019-01-07 18:09:23:878 [INFO ] file-system-watcher: Indexed file:///home/sameer/test-terraform/vcc-cn-test-tf-host/ezsatsa/projects/vcc-cn/apcera/terraform/qa/backend.tf
2019-01-07 18:09:23:886 [INFO ] file-system-watcher: Indexed file:///home/sameer/test-terraform/vcc-cn-test-tf-host/ezsatsa/projects/vcc-cn/apcera/terraform/qa/provider.tf
2019-01-07 18:09:23:890 [INFO ] file-system-watcher: Indexed file:///home/sameer/test-terraform/vcc-cn-test-tf-host/ezsatsa/projects/vcc-cn/apcera/terraform/qa/remote_states.tf
2019-01-07 18:09:23:895 [INFO ] file-system-watcher: Indexed file:///home/sameer/test-terraform/vcc-cn-test-tf-host/ezsatsa/projects/vcc-cn/apcera/terraform/qa/access_vpc.tf
2019-01-07 18:09:23:898 [INFO ] file-system-watcher: Indexed file:///home/sameer/test-terraform/vcc-cn-test-tf-host/ezsatsa/projects/vcc-cn/apcera/terraform/qa/output.tf
2019-01-07 18:09:23:907 [INFO ] file-system-watcher: Indexed file:///home/sameer/test-terraform/vcc-cn-test-tf-host/ezsatsa/projects/vcc-cn/apcera/terraform/qa/terraform.tfvars
2019-01-07 18:09:23:925 [INFO ] file-system-watcher: Indexed file:///home/sameer/test-terraform/vcc-cn-test-tf-host/ezsatsa/projects/vcc-cn/apcera/terraform/qa/main.tf
2019-01-07 18:09:23:939 [INFO ] file-system-watcher: Indexed file:///home/sameer/test-terraform/vcc-cn-test-tf-host/ezsatsa/projects/vcc-cn/apcera/terraform/qa/variables.tf
2019-01-07 18:09:23:943 [INFO ] file-system-watcher: Indexed file:///home/sameer/test-terraform/vcc-cn-test-tf-host/ezsatsa/projects/vcc-cn/traffic-generator/access/backend.tf
2019-01-07 18:09:23:947 [INFO ] file-system-watcher: Indexed file:///home/sameer/test-terraform/vcc-cn-test-tf-host/ezsatsa/projects/vcc-cn/traffic-generator/access/provider.tf
2019-01-07 18:09:23:950 [INFO ] file-system-watcher: Indexed file:///home/sameer/test-terraform/vcc-cn-test-tf-host/ezsatsa/projects/vcc-cn/traffic-generator/access/access.auto.tfvars
2019-01-07 18:09:23:953 [INFO ] file-system-watcher: Indexed file:///home/sameer/test-terraform/vcc-cn-test-tf-host/ezsatsa/projects/vcc-cn/traffic-generator/access/terraform.tfvars
2019-01-07 18:09:23:956 [INFO ] file-system-watcher: Indexed file:///home/sameer/test-terraform/vcc-cn-test-tf-host/ezsatsa/projects/vcc-cn/traffic-generator/access/variables.tf
2019-01-07 18:09:23:959 [INFO ] file-system-watcher: Indexed file:///home/sameer/test-terraform/vcc-cn-test-tf-host/ezsatsa/projects/vcc-cn/traffic-generator/access/dns-records.tf
2019-01-07 18:09:23:963 [INFO ] file-system-watcher: Indexed file:///home/sameer/test-terraform/vcc-cn-test-tf-host/ezsatsa/projects/vcc-cn/traffic-generator/common/provider.tf
2019-01-07 18:09:23:968 [INFO ] file-system-watcher: Indexed file:///home/sameer/test-terraform/vcc-cn-test-tf-host/ezsatsa/projects/vcc-cn/traffic-generator/common/variables.tf
2019-01-07 18:09:23:980 [INFO ] file-system-watcher: Indexed file:///home/sameer/test-terraform/vcc-cn-test-tf-host/ezsatsa/projects/vcc-cn/vpc/access/backend.tf
2019-01-07 18:09:23:983 [INFO ] file-system-watcher: Indexed file:///home/sameer/test-terraform/vcc-cn-test-tf-host/ezsatsa/projects/vcc-cn/vpc/access/provider.tf
2019-01-07 18:09:23:990 [INFO ] file-system-watcher: Indexed file:///home/sameer/test-terraform/vcc-cn-test-tf-host/ezsatsa/projects/vcc-cn/vpc/access/output.tf
2019-01-07 18:09:23:994 [INFO ] file-system-watcher: Indexed file:///home/sameer/test-terraform/vcc-cn-test-tf-host/ezsatsa/projects/vcc-cn/vpc/access/terraform.tfvars
2019-01-07 18:09:24:011 [INFO ] file-system-watcher: Indexed file:///home/sameer/test-terraform/vcc-cn-test-tf-host/ezsatsa/projects/vcc-cn/vpc/access/main.tf
2019-01-07 18:09:24:015 [INFO ] file-system-watcher: Indexed file:///home/sameer/test-terraform/vcc-cn-test-tf-host/ezsatsa/projects/vcc-cn/vpc/access/variables.tf
2019-01-07 18:09:24:019 [INFO ] file-system-watcher: Indexed file:///home/sameer/test-terraform/vcc-cn-test-tf-host/ezsatsa/projects/vcc-cn/vpc/qa/qa.auto.tfvars
2019-01-07 18:09:24:029 [INFO ] file-system-watcher: Indexed file:///home/sameer/test-terraform/vcc-cn-test-tf-host/ezsatsa/projects/vcc-cn/vpc/qa/backend.tf
2019-01-07 18:09:24:032 [INFO ] file-system-watcher: Indexed file:///home/sameer/test-terraform/vcc-cn-test-tf-host/ezsatsa/projects/vcc-cn/vpc/qa/provider.tf
2019-01-07 18:09:24:036 [INFO ] file-system-watcher: Indexed file:///home/sameer/test-terraform/vcc-cn-test-tf-host/ezsatsa/projects/vcc-cn/vpc/qa/output.tf
2019-01-07 18:09:24:039 [INFO ] file-system-watcher: Indexed file:///home/sameer/test-terraform/vcc-cn-test-tf-host/ezsatsa/projects/vcc-cn/vpc/qa/terraform.tfvars
2019-01-07 18:09:24:049 [INFO ] file-system-watcher: Indexed file:///home/sameer/test-terraform/vcc-cn-test-tf-host/ezsatsa/projects/vcc-cn/vpc/qa/main.tf
2019-01-07 18:09:24:054 [INFO ] file-system-watcher: Indexed file:///home/sameer/test-terraform/vcc-cn-test-tf-host/ezsatsa/projects/vcc-cn/vpc/qa/variables.tf
2019-01-07 18:09:24:058 [INFO ] file-system-watcher: Indexed file:///home/sameer/test-terraform/vcc-cn-test-tf-host/ezsatsa/projects/vcc-cn/vpc/prod/backend.tf
2019-01-07 18:09:24:061 [INFO ] file-system-watcher: Indexed file:///home/sameer/test-terraform/vcc-cn-test-tf-host/ezsatsa/projects/vcc-cn/vpc/prod/provider.tf
2019-01-07 18:09:24:064 [INFO ] file-system-watcher: Indexed file:///home/sameer/test-terraform/vcc-cn-test-tf-host/ezsatsa/projects/vcc-cn/vpc/prod/output.tf
2019-01-07 18:09:24:066 [INFO ] file-system-watcher: Indexed file:///home/sameer/test-terraform/vcc-cn-test-tf-host/ezsatsa/projects/vcc-cn/vpc/prod/terraform.tfvars
2019-01-07 18:09:24:069 [INFO ] file-system-watcher: Indexed file:///home/sameer/test-terraform/vcc-cn-test-tf-host/ezsatsa/projects/vcc-cn/vpc/prod/production.auto.tfvars
2019-01-07 18:09:24:075 [INFO ] file-system-watcher: Indexed file:///home/sameer/test-terraform/vcc-cn-test-tf-host/ezsatsa/projects/vcc-cn/vpc/prod/main.tf
2019-01-07 18:09:24:084 [INFO ] file-system-watcher: Indexed file:///home/sameer/test-terraform/vcc-cn-test-tf-host/ezsatsa/projects/vcc-cn/vpc/prod/variables.tf
2019-01-07 18:09:24:088 [INFO ] file-system-watcher: Indexed file:///home/sameer/test-terraform/vcc-cn-test-tf-host/ezsatsa/projects/vcc-cn/terraform-host/components/terraform-host/terraform/aws/output.tf
2019-01-07 18:09:24:099 [INFO ] file-system-watcher: Indexed file:///home/sameer/test-terraform/vcc-cn-test-tf-host/ezsatsa/projects/vcc-cn/terraform-host/components/terraform-host/terraform/aws/test/test.tf
2019-01-07 18:09:24:110 [INFO ] file-system-watcher: Indexed file:///home/sameer/test-terraform/vcc-cn-test-tf-host/ezsatsa/projects/vcc-cn/terraform-host/components/terraform-host/terraform/aws/main.tf
2019-01-07 18:09:24:126 [INFO ] file-system-watcher: Indexed file:///home/sameer/test-terraform/vcc-cn-test-tf-host/ezsatsa/projects/vcc-cn/terraform-host/components/terraform-host/terraform/aws/variables.tf
2019-01-07 18:09:24:131 [INFO ] file-system-watcher: Indexed file:///home/sameer/test-terraform/vcc-cn-test-tf-host/ezsatsa/projects/vcc-cn/terraform-host/terraform/access/backend.tf
2019-01-07 18:09:24:135 [INFO ] file-system-watcher: Indexed file:///home/sameer/test-terraform/vcc-cn-test-tf-host/ezsatsa/projects/vcc-cn/terraform-host/terraform/access/provider.tf
2019-01-07 18:09:24:139 [INFO ] file-system-watcher: Indexed file:///home/sameer/test-terraform/vcc-cn-test-tf-host/ezsatsa/projects/vcc-cn/terraform-host/terraform/access/prod.tf
2019-01-07 18:09:24:142 [INFO ] file-system-watcher: Indexed file:///home/sameer/test-terraform/vcc-cn-test-tf-host/ezsatsa/projects/vcc-cn/terraform-host/terraform/access/output.tf
2019-01-07 18:09:24:145 [INFO ] file-system-watcher: Indexed file:///home/sameer/test-terraform/vcc-cn-test-tf-host/ezsatsa/projects/vcc-cn/terraform-host/terraform/access/terraform.tfvars
2019-01-07 18:09:24:149 [INFO ] file-system-watcher: Indexed file:///home/sameer/test-terraform/vcc-cn-test-tf-host/ezsatsa/projects/vcc-cn/terraform-host/terraform/access/production.auto.tfvars
2019-01-07 18:09:24:165 [INFO ] file-system-watcher: Indexed file:///home/sameer/test-terraform/vcc-cn-test-tf-host/ezsatsa/projects/vcc-cn/terraform-host/terraform/access/main.tf
2019-01-07 18:09:24:175 [INFO ] file-system-watcher: Indexed file:///home/sameer/test-terraform/vcc-cn-test-tf-host/ezsatsa/projects/vcc-cn/terraform-host/terraform/access/variables.tf
2019-01-07 18:09:24:178 [INFO ] file-system-watcher: Indexed file:///home/sameer/test-terraform/vcc-cn-test-tf-host/ezsatsa/projects/vcc-cn/terraform-host/terraform/common/provider.tf
2019-01-07 18:09:24:181 [INFO ] file-system-watcher: Indexed file:///home/sameer/test-terraform/vcc-cn-test-tf-host/ezsatsa/projects/vcc-cn/terraform-host/terraform/common/output.tf
2019-01-07 18:09:24:217 [INFO ] file-system-watcher: Indexed file:///home/sameer/test-terraform/vcc-cn-test-tf-host/ezsatsa/projects/vcc-cn/terraform-host/terraform/common/main.tf
2019-01-07 18:09:24:227 [INFO ] file-system-watcher: Indexed file:///home/sameer/test-terraform/vcc-cn-test-tf-host/ezsatsa/projects/vcc-cn/terraform-host/terraform/common/variables.tf
2019-01-07 18:09:24:242 [INFO ] file-system-watcher: Indexed file:///home/sameer/test-terraform/vcc-cn-test-tf-host/ezsatsa/projects/vcc-cn/terraform-host/terraform/test/backend.tf
2019-01-07 18:09:24:245 [INFO ] file-system-watcher: Indexed file:///home/sameer/test-terraform/vcc-cn-test-tf-host/ezsatsa/projects/vcc-cn/terraform-host/terraform/test/provider.tf
2019-01-07 18:09:24:250 [INFO ] file-system-watcher: Indexed file:///home/sameer/test-terraform/vcc-cn-test-tf-host/ezsatsa/projects/vcc-cn/terraform-host/terraform/test/output.tf
2019-01-07 18:09:24:254 [INFO ] file-system-watcher: Indexed file:///home/sameer/test-terraform/vcc-cn-test-tf-host/ezsatsa/projects/vcc-cn/terraform-host/terraform/test/terraform.tfvars
2019-01-07 18:09:24:266 [INFO ] file-system-watcher: Indexed file:///home/sameer/test-terraform/vcc-cn-test-tf-host/ezsatsa/projects/vcc-cn/terraform-host/terraform/test/main.tf
2019-01-07 18:09:24:270 [INFO ] file-system-watcher: Indexed file:///home/sameer/test-terraform/vcc-cn-test-tf-host/ezsatsa/projects/vcc-cn/terraform-host/terraform/test/test.auto.tfvars
2019-01-07 18:09:24:276 [INFO ] file-system-watcher: Indexed file:///home/sameer/test-terraform/vcc-cn-test-tf-host/ezsatsa/projects/vcc-cn/terraform-host/terraform/test/variables.tf
2019-01-07 18:09:24:284 [INFO ] file-system-watcher: Indexed file:///home/sameer/test-terraform/vcc-cn-test-tf-host/ezsatsa/projects/vcc-cn/terraform-host/terraform/qa/qa.auto.tfvars
2019-01-07 18:09:24:288 [INFO ] file-system-watcher: Indexed file:///home/sameer/test-terraform/vcc-cn-test-tf-host/ezsatsa/projects/vcc-cn/terraform-host/terraform/qa/backend.tf
2019-01-07 18:09:24:298 [INFO ] file-system-watcher: Indexed file:///home/sameer/test-terraform/vcc-cn-test-tf-host/ezsatsa/projects/vcc-cn/terraform-host/terraform/qa/provider.tf
2019-01-07 18:09:24:310 [INFO ] file-system-watcher: Indexed file:///home/sameer/test-terraform/vcc-cn-test-tf-host/ezsatsa/projects/vcc-cn/terraform-host/terraform/qa/output.tf
2019-01-07 18:09:24:320 [INFO ] file-system-watcher: Indexed file:///home/sameer/test-terraform/vcc-cn-test-tf-host/ezsatsa/projects/vcc-cn/terraform-host/terraform/qa/terraform.tfvars
2019-01-07 18:09:24:331 [INFO ] file-system-watcher: Indexed file:///home/sameer/test-terraform/vcc-cn-test-tf-host/ezsatsa/projects/vcc-cn/terraform-host/terraform/qa/main.tf
2019-01-07 18:09:24:336 [INFO ] file-system-watcher: Indexed file:///home/sameer/test-terraform/vcc-cn-test-tf-host/ezsatsa/projects/vcc-cn/terraform-host/terraform/qa/variables.tf
2019-01-07 18:09:24:341 [INFO ] file-system-watcher: Indexed file:///home/sameer/test-terraform/vcc-cn-test-tf-host/ezsatsa/projects/vcc-cn/terraform-host/terraform/prod/backend.tf
2019-01-07 18:09:24:344 [INFO ] file-system-watcher: Indexed file:///home/sameer/test-terraform/vcc-cn-test-tf-host/ezsatsa/projects/vcc-cn/terraform-host/terraform/prod/provider.tf
2019-01-07 18:09:24:348 [INFO ] file-system-watcher: Indexed file:///home/sameer/test-terraform/vcc-cn-test-tf-host/ezsatsa/projects/vcc-cn/terraform-host/terraform/prod/output.tf
2019-01-07 18:09:24:352 [INFO ] file-system-watcher: Indexed file:///home/sameer/test-terraform/vcc-cn-test-tf-host/ezsatsa/projects/vcc-cn/terraform-host/terraform/prod/terraform.tfvars
2019-01-07 18:09:24:357 [INFO ] file-system-watcher: Indexed file:///home/sameer/test-terraform/vcc-cn-test-tf-host/ezsatsa/projects/vcc-cn/terraform-host/terraform/prod/production.auto.tfvars
2019-01-07 18:09:24:365 [INFO ] file-system-watcher: Indexed file:///home/sameer/test-terraform/vcc-cn-test-tf-host/ezsatsa/projects/vcc-cn/terraform-host/terraform/prod/main.tf
2019-01-07 18:09:24:372 [INFO ] file-system-watcher: Indexed file:///home/sameer/test-terraform/vcc-cn-test-tf-host/ezsatsa/projects/vcc-cn/terraform-host/terraform/prod/variables.tf
2019-01-07 18:09:24:377 [INFO ] file-system-watcher: Indexed file:///home/sameer/test-terraform/vcc-cn-test-tf-host/ezsatsa/projects/vcc-cn/utils/iam-user/backend.tf
2019-01-07 18:09:24:384 [INFO ] file-system-watcher: Indexed file:///home/sameer/test-terraform/vcc-cn-test-tf-host/ezsatsa/projects/vcc-cn/utils/iam-user/provider.tf
2019-01-07 18:09:24:388 [INFO ] file-system-watcher: Indexed file:///home/sameer/test-terraform/vcc-cn-test-tf-host/ezsatsa/projects/vcc-cn/utils/iam-user/vcc-user.tf
2019-01-07 18:09:24:391 [INFO ] file-system-watcher: Indexed file:///home/sameer/test-terraform/vcc-cn-test-tf-host/ezsatsa/projects/vcc-cn/utils/iam-user/output.tf
2019-01-07 18:09:24:398 [INFO ] file-system-watcher: Indexed file:///home/sameer/test-terraform/vcc-cn-test-tf-host/ezsatsa/projects/vcc-cn/utils/iam-user/vcc-output.tf
2019-01-07 18:09:24:403 [INFO ] file-system-watcher: Indexed file:///home/sameer/test-terraform/vcc-cn-test-tf-host/ezsatsa/projects/vcc-cn/utils/iam-user/main.tf
2019-01-07 18:09:24:407 [INFO ] file-system-watcher: Indexed file:///home/sameer/test-terraform/vcc-cn-test-tf-host/ezsatsa/projects/vcc-cn/utils/create-ecr/backend.tf
2019-01-07 18:09:24:410 [INFO ] file-system-watcher: Indexed file:///home/sameer/test-terraform/vcc-cn-test-tf-host/ezsatsa/projects/vcc-cn/utils/create-ecr/provider.tf
2019-01-07 18:09:24:418 [INFO ] file-system-watcher: Indexed file:///home/sameer/test-terraform/vcc-cn-test-tf-host/ezsatsa/projects/vcc-cn/utils/create-ecr/output.tf
2019-01-07 18:09:24:425 [INFO ] file-system-watcher: Indexed file:///home/sameer/test-terraform/vcc-cn-test-tf-host/ezsatsa/projects/vcc-cn/utils/create-ecr/vcc-output.tf
2019-01-07 18:09:24:431 [INFO ] file-system-watcher: Indexed file:///home/sameer/test-terraform/vcc-cn-test-tf-host/ezsatsa/projects/vcc-cn/utils/create-ecr/vcc-ecr.tf
2019-01-07 18:09:24:435 [INFO ] file-system-watcher: Indexed file:///home/sameer/test-terraform/vcc-cn-test-tf-host/ezsatsa/projects/vcc-cn/utils/create-ecr/main.tf
2019-01-07 18:09:24:438 [INFO ] file-system-watcher: Indexed file:///home/sameer/test-terraform/vcc-cn-test-tf-host/ezsatsa/projects/vcc-cn/utils/iam-group/vcc-group.tf
2019-01-07 18:09:24:442 [INFO ] file-system-watcher: Indexed file:///home/sameer/test-terraform/vcc-cn-test-tf-host/ezsatsa/projects/vcc-cn/utils/iam-group/backend.tf
2019-01-07 18:09:24:445 [INFO ] file-system-watcher: Indexed file:///home/sameer/test-terraform/vcc-cn-test-tf-host/ezsatsa/projects/vcc-cn/utils/iam-group/provider.tf
2019-01-07 18:09:24:450 [INFO ] file-system-watcher: Indexed file:///home/sameer/test-terraform/vcc-cn-test-tf-host/ezsatsa/projects/vcc-cn/utils/iam-group/output.tf
2019-01-07 18:09:24:455 [INFO ] file-system-watcher: Indexed file:///home/sameer/test-terraform/vcc-cn-test-tf-host/ezsatsa/projects/vcc-cn/utils/iam-group/vcc-output.tf
2019-01-07 18:09:24:458 [INFO ] file-system-watcher: Indexed file:///home/sameer/test-terraform/vcc-cn-test-tf-host/ezsatsa/projects/vcc-cn/utils/iam-group/main.tf
2019-01-07 18:09:24:462 [INFO ] file-system-watcher: Indexed file:///home/sameer/test-terraform/vcc-cn-test-tf-host/ezsatsa/projects/vcc-cn/utils/ami-transfer/provider.tf
2019-01-07 18:09:24:466 [INFO ] file-system-watcher: Indexed file:///home/sameer/test-terraform/vcc-cn-test-tf-host/ezsatsa/projects/vcc-cn/utils/ami-transfer/output.tf
2019-01-07 18:09:24:469 [INFO ] file-system-watcher: Indexed file:///home/sameer/test-terraform/vcc-cn-test-tf-host/ezsatsa/projects/vcc-cn/utils/ami-transfer/main.tf
2019-01-07 18:09:24:472 [INFO ] file-system-watcher: Indexed file:///home/sameer/test-terraform/vcc-cn-test-tf-host/ezsatsa/projects/vcc-cn/utils/ami-transfer/variables.tf
2019-01-07 18:09:24:478 [INFO ] file-system-watcher: Indexed file:///home/sameer/test-terraform/vcc-cn-test-tf-host/ezsatsa/projects/vcc-cn/ldap/components/access/389ds/terraform/aws/replace_certificate.tf
2019-01-07 18:09:24:505 [INFO ] file-system-watcher: Indexed file:///home/sameer/test-terraform/vcc-cn-test-tf-host/ezsatsa/projects/vcc-cn/ldap/components/access/389ds/terraform/aws/replication.tf
2019-01-07 18:09:24:510 [INFO ] file-system-watcher: Indexed file:///home/sameer/test-terraform/vcc-cn-test-tf-host/ezsatsa/projects/vcc-cn/ldap/components/access/389ds/terraform/aws/output.tf
2019-01-07 18:09:24:515 [INFO ] file-system-watcher: Indexed file:///home/sameer/test-terraform/vcc-cn-test-tf-host/ezsatsa/projects/vcc-cn/ldap/components/access/389ds/terraform/aws/test/test.tf
2019-01-07 18:09:24:522 [INFO ] file-system-watcher: Indexed file:///home/sameer/test-terraform/vcc-cn-test-tf-host/ezsatsa/projects/vcc-cn/ldap/components/access/389ds/terraform/aws/iam_role.tf
2019-01-07 18:09:24:547 [INFO ] file-system-watcher: Indexed file:///home/sameer/test-terraform/vcc-cn-test-tf-host/ezsatsa/projects/vcc-cn/ldap/components/access/389ds/terraform/aws/main.tf
2019-01-07 18:09:24:563 [INFO ] file-system-watcher: Indexed file:///home/sameer/test-terraform/vcc-cn-test-tf-host/ezsatsa/projects/vcc-cn/ldap/components/access/389ds/terraform/aws/variables.tf
2019-01-07 18:09:24:569 [INFO ] file-system-watcher: Indexed file:///home/sameer/test-terraform/vcc-cn-test-tf-host/ezsatsa/projects/vcc-cn/ldap/components/test/389ds/terraform/aws/replace_certificate.tf
2019-01-07 18:09:24:583 [INFO ] file-system-watcher: Indexed file:///home/sameer/test-terraform/vcc-cn-test-tf-host/ezsatsa/projects/vcc-cn/ldap/components/test/389ds/terraform/aws/replication.tf
2019-01-07 18:09:24:590 [INFO ] file-system-watcher: Indexed file:///home/sameer/test-terraform/vcc-cn-test-tf-host/ezsatsa/projects/vcc-cn/ldap/components/test/389ds/terraform/aws/output.tf
2019-01-07 18:09:24:596 [INFO ] file-system-watcher: Indexed file:///home/sameer/test-terraform/vcc-cn-test-tf-host/ezsatsa/projects/vcc-cn/ldap/components/test/389ds/terraform/aws/test/test.tf
2019-01-07 18:09:24:603 [INFO ] file-system-watcher: Indexed file:///home/sameer/test-terraform/vcc-cn-test-tf-host/ezsatsa/projects/vcc-cn/ldap/components/test/389ds/terraform/aws/iam_role.tf
2019-01-07 18:09:24:646 [INFO ] file-system-watcher: Indexed file:///home/sameer/test-terraform/vcc-cn-test-tf-host/ezsatsa/projects/vcc-cn/ldap/components/test/389ds/terraform/aws/main.tf
2019-01-07 18:09:24:685 [INFO ] file-system-watcher: Indexed file:///home/sameer/test-terraform/vcc-cn-test-tf-host/ezsatsa/projects/vcc-cn/ldap/components/test/389ds/terraform/aws/variables.tf
2019-01-07 18:09:24:689 [INFO ] file-system-watcher: Indexed file:///home/sameer/test-terraform/vcc-cn-test-tf-host/ezsatsa/projects/vcc-cn/ldap/terraform/access/backend.tf
2019-01-07 18:09:24:699 [INFO ] file-system-watcher: Indexed file:///home/sameer/test-terraform/vcc-cn-test-tf-host/ezsatsa/projects/vcc-cn/ldap/terraform/access/provider.tf
2019-01-07 18:09:24:709 [INFO ] file-system-watcher: Indexed file:///home/sameer/test-terraform/vcc-cn-test-tf-host/ezsatsa/projects/vcc-cn/ldap/terraform/access/remote_states.tf
2019-01-07 18:09:24:721 [INFO ] file-system-watcher: Indexed file:///home/sameer/test-terraform/vcc-cn-test-tf-host/ezsatsa/projects/vcc-cn/ldap/terraform/access/access.tf
2019-01-07 18:09:24:725 [INFO ] file-system-watcher: Indexed file:///home/sameer/test-terraform/vcc-cn-test-tf-host/ezsatsa/projects/vcc-cn/ldap/terraform/access/output.tf
2019-01-07 18:09:24:730 [INFO ] file-system-watcher: Indexed file:///home/sameer/test-terraform/vcc-cn-test-tf-host/ezsatsa/projects/vcc-cn/ldap/terraform/access/terraform.tfvars
2019-01-07 18:09:24:734 [INFO ] file-system-watcher: Indexed file:///home/sameer/test-terraform/vcc-cn-test-tf-host/ezsatsa/projects/vcc-cn/ldap/terraform/access/variables_access.tf
2019-01-07 18:09:24:753 [INFO ] file-system-watcher: Indexed file:///home/sameer/test-terraform/vcc-cn-test-tf-host/ezsatsa/projects/vcc-cn/ldap/terraform/access/maint.tf
2019-01-07 18:09:24:758 [INFO ] file-system-watcher: Indexed file:///home/sameer/test-terraform/vcc-cn-test-tf-host/ezsatsa/projects/vcc-cn/ldap/terraform/access/access-global.auto.tfvars
2019-01-07 18:09:24:764 [INFO ] file-system-watcher: Indexed file:///home/sameer/test-terraform/vcc-cn-test-tf-host/ezsatsa/projects/vcc-cn/ldap/terraform/access/variables.tf
2019-01-07 18:09:24:770 [INFO ] file-system-watcher: Indexed file:///home/sameer/test-terraform/vcc-cn-test-tf-host/ezsatsa/projects/vcc-cn/ldap/terraform/access/dns_provider.tf
2019-01-07 18:09:24:774 [INFO ] file-system-watcher: Indexed file:///home/sameer/test-terraform/vcc-cn-test-tf-host/ezsatsa/projects/vcc-cn/ldap/terraform/backend.tf
2019-01-07 18:09:24:779 [INFO ] file-system-watcher: Indexed file:///home/sameer/test-terraform/vcc-cn-test-tf-host/ezsatsa/projects/vcc-cn/ldap/terraform/common/provider.tf
2019-01-07 18:09:24:782 [INFO ] file-system-watcher: Indexed file:///home/sameer/test-terraform/vcc-cn-test-tf-host/ezsatsa/projects/vcc-cn/ldap/terraform/common/output.tf
2019-01-07 18:09:24:795 [INFO ] file-system-watcher: Indexed file:///home/sameer/test-terraform/vcc-cn-test-tf-host/ezsatsa/projects/vcc-cn/ldap/terraform/common/main.tf
2019-01-07 18:09:24:801 [INFO ] file-system-watcher: Indexed file:///home/sameer/test-terraform/vcc-cn-test-tf-host/ezsatsa/projects/vcc-cn/ldap/terraform/common/variables.tf
2019-01-07 18:09:24:806 [INFO ] file-system-watcher: Indexed file:///home/sameer/test-terraform/vcc-cn-test-tf-host/ezsatsa/projects/vcc-cn/ldap/terraform/test/backend.tf
2019-01-07 18:09:24:811 [INFO ] file-system-watcher: Indexed file:///home/sameer/test-terraform/vcc-cn-test-tf-host/ezsatsa/projects/vcc-cn/ldap/terraform/test/provider.tf
2019-01-07 18:09:24:819 [INFO ] file-system-watcher: Indexed file:///home/sameer/test-terraform/vcc-cn-test-tf-host/ezsatsa/projects/vcc-cn/ldap/terraform/test/test.tf
2019-01-07 18:09:24:824 [INFO ] file-system-watcher: Indexed file:///home/sameer/test-terraform/vcc-cn-test-tf-host/ezsatsa/projects/vcc-cn/ldap/terraform/test/output.tf
2019-01-07 18:09:24:829 [INFO ] file-system-watcher: Indexed file:///home/sameer/test-terraform/vcc-cn-test-tf-host/ezsatsa/projects/vcc-cn/ldap/terraform/test/terraform.tfvars
2019-01-07 18:09:24:838 [INFO ] file-system-watcher: Indexed file:///home/sameer/test-terraform/vcc-cn-test-tf-host/ezsatsa/projects/vcc-cn/ldap/terraform/test/main.tf
2019-01-07 18:09:24:843 [INFO ] file-system-watcher: Indexed file:///home/sameer/test-terraform/vcc-cn-test-tf-host/ezsatsa/projects/vcc-cn/ldap/terraform/test/test-global.auto.tfvars
2019-01-07 18:09:24:851 [INFO ] file-system-watcher: Indexed file:///home/sameer/test-terraform/vcc-cn-test-tf-host/ezsatsa/projects/vcc-cn/ldap/terraform/test/variables.tf
2019-01-07 18:09:24:855 [INFO ] file-system-watcher: Indexed file:///home/sameer/test-terraform/vcc-cn-test-tf-host/ezsatsa/projects/vcc-cn/global/production.tfvars
2019-01-07 18:09:24:863 [INFO ] file-system-watcher: Indexed file:///home/sameer/test-terraform/vcc-cn-test-tf-host/ezsatsa/projects/vcc-cn/global/provider.tf
2019-01-07 18:09:24:869 [INFO ] file-system-watcher: Indexed file:///home/sameer/test-terraform/vcc-cn-test-tf-host/ezsatsa/projects/vcc-cn/global/access.tfvars
2019-01-07 18:09:24:873 [INFO ] file-system-watcher: Indexed file:///home/sameer/test-terraform/vcc-cn-test-tf-host/ezsatsa/projects/vcc-cn/global/qa.tfvars
2019-01-07 18:09:24:877 [INFO ] file-system-watcher: Indexed file:///home/sameer/test-terraform/vcc-cn-test-tf-host/ezsatsa/projects/vcc-cn/global/test.tfvars
2019-01-07 18:09:24:880 [INFO ] file-system-watcher: Indexed file:///home/sameer/test-terraform/vcc-cn-test-tf-host/ezsatsa/projects/vcc-cn/splunk/terraform/common/provider.tf
2019-01-07 18:09:24:883 [INFO ] file-system-watcher: Indexed file:///home/sameer/test-terraform/vcc-cn-test-tf-host/ezsatsa/projects/vcc-cn/splunk/terraform/common/output.tf
2019-01-07 18:09:24:886 [INFO ] file-system-watcher: Indexed file:///home/sameer/test-terraform/vcc-cn-test-tf-host/ezsatsa/projects/vcc-cn/splunk/terraform/common/main.tf
2019-01-07 18:09:24:890 [INFO ] file-system-watcher: Indexed file:///home/sameer/test-terraform/vcc-cn-test-tf-host/ezsatsa/projects/vcc-cn/splunk/terraform/common/variables.tf
2019-01-07 18:09:24:893 [INFO ] file-system-watcher: Indexed file:///home/sameer/test-terraform/vcc-cn-test-tf-host/ezsatsa/projects/vcc-cn/splunk/terraform/qa/backend.tf
2019-01-07 18:09:24:901 [INFO ] file-system-watcher: Index not generated for: file:///home/sameer/test-terraform/vcc-cn-test-tf-host/ezsatsa/projects/vcc-cn/splunk/terraform/qa/provider.tf
2019-01-07 18:09:24:907 [INFO ] file-system-watcher: Indexed file:///home/sameer/test-terraform/vcc-cn-test-tf-host/ezsatsa/projects/vcc-cn/splunk/terraform/qa/remote_states.tf
2019-01-07 18:09:24:918 [INFO ] file-system-watcher: Index not generated for: file:///home/sameer/test-terraform/vcc-cn-test-tf-host/ezsatsa/projects/vcc-cn/splunk/terraform/qa/output.tf
2019-01-07 18:09:24:921 [INFO ] file-system-watcher: Indexed file:///home/sameer/test-terraform/vcc-cn-test-tf-host/ezsatsa/projects/vcc-cn/splunk/terraform/qa/terraform.tfvars
2019-01-07 18:09:24:953 [INFO ] file-system-watcher: Index not generated for: file:///home/sameer/test-terraform/vcc-cn-test-tf-host/ezsatsa/projects/vcc-cn/splunk/terraform/qa/main.tf
2019-01-07 18:09:24:959 [INFO ] file-system-watcher: Index not generated for: file:///home/sameer/test-terraform/vcc-cn-test-tf-host/ezsatsa/projects/vcc-cn/splunk/terraform/qa/variables.tf
2019-01-07 18:09:24:970 [INFO ] file-system-watcher: Indexed file:///home/sameer/test-terraform/vcc-cn-test-tf-host/ezsatsa/projects/vcc-cn/splunk/terraform/prod/backend.tf
2019-01-07 18:09:24:977 [INFO ] file-system-watcher: Index not generated for: file:///home/sameer/test-terraform/vcc-cn-test-tf-host/ezsatsa/projects/vcc-cn/splunk/terraform/prod/provider.tf
2019-01-07 18:09:24:987 [INFO ] file-system-watcher: Indexed file:///home/sameer/test-terraform/vcc-cn-test-tf-host/ezsatsa/projects/vcc-cn/splunk/terraform/prod/remote_states.tf
2019-01-07 18:09:24:999 [INFO ] file-system-watcher: Indexed file:///home/sameer/test-terraform/vcc-cn-test-tf-host/ezsatsa/projects/vcc-cn/splunk/terraform/prod/test.tf
2019-01-07 18:09:25:019 [INFO ] file-system-watcher: Index not generated for: file:///home/sameer/test-terraform/vcc-cn-test-tf-host/ezsatsa/projects/vcc-cn/splunk/terraform/prod/output.tf
2019-01-07 18:09:25:036 [INFO ] file-system-watcher: Indexed file:///home/sameer/test-terraform/vcc-cn-test-tf-host/ezsatsa/projects/vcc-cn/splunk/terraform/prod/terraform.tfvars
2019-01-07 18:09:25:074 [INFO ] file-system-watcher: Index not generated for: file:///home/sameer/test-terraform/vcc-cn-test-tf-host/ezsatsa/projects/vcc-cn/splunk/terraform/prod/main.tf
2019-01-07 18:09:25:104 [INFO ] file-system-watcher: Index not generated for: file:///home/sameer/test-terraform/vcc-cn-test-tf-host/ezsatsa/projects/vcc-cn/splunk/terraform/prod/variables.tf
2019-01-07 18:09:25:197 [INFO ] file-system-watcher: Indexed file:///home/sameer/test-terraform/vcc-cn-test-tf-host/ezsatsa/projects/vcc-cn/sso/components/access/postgres/aws/output.tf
2019-01-07 18:09:25:322 [INFO ] file-system-watcher: Indexed file:///home/sameer/test-terraform/vcc-cn-test-tf-host/ezsatsa/projects/vcc-cn/sso/components/access/postgres/aws/test/test.tf
2019-01-07 18:09:25:378 [INFO ] file-system-watcher: Indexed file:///home/sameer/test-terraform/vcc-cn-test-tf-host/ezsatsa/projects/vcc-cn/sso/components/access/postgres/aws/main.tf
2019-01-07 18:09:25:402 [INFO ] file-system-watcher: Indexed file:///home/sameer/test-terraform/vcc-cn-test-tf-host/ezsatsa/projects/vcc-cn/sso/components/access/postgres/aws/variables.tf
2019-01-07 18:09:25:411 [INFO ] file-system-watcher: Indexed file:///home/sameer/test-terraform/vcc-cn-test-tf-host/ezsatsa/projects/vcc-cn/sso/components/access/postgres/azure/output.tf
2019-01-07 18:09:25:417 [INFO ] file-system-watcher: Indexed file:///home/sameer/test-terraform/vcc-cn-test-tf-host/ezsatsa/projects/vcc-cn/sso/components/access/postgres/azure/test/test.tf
2019-01-07 18:09:25:448 [INFO ] file-system-watcher: Indexed file:///home/sameer/test-terraform/vcc-cn-test-tf-host/ezsatsa/projects/vcc-cn/sso/components/access/postgres/azure/main.tf
2019-01-07 18:09:25:479 [INFO ] file-system-watcher: Indexed file:///home/sameer/test-terraform/vcc-cn-test-tf-host/ezsatsa/projects/vcc-cn/sso/components/access/postgres/azure/variables.tf
2019-01-07 18:09:25:492 [INFO ] file-system-watcher: Indexed file:///home/sameer/test-terraform/vcc-cn-test-tf-host/ezsatsa/projects/vcc-cn/sso/components/access/keycloak/terraform/aws/output.tf
2019-01-07 18:09:25:511 [INFO ] file-system-watcher: Indexed file:///home/sameer/test-terraform/vcc-cn-test-tf-host/ezsatsa/projects/vcc-cn/sso/components/access/keycloak/terraform/aws/test/test.tf
2019-01-07 18:09:25:595 [INFO ] file-system-watcher: Indexed file:///home/sameer/test-terraform/vcc-cn-test-tf-host/ezsatsa/projects/vcc-cn/sso/components/access/keycloak/terraform/aws/main.tf
2019-01-07 18:09:25:641 [INFO ] file-system-watcher: Indexed file:///home/sameer/test-terraform/vcc-cn-test-tf-host/ezsatsa/projects/vcc-cn/sso/components/access/keycloak/terraform/aws/variables.tf
2019-01-07 18:09:25:649 [INFO ] file-system-watcher: Indexed file:///home/sameer/test-terraform/vcc-cn-test-tf-host/ezsatsa/projects/vcc-cn/sso/components/access/keycloak/terraform/azure/output.tf
2019-01-07 18:09:25:663 [INFO ] file-system-watcher: Indexed file:///home/sameer/test-terraform/vcc-cn-test-tf-host/ezsatsa/projects/vcc-cn/sso/components/access/keycloak/terraform/azure/test/test.tf
2019-01-07 18:09:25:696 [INFO ] file-system-watcher: Indexed file:///home/sameer/test-terraform/vcc-cn-test-tf-host/ezsatsa/projects/vcc-cn/sso/components/access/keycloak/terraform/azure/main.tf
2019-01-07 18:09:25:717 [INFO ] file-system-watcher: Indexed file:///home/sameer/test-terraform/vcc-cn-test-tf-host/ezsatsa/projects/vcc-cn/sso/components/access/keycloak/terraform/azure/variables.tf
2019-01-07 18:09:25:722 [INFO ] file-system-watcher: Indexed file:///home/sameer/test-terraform/vcc-cn-test-tf-host/ezsatsa/projects/vcc-cn/sso/components/access/keycloak/terraform/openstack/outputs.tf
2019-01-07 18:09:25:738 [INFO ] file-system-watcher: Indexed file:///home/sameer/test-terraform/vcc-cn-test-tf-host/ezsatsa/projects/vcc-cn/sso/components/access/keycloak/terraform/openstack/test/main.tf
2019-01-07 18:09:25:768 [INFO ] file-system-watcher: Indexed file:///home/sameer/test-terraform/vcc-cn-test-tf-host/ezsatsa/projects/vcc-cn/sso/components/access/keycloak/terraform/openstack/main.tf
2019-01-07 18:09:25:775 [INFO ] file-system-watcher: Indexed file:///home/sameer/test-terraform/vcc-cn-test-tf-host/ezsatsa/projects/vcc-cn/sso/components/access/keycloak/terraform/openstack/variables.tf
2019-01-07 18:09:25:779 [INFO ] file-system-watcher: Indexed file:///home/sameer/test-terraform/vcc-cn-test-tf-host/ezsatsa/projects/vcc-cn/sso/terraform/access/backend.tf
2019-01-07 18:09:25:785 [INFO ] file-system-watcher: Indexed file:///home/sameer/test-terraform/vcc-cn-test-tf-host/ezsatsa/projects/vcc-cn/sso/terraform/access/provider.tf
2019-01-07 18:09:25:794 [INFO ] file-system-watcher: Indexed file:///home/sameer/test-terraform/vcc-cn-test-tf-host/ezsatsa/projects/vcc-cn/sso/terraform/access/remote_states.tf
2019-01-07 18:09:25:810 [INFO ] file-system-watcher: Indexed file:///home/sameer/test-terraform/vcc-cn-test-tf-host/ezsatsa/projects/vcc-cn/sso/terraform/access/access.tf
2019-01-07 18:09:25:817 [INFO ] file-system-watcher: Indexed file:///home/sameer/test-terraform/vcc-cn-test-tf-host/ezsatsa/projects/vcc-cn/sso/terraform/access/main_override.tf
2019-01-07 18:09:25:824 [INFO ] file-system-watcher: Indexed file:///home/sameer/test-terraform/vcc-cn-test-tf-host/ezsatsa/projects/vcc-cn/sso/terraform/access/output.tf
2019-01-07 18:09:25:830 [INFO ] file-system-watcher: Indexed file:///home/sameer/test-terraform/vcc-cn-test-tf-host/ezsatsa/projects/vcc-cn/sso/terraform/access/terraform.tfvars
2019-01-07 18:09:25:847 [INFO ] file-system-watcher: Indexed file:///home/sameer/test-terraform/vcc-cn-test-tf-host/ezsatsa/projects/vcc-cn/sso/terraform/access/main.tf
2019-01-07 18:09:25:858 [INFO ] file-system-watcher: Indexed file:///home/sameer/test-terraform/vcc-cn-test-tf-host/ezsatsa/projects/vcc-cn/sso/terraform/access/access-global.auto.tfvars
2019-01-07 18:09:25:872 [INFO ] file-system-watcher: Indexed file:///home/sameer/test-terraform/vcc-cn-test-tf-host/ezsatsa/projects/vcc-cn/sso/terraform/access/variables.tf
2019-01-07 18:09:25:882 [INFO ] file-system-watcher: Indexed file:///home/sameer/test-terraform/vcc-cn-test-tf-host/ezsatsa/projects/vcc-cn/sso/terraform/common/provider.tf
2019-01-07 18:09:25:893 [INFO ] file-system-watcher: Indexed file:///home/sameer/test-terraform/vcc-cn-test-tf-host/ezsatsa/projects/vcc-cn/sso/terraform/common/output.tf
2019-01-07 18:09:25:911 [INFO ] file-system-watcher: Indexed file:///home/sameer/test-terraform/vcc-cn-test-tf-host/ezsatsa/projects/vcc-cn/sso/terraform/common/main.tf
2019-01-07 18:09:25:928 [INFO ] file-system-watcher: Indexed file:///home/sameer/test-terraform/vcc-cn-test-tf-host/ezsatsa/projects/vcc-cn/sso/terraform/common/variables.tf
2019-01-07 18:09:25:932 [INFO ] file-system-watcher: Indexed file:///home/sameer/test-terraform/vcc-cn-test-tf-host/ezsatsa/projects/vcc-cn/prometheus/common/provider.tf
2019-01-07 18:09:25:937 [INFO ] file-system-watcher: Indexed file:///home/sameer/test-terraform/vcc-cn-test-tf-host/ezsatsa/projects/vcc-cn/prometheus/common/variables.tf
2019-01-07 18:09:25:943 [INFO ] file-system-watcher: Indexed file:///home/sameer/test-terraform/vcc-cn-test-tf-host/ezsatsa/projects/vcc-cn/prometheus/qa/qa.auto.tfvars
2019-01-07 18:09:25:949 [INFO ] file-system-watcher: Indexed file:///home/sameer/test-terraform/vcc-cn-test-tf-host/ezsatsa/projects/vcc-cn/prometheus/qa/backend.tf
2019-01-07 18:09:25:953 [INFO ] file-system-watcher: Indexed file:///home/sameer/test-terraform/vcc-cn-test-tf-host/ezsatsa/projects/vcc-cn/prometheus/qa/provider.tf
2019-01-07 18:09:25:965 [INFO ] file-system-watcher: Indexed file:///home/sameer/test-terraform/vcc-cn-test-tf-host/ezsatsa/projects/vcc-cn/prometheus/qa/remote_states.tf
2019-01-07 18:09:25:980 [INFO ] file-system-watcher: Indexed file:///home/sameer/test-terraform/vcc-cn-test-tf-host/ezsatsa/projects/vcc-cn/prometheus/qa/variables.tf
2019-01-07 18:09:25:998 [INFO ] file-system-watcher: Indexed file:///home/sameer/test-terraform/vcc-cn-test-tf-host/ezsatsa/projects/vcc-cn/prometheus/qa/dns-records.tf
2019-01-07 18:09:26:002 [INFO ] file-system-watcher: Indexed file:///home/sameer/test-terraform/vcc-cn-test-tf-host/ezsatsa/projects/vcc-cn/prometheus/prod/backend.tf
2019-01-07 18:09:26:008 [INFO ] file-system-watcher: Indexed file:///home/sameer/test-terraform/vcc-cn-test-tf-host/ezsatsa/projects/vcc-cn/prometheus/prod/provider.tf
2019-01-07 18:09:26:020 [INFO ] file-system-watcher: Indexed file:///home/sameer/test-terraform/vcc-cn-test-tf-host/ezsatsa/projects/vcc-cn/prometheus/prod/remote_states.tf
2019-01-07 18:09:26:030 [INFO ] file-system-watcher: Indexed file:///home/sameer/test-terraform/vcc-cn-test-tf-host/ezsatsa/projects/vcc-cn/prometheus/prod/production.auto.tfvars
2019-01-07 18:09:26:033 [INFO ] file-system-watcher: Indexed file:///home/sameer/test-terraform/vcc-cn-test-tf-host/ezsatsa/projects/vcc-cn/prometheus/prod/variables.tf
2019-01-07 18:09:26:047 [INFO ] file-system-watcher: Indexed file:///home/sameer/test-terraform/vcc-cn-test-tf-host/ezsatsa/projects/vcc-cn/prometheus/prod/dns-records.tf
2019-01-07 18:09:26:050 [INFO ] file-system-watcher: Indexed file:///home/sameer/test-terraform/vcc-cn-test-tf-host/ezsatsa/projects/vcc-cn/kafka/terraform/common/provider.tf
2019-01-07 18:09:26:053 [INFO ] file-system-watcher: Indexed file:///home/sameer/test-terraform/vcc-cn-test-tf-host/ezsatsa/projects/vcc-cn/kafka/terraform/common/variables.tf
2019-01-07 18:09:26:057 [INFO ] file-system-watcher: Indexed file:///home/sameer/test-terraform/vcc-cn-test-tf-host/ezsatsa/projects/vcc-cn/kafka/terraform/test/backend.tf
2019-01-07 18:09:26:061 [INFO ] file-system-watcher: Indexed file:///home/sameer/test-terraform/vcc-cn-test-tf-host/ezsatsa/projects/vcc-cn/kafka/terraform/test/provider.tf
2019-01-07 18:09:26:066 [INFO ] file-system-watcher: Indexed file:///home/sameer/test-terraform/vcc-cn-test-tf-host/ezsatsa/projects/vcc-cn/kafka/terraform/test/remote_states.tf
2019-01-07 18:09:26:069 [INFO ] file-system-watcher: Indexed file:///home/sameer/test-terraform/vcc-cn-test-tf-host/ezsatsa/projects/vcc-cn/kafka/terraform/test/test.auto.tfvars
2019-01-07 18:09:26:073 [INFO ] file-system-watcher: Indexed file:///home/sameer/test-terraform/vcc-cn-test-tf-host/ezsatsa/projects/vcc-cn/kafka/terraform/test/variables.tf
2019-01-07 18:09:26:098 [INFO ] file-system-watcher: Indexed file:///home/sameer/test-terraform/vcc-cn-test-tf-host/ezsatsa/projects/vcc-cn/kafka/terraform/test/dns-records.tf
2019-01-07 18:09:26:106 [INFO ] file-system-watcher: Indexed file:///home/sameer/test-terraform/vcc-cn-test-tf-host/ezsatsa/projects/vcc-cn/kafka/terraform/qa/qa.auto.tfvars
2019-01-07 18:09:26:110 [INFO ] file-system-watcher: Indexed file:///home/sameer/test-terraform/vcc-cn-test-tf-host/ezsatsa/projects/vcc-cn/kafka/terraform/qa/backend.tf
2019-01-07 18:09:26:119 [INFO ] file-system-watcher: Indexed file:///home/sameer/test-terraform/vcc-cn-test-tf-host/ezsatsa/projects/vcc-cn/kafka/terraform/qa/provider.tf
2019-01-07 18:09:26:124 [INFO ] file-system-watcher: Indexed file:///home/sameer/test-terraform/vcc-cn-test-tf-host/ezsatsa/projects/vcc-cn/kafka/terraform/qa/remote_states.tf
2019-01-07 18:09:26:130 [INFO ] file-system-watcher: Indexed file:///home/sameer/test-terraform/vcc-cn-test-tf-host/ezsatsa/projects/vcc-cn/kafka/terraform/qa/variables.tf
2019-01-07 18:09:26:151 [INFO ] file-system-watcher: Indexed file:///home/sameer/test-terraform/vcc-cn-test-tf-host/ezsatsa/projects/vcc-cn/kafka/terraform/qa/dns-records.tf
2019-01-07 18:09:26:156 [INFO ] file-system-watcher: Indexed file:///home/sameer/test-terraform/vcc-cn-test-tf-host/ezsatsa/projects/vcc-cn/kafka/terraform/prod/backend.tf
2019-01-07 18:09:26:161 [INFO ] file-system-watcher: Indexed file:///home/sameer/test-terraform/vcc-cn-test-tf-host/ezsatsa/projects/vcc-cn/kafka/terraform/prod/provider.tf
2019-01-07 18:09:26:164 [INFO ] file-system-watcher: Indexed file:///home/sameer/test-terraform/vcc-cn-test-tf-host/ezsatsa/projects/vcc-cn/kafka/terraform/prod/remote_states.tf
2019-01-07 18:09:26:168 [INFO ] file-system-watcher: Indexed file:///home/sameer/test-terraform/vcc-cn-test-tf-host/ezsatsa/projects/vcc-cn/kafka/terraform/prod/production.auto.tfvars
2019-01-07 18:09:26:173 [INFO ] file-system-watcher: Indexed file:///home/sameer/test-terraform/vcc-cn-test-tf-host/ezsatsa/projects/vcc-cn/kafka/terraform/prod/variables.tf
2019-01-07 18:09:26:182 [INFO ] file-system-watcher: Indexed file:///home/sameer/test-terraform/vcc-cn-test-tf-host/ezsatsa/projects/vcc-cn/kafka/terraform/prod/dns-records.tf
2019-01-07 18:09:26:187 [INFO ] file-system-watcher: Indexed file:///home/sameer/test-terraform/vcc-cn-test-tf-host/ezsatsa/projects/vcc-cn/internal-dns/components/bind-dns/terraform/aws/dns_slave_records.tf
2019-01-07 18:09:26:193 [INFO ] file-system-watcher: Indexed file:///home/sameer/test-terraform/vcc-cn-test-tf-host/ezsatsa/projects/vcc-cn/internal-dns/components/bind-dns/terraform/aws/output.tf
2019-01-07 18:09:26:202 [INFO ] file-system-watcher: Indexed file:///home/sameer/test-terraform/vcc-cn-test-tf-host/ezsatsa/projects/vcc-cn/internal-dns/components/bind-dns/terraform/aws/test/test.tf
2019-01-07 18:09:26:211 [INFO ] file-system-watcher: Indexed file:///home/sameer/test-terraform/vcc-cn-test-tf-host/ezsatsa/projects/vcc-cn/internal-dns/components/bind-dns/terraform/aws/iam_role.tf
2019-01-07 18:09:26:260 [INFO ] file-system-watcher: Indexed file:///home/sameer/test-terraform/vcc-cn-test-tf-host/ezsatsa/projects/vcc-cn/internal-dns/components/bind-dns/terraform/aws/main.tf
2019-01-07 18:09:26:274 [INFO ] file-system-watcher: Indexed file:///home/sameer/test-terraform/vcc-cn-test-tf-host/ezsatsa/projects/vcc-cn/internal-dns/components/bind-dns/terraform/aws/variables.tf
2019-01-07 18:09:26:278 [INFO ] file-system-watcher: Indexed file:///home/sameer/test-terraform/vcc-cn-test-tf-host/ezsatsa/projects/vcc-cn/internal-dns/components/bind-dns/terraform/azure/output.tf
2019-01-07 18:09:26:287 [INFO ] file-system-watcher: Indexed file:///home/sameer/test-terraform/vcc-cn-test-tf-host/ezsatsa/projects/vcc-cn/internal-dns/components/bind-dns/terraform/azure/test/test.tf
2019-01-07 18:09:26:352 [INFO ] file-system-watcher: Indexed file:///home/sameer/test-terraform/vcc-cn-test-tf-host/ezsatsa/projects/vcc-cn/internal-dns/components/bind-dns/terraform/azure/main.tf
2019-01-07 18:09:26:364 [INFO ] file-system-watcher: Indexed file:///home/sameer/test-terraform/vcc-cn-test-tf-host/ezsatsa/projects/vcc-cn/internal-dns/components/bind-dns/terraform/azure/variables.tf
2019-01-07 18:09:26:367 [INFO ] file-system-watcher: Indexed file:///home/sameer/test-terraform/vcc-cn-test-tf-host/ezsatsa/projects/vcc-cn/internal-dns/terraform/access/backend.tf
2019-01-07 18:09:26:371 [INFO ] file-system-watcher: Indexed file:///home/sameer/test-terraform/vcc-cn-test-tf-host/ezsatsa/projects/vcc-cn/internal-dns/terraform/access/provider.tf
2019-01-07 18:09:26:376 [INFO ] file-system-watcher: Indexed file:///home/sameer/test-terraform/vcc-cn-test-tf-host/ezsatsa/projects/vcc-cn/internal-dns/terraform/access/access.auto.tfvars
2019-01-07 18:09:26:379 [INFO ] file-system-watcher: Indexed file:///home/sameer/test-terraform/vcc-cn-test-tf-host/ezsatsa/projects/vcc-cn/internal-dns/terraform/access/output.tf
2019-01-07 18:09:26:393 [INFO ] file-system-watcher: Indexed file:///home/sameer/test-terraform/vcc-cn-test-tf-host/ezsatsa/projects/vcc-cn/internal-dns/terraform/access/terraform.tfvars
2019-01-07 18:09:26:406 [INFO ] file-system-watcher: Indexed file:///home/sameer/test-terraform/vcc-cn-test-tf-host/ezsatsa/projects/vcc-cn/internal-dns/terraform/access/main.tf
2019-01-07 18:09:26:412 [INFO ] file-system-watcher: Indexed file:///home/sameer/test-terraform/vcc-cn-test-tf-host/ezsatsa/projects/vcc-cn/internal-dns/terraform/access/variables.tf
2019-01-07 18:09:26:416 [INFO ] file-system-watcher: Indexed file:///home/sameer/test-terraform/vcc-cn-test-tf-host/ezsatsa/projects/vcc-cn/internal-dns/terraform/common/output.tf
2019-01-07 18:09:26:435 [INFO ] file-system-watcher: Indexed file:///home/sameer/test-terraform/vcc-cn-test-tf-host/ezsatsa/projects/vcc-cn/internal-dns/terraform/common/main.tf
2019-01-07 18:09:26:444 [INFO ] file-system-watcher: Indexed file:///home/sameer/test-terraform/vcc-cn-test-tf-host/ezsatsa/projects/vcc-cn/internal-dns/terraform/common/variables.tf
2019-01-07 18:09:26:462 [INFO ] file-system-watcher: Indexed file:///home/sameer/test-terraform/vcc-cn-test-tf-host/ezsatsa/projects/vcc-cn/internal-dns/terraform/test/backend.tf
2019-01-07 18:09:26:469 [INFO ] file-system-watcher: Indexed file:///home/sameer/test-terraform/vcc-cn-test-tf-host/ezsatsa/projects/vcc-cn/internal-dns/terraform/test/provider.tf
2019-01-07 18:09:26:478 [INFO ] file-system-watcher: Indexed file:///home/sameer/test-terraform/vcc-cn-test-tf-host/ezsatsa/projects/vcc-cn/internal-dns/terraform/test/output.tf
2019-01-07 18:09:26:488 [INFO ] file-system-watcher: Indexed file:///home/sameer/test-terraform/vcc-cn-test-tf-host/ezsatsa/projects/vcc-cn/internal-dns/terraform/test/terraform.tfvars
2019-01-07 18:09:26:502 [INFO ] file-system-watcher: Indexed file:///home/sameer/test-terraform/vcc-cn-test-tf-host/ezsatsa/projects/vcc-cn/internal-dns/terraform/test/main.tf
2019-01-07 18:09:26:508 [INFO ] file-system-watcher: Indexed file:///home/sameer/test-terraform/vcc-cn-test-tf-host/ezsatsa/projects/vcc-cn/internal-dns/terraform/test/test.auto.tfvars
2019-01-07 18:09:26:523 [INFO ] file-system-watcher: Indexed file:///home/sameer/test-terraform/vcc-cn-test-tf-host/ezsatsa/projects/vcc-cn/internal-dns/terraform/test/variables.tf
2019-01-07 18:09:26:529 [INFO ] file-system-watcher: Indexed file:///home/sameer/test-terraform/vcc-cn-test-tf-host/ezsatsa/projects/vcc-cn/internal-dns/terraform/qa/qa.auto.tfvars
2019-01-07 18:09:26:534 [INFO ] file-system-watcher: Indexed file:///home/sameer/test-terraform/vcc-cn-test-tf-host/ezsatsa/projects/vcc-cn/internal-dns/terraform/qa/backend.tf
2019-01-07 18:09:26:537 [INFO ] file-system-watcher: Indexed file:///home/sameer/test-terraform/vcc-cn-test-tf-host/ezsatsa/projects/vcc-cn/internal-dns/terraform/qa/provider.tf
2019-01-07 18:09:26:542 [INFO ] file-system-watcher: Indexed file:///home/sameer/test-terraform/vcc-cn-test-tf-host/ezsatsa/projects/vcc-cn/internal-dns/terraform/qa/output.tf
2019-01-07 18:09:26:546 [INFO ] file-system-watcher: Indexed file:///home/sameer/test-terraform/vcc-cn-test-tf-host/ezsatsa/projects/vcc-cn/internal-dns/terraform/qa/terraform.tfvars
2019-01-07 18:09:26:558 [INFO ] file-system-watcher: Indexed file:///home/sameer/test-terraform/vcc-cn-test-tf-host/ezsatsa/projects/vcc-cn/internal-dns/terraform/qa/main.tf
2019-01-07 18:09:26:562 [INFO ] file-system-watcher: Indexed file:///home/sameer/test-terraform/vcc-cn-test-tf-host/ezsatsa/projects/vcc-cn/internal-dns/terraform/qa/variables.tf
2019-01-07 18:09:26:565 [INFO ] file-system-watcher: Indexed file:///home/sameer/test-terraform/vcc-cn-test-tf-host/ezsatsa/projects/vcc-cn/internal-dns/terraform/prod/backend.tf
2019-01-07 18:09:26:568 [INFO ] file-system-watcher: Indexed file:///home/sameer/test-terraform/vcc-cn-test-tf-host/ezsatsa/projects/vcc-cn/internal-dns/terraform/prod/provider.tf
2019-01-07 18:09:26:573 [INFO ] file-system-watcher: Indexed file:///home/sameer/test-terraform/vcc-cn-test-tf-host/ezsatsa/projects/vcc-cn/internal-dns/terraform/prod/output.tf
2019-01-07 18:09:26:577 [INFO ] file-system-watcher: Indexed file:///home/sameer/test-terraform/vcc-cn-test-tf-host/ezsatsa/projects/vcc-cn/internal-dns/terraform/prod/terraform.tfvars
2019-01-07 18:09:26:580 [INFO ] file-system-watcher: Indexed file:///home/sameer/test-terraform/vcc-cn-test-tf-host/ezsatsa/projects/vcc-cn/internal-dns/terraform/prod/production.auto.tfvars
2019-01-07 18:09:26:593 [INFO ] file-system-watcher: Indexed file:///home/sameer/test-terraform/vcc-cn-test-tf-host/ezsatsa/projects/vcc-cn/internal-dns/terraform/prod/main.tf
2019-01-07 18:09:26:597 [INFO ] file-system-watcher: Indexed file:///home/sameer/test-terraform/vcc-cn-test-tf-host/ezsatsa/projects/vcc-cn/internal-dns/terraform/prod/variables.tf
2019-01-07 18:09:26:610 [INFO ] file-system-watcher: Indexed file:///home/sameer/test-terraform/vcc-cn-test-tf-host/ezsatsa/dev-terraform/ec2-elb/varibles.tf
2019-01-07 18:09:26:623 [INFO ] file-system-watcher: Indexed file:///home/sameer/test-terraform/vcc-cn-test-tf-host/ezsatsa/dev-terraform/ec2-elb/main.tf
2019-01-07 18:09:26:628 [INFO ] file-system-watcher: Indexed file:///home/sameer/test-terraform/vcc-cn-test-tf-host/ezsatsa/dev-terraform/s3-backend/main.tf
2019-01-07 18:09:26:636 [INFO ] file-system-watcher: Indexed file:///home/sameer/test-terraform/vcc-cn-test-tf-host/ezsatsa/dev-terraform/dynamoDB-backend/main.tf
2019-01-07 18:09:26:652 [INFO ] file-system-watcher: Indexed file:///home/sameer/test-terraform/vcc-cn-test-tf-host/ezsatsa/dev-terraform/cvc-base-test/backend.tf
2019-01-07 18:09:26:663 [INFO ] file-system-watcher: Indexed file:///home/sameer/test-terraform/vcc-cn-test-tf-host/ezsatsa/dev-terraform/cvc-base-test/provider.tf
2019-01-07 18:09:26:678 [INFO ] file-system-watcher: Indexed file:///home/sameer/test-terraform/vcc-cn-test-tf-host/ezsatsa/dev-terraform/cvc-base-test/main.tf
2019-01-07 18:09:26:683 [INFO ] file-system-watcher: Indexed file:///home/sameer/test-terraform/vcc-cn-test-tf-host/ezsatsa/dev-terraform/cvc-base-test/variables.tf
2019-01-07 18:09:26:687 [INFO ] file-system-watcher: Indexed file:///home/sameer/test-terraform/vcc-cn-test-tf-host/ezsatsa/dev-terraform/cvc-base-test/security_groups.tf
2019-01-07 18:09:26:691 [INFO ] file-system-watcher: Indexed file:///home/sameer/test-terraform/vcc-cn-test-tf-host/ezsatsa/dev-terraform/ami-transfer/backend.tf
2019-01-07 18:09:26:695 [INFO ] file-system-watcher: Indexed file:///home/sameer/test-terraform/vcc-cn-test-tf-host/ezsatsa/dev-terraform/ami-transfer/provider.tf
2019-01-07 18:09:26:698 [INFO ] file-system-watcher: Indexed file:///home/sameer/test-terraform/vcc-cn-test-tf-host/ezsatsa/dev-terraform/ami-transfer/outputs.tf
2019-01-07 18:09:26:704 [INFO ] file-system-watcher: Indexed file:///home/sameer/test-terraform/vcc-cn-test-tf-host/ezsatsa/dev-terraform/ami-transfer/main.tf
2019-01-07 18:09:26:709 [INFO ] file-system-watcher: Indexed file:///home/sameer/test-terraform/vcc-cn-test-tf-host/ezsatsa/dev-terraform/ami-transfer/variables.tf
2019-01-07 18:09:26:713 [INFO ] file-system-watcher: Indexed file:///home/sameer/test-terraform/vcc-cn-test-tf-host/ezsatsa/dev-terraform/ami-transfer/security_groups.tf
