2019-01-07 22:13:36:469 [INFO ] runner: Found Terraform binary terraform with version 0.11.8
2019-01-07 22:13:36:659 [INFO ] runner: Found Terraform binary /usr/bin/terraform with version 0.11.8
2019-01-07 22:13:36:708 [INFO ] file-system-watcher: Crawling workspace for terraform files...
2019-01-07 22:13:37:189 [INFO ] file-system-watcher: Indexed file:///home/ezsatsa/projects/cv-infrastructure/deployments/cvc-ref-aws/bastion/components/bastion/terraform/aws/output.tf
2019-01-07 22:13:37:235 [INFO ] file-system-watcher: Indexed file:///home/ezsatsa/projects/cv-infrastructure/deployments/cvc-ref-aws/bastion/components/bastion/terraform/aws/test/test.tf
2019-01-07 22:13:37:372 [INFO ] file-system-watcher: Indexed file:///home/ezsatsa/projects/cv-infrastructure/deployments/cvc-ref-aws/bastion/components/bastion/terraform/aws/main.tf
2019-01-07 22:13:37:421 [INFO ] file-system-watcher: Indexed file:///home/ezsatsa/projects/cv-infrastructure/deployments/cvc-ref-aws/bastion/components/bastion/terraform/aws/variables.tf
2019-01-07 22:13:37:457 [INFO ] file-system-watcher: Indexed file:///home/ezsatsa/projects/cv-infrastructure/deployments/cvc-ref-aws/bastion/components/bastion/terraform/azure/output.tf
2019-01-07 22:13:37:478 [INFO ] file-system-watcher: Indexed file:///home/ezsatsa/projects/cv-infrastructure/deployments/cvc-ref-aws/bastion/components/bastion/terraform/azure/test/test.tf
2019-01-07 22:13:37:602 [INFO ] file-system-watcher: Indexed file:///home/ezsatsa/projects/cv-infrastructure/deployments/cvc-ref-aws/bastion/components/bastion/terraform/azure/main.tf
2019-01-07 22:13:37:653 [INFO ] file-system-watcher: Indexed file:///home/ezsatsa/projects/cv-infrastructure/deployments/cvc-ref-aws/bastion/components/bastion/terraform/azure/variables.tf
2019-01-07 22:13:37:693 [INFO ] file-system-watcher: Indexed file:///home/ezsatsa/projects/cv-infrastructure/deployments/cvc-ref-aws/bastion/terraform/backend.tf
2019-01-07 22:13:37:700 [INFO ] file-system-watcher: Indexed file:///home/ezsatsa/projects/cv-infrastructure/deployments/cvc-ref-aws/bastion/terraform/cvc.auto.tfvars
2019-01-07 22:13:37:709 [INFO ] file-system-watcher: Indexed file:///home/ezsatsa/projects/cv-infrastructure/deployments/cvc-ref-aws/bastion/terraform/provider.tf
2019-01-07 22:13:37:723 [INFO ] file-system-watcher: Indexed file:///home/ezsatsa/projects/cv-infrastructure/deployments/cvc-ref-aws/bastion/terraform/output.tf
2019-01-07 22:13:37:752 [INFO ] file-system-watcher: Indexed file:///home/ezsatsa/projects/cv-infrastructure/deployments/cvc-ref-aws/bastion/terraform/main.tf
2019-01-07 22:13:37:760 [INFO ] file-system-watcher: Indexed file:///home/ezsatsa/projects/cv-infrastructure/deployments/cvc-ref-aws/bastion/terraform/variables.tf
2019-01-07 22:13:37:779 [INFO ] file-system-watcher: Indexed file:///home/ezsatsa/projects/cv-infrastructure/deployments/cvc-ref-aws/bastion/terraform/remote_state.tf
2019-01-07 22:13:37:786 [INFO ] file-system-watcher: Indexed file:///home/ezsatsa/projects/cv-infrastructure/deployments/cvc-ref-aws/pre-setup/components/pre-setup/terraform/aws-cn/output.tf
2019-01-07 22:13:37:807 [INFO ] file-system-watcher: Indexed file:///home/ezsatsa/projects/cv-infrastructure/deployments/cvc-ref-aws/pre-setup/components/pre-setup/terraform/aws-cn/test/test.tf
2019-01-07 22:13:37:837 [INFO ] file-system-watcher: Indexed file:///home/ezsatsa/projects/cv-infrastructure/deployments/cvc-ref-aws/pre-setup/components/pre-setup/terraform/aws-cn/main.tf
2019-01-07 22:13:37:845 [INFO ] file-system-watcher: Indexed file:///home/ezsatsa/projects/cv-infrastructure/deployments/cvc-ref-aws/pre-setup/components/pre-setup/terraform/aws-cn/variable.tf
2019-01-07 22:13:37:854 [INFO ] file-system-watcher: Indexed file:///home/ezsatsa/projects/cv-infrastructure/deployments/cvc-ref-aws/pre-setup/components/pre-setup/terraform/aws/output.tf
2019-01-07 22:13:37:868 [INFO ] file-system-watcher: Indexed file:///home/ezsatsa/projects/cv-infrastructure/deployments/cvc-ref-aws/pre-setup/components/pre-setup/terraform/aws/test/test.tf
2019-01-07 22:13:37:982 [INFO ] file-system-watcher: Indexed file:///home/ezsatsa/projects/cv-infrastructure/deployments/cvc-ref-aws/pre-setup/components/pre-setup/terraform/aws/main.tf
2019-01-07 22:13:37:997 [INFO ] file-system-watcher: Indexed file:///home/ezsatsa/projects/cv-infrastructure/deployments/cvc-ref-aws/pre-setup/components/pre-setup/terraform/aws/variables.tf
2019-01-07 22:13:38:002 [INFO ] file-system-watcher: Indexed file:///home/ezsatsa/projects/cv-infrastructure/deployments/cvc-ref-aws/pre-setup/components/pre-setup/terraform/azure/output.tf
2019-01-07 22:13:38:009 [INFO ] file-system-watcher: Indexed file:///home/ezsatsa/projects/cv-infrastructure/deployments/cvc-ref-aws/pre-setup/components/pre-setup/terraform/azure/test/test.tf
2019-01-07 22:13:38:037 [INFO ] file-system-watcher: Indexed file:///home/ezsatsa/projects/cv-infrastructure/deployments/cvc-ref-aws/pre-setup/components/pre-setup/terraform/azure/main.tf
2019-01-07 22:13:38:044 [INFO ] file-system-watcher: Indexed file:///home/ezsatsa/projects/cv-infrastructure/deployments/cvc-ref-aws/pre-setup/components/pre-setup/terraform/azure/variables.tf
2019-01-07 22:13:38:060 [INFO ] file-system-watcher: Indexed file:///home/ezsatsa/projects/cv-infrastructure/deployments/cvc-ref-aws/pre-setup/terraform/cvc.auto.tfvars
2019-01-07 22:13:38:063 [INFO ] file-system-watcher: Indexed file:///home/ezsatsa/projects/cv-infrastructure/deployments/cvc-ref-aws/pre-setup/terraform/provider.tf
2019-01-07 22:13:38:070 [INFO ] file-system-watcher: Indexed file:///home/ezsatsa/projects/cv-infrastructure/deployments/cvc-ref-aws/pre-setup/terraform/output.tf
2019-01-07 22:13:38:074 [INFO ] file-system-watcher: Indexed file:///home/ezsatsa/projects/cv-infrastructure/deployments/cvc-ref-aws/pre-setup/terraform/main.tf
2019-01-07 22:13:38:078 [INFO ] file-system-watcher: Indexed file:///home/ezsatsa/projects/cv-infrastructure/deployments/cvc-ref-aws/pre-setup/terraform/variables.tf
2019-01-07 22:13:38:087 [INFO ] file-system-watcher: Indexed file:///home/ezsatsa/projects/cv-infrastructure/deployments/cvc-ref-aws/base-infrastructure/components/base-infrastructure/terraform/aws/output.tf
2019-01-07 22:13:38:103 [INFO ] file-system-watcher: Indexed file:///home/ezsatsa/projects/cv-infrastructure/deployments/cvc-ref-aws/base-infrastructure/components/base-infrastructure/terraform/aws/test/test.tf
2019-01-07 22:13:38:180 [INFO ] file-system-watcher: Indexed file:///home/ezsatsa/projects/cv-infrastructure/deployments/cvc-ref-aws/base-infrastructure/components/base-infrastructure/terraform/aws/main.tf
2019-01-07 22:13:38:194 [INFO ] file-system-watcher: Indexed file:///home/ezsatsa/projects/cv-infrastructure/deployments/cvc-ref-aws/base-infrastructure/components/base-infrastructure/terraform/aws/variables.tf
2019-01-07 22:13:38:199 [INFO ] file-system-watcher: Indexed file:///home/ezsatsa/projects/cv-infrastructure/deployments/cvc-ref-aws/base-infrastructure/components/base-infrastructure/terraform/azure/output.tf
2019-01-07 22:13:38:205 [INFO ] file-system-watcher: Indexed file:///home/ezsatsa/projects/cv-infrastructure/deployments/cvc-ref-aws/base-infrastructure/components/base-infrastructure/terraform/azure/test/test.tf
2019-01-07 22:13:38:211 [INFO ] file-system-watcher: Indexed file:///home/ezsatsa/projects/cv-infrastructure/deployments/cvc-ref-aws/base-infrastructure/components/base-infrastructure/terraform/azure/main.tf
2019-01-07 22:13:38:218 [INFO ] file-system-watcher: Indexed file:///home/ezsatsa/projects/cv-infrastructure/deployments/cvc-ref-aws/base-infrastructure/components/base-infrastructure/terraform/azure/variables.tf
2019-01-07 22:13:38:230 [INFO ] file-system-watcher: Indexed file:///home/ezsatsa/projects/cv-infrastructure/deployments/cvc-ref-aws/base-infrastructure/components/base-infrastructure/terraform/openstack/output.tf
2019-01-07 22:13:38:235 [INFO ] file-system-watcher: Indexed file:///home/ezsatsa/projects/cv-infrastructure/deployments/cvc-ref-aws/base-infrastructure/components/base-infrastructure/terraform/openstack/test/test.tf
2019-01-07 22:13:38:249 [INFO ] file-system-watcher: Indexed file:///home/ezsatsa/projects/cv-infrastructure/deployments/cvc-ref-aws/base-infrastructure/components/base-infrastructure/terraform/openstack/main.tf
2019-01-07 22:13:38:254 [INFO ] file-system-watcher: Indexed file:///home/ezsatsa/projects/cv-infrastructure/deployments/cvc-ref-aws/base-infrastructure/components/base-infrastructure/terraform/openstack/variables.tf
2019-01-07 22:13:38:259 [INFO ] file-system-watcher: Indexed file:///home/ezsatsa/projects/cv-infrastructure/deployments/cvc-ref-aws/base-infrastructure/terraform/backend.tf
2019-01-07 22:13:38:263 [INFO ] file-system-watcher: Indexed file:///home/ezsatsa/projects/cv-infrastructure/deployments/cvc-ref-aws/base-infrastructure/terraform/cvc.auto.tfvars
2019-01-07 22:13:38:267 [INFO ] file-system-watcher: Indexed file:///home/ezsatsa/projects/cv-infrastructure/deployments/cvc-ref-aws/base-infrastructure/terraform/provider.tf
2019-01-07 22:13:38:277 [INFO ] file-system-watcher: Indexed file:///home/ezsatsa/projects/cv-infrastructure/deployments/cvc-ref-aws/base-infrastructure/terraform/output.tf
2019-01-07 22:13:38:286 [INFO ] file-system-watcher: Indexed file:///home/ezsatsa/projects/cv-infrastructure/deployments/cvc-ref-aws/base-infrastructure/terraform/main.tf
2019-01-07 22:13:38:291 [INFO ] file-system-watcher: Indexed file:///home/ezsatsa/projects/cv-infrastructure/deployments/cvc-ref-aws/base-infrastructure/terraform/variables.tf
2019-01-07 22:13:38:344 [INFO ] file-system-watcher: Indexed file:///home/ezsatsa/projects/cv-infrastructure/deployments/cvc-ref-aws/ldap/components/389ds/terraform/aws/replace_certificate.tf
2019-01-07 22:13:38:418 [INFO ] file-system-watcher: Indexed file:///home/ezsatsa/projects/cv-infrastructure/deployments/cvc-ref-aws/ldap/components/389ds/terraform/aws/replication.tf
2019-01-07 22:13:38:424 [INFO ] file-system-watcher: Indexed file:///home/ezsatsa/projects/cv-infrastructure/deployments/cvc-ref-aws/ldap/components/389ds/terraform/aws/output.tf
2019-01-07 22:13:38:433 [INFO ] file-system-watcher: Indexed file:///home/ezsatsa/projects/cv-infrastructure/deployments/cvc-ref-aws/ldap/components/389ds/terraform/aws/test/test.tf
2019-01-07 22:13:38:470 [INFO ] file-system-watcher: Indexed file:///home/ezsatsa/projects/cv-infrastructure/deployments/cvc-ref-aws/ldap/components/389ds/terraform/aws/iam_role.tf
2019-01-07 22:13:38:551 [INFO ] file-system-watcher: Indexed file:///home/ezsatsa/projects/cv-infrastructure/deployments/cvc-ref-aws/ldap/components/389ds/terraform/aws/main.tf
2019-01-07 22:13:38:587 [INFO ] file-system-watcher: Indexed file:///home/ezsatsa/projects/cv-infrastructure/deployments/cvc-ref-aws/ldap/components/389ds/terraform/aws/variables.tf
2019-01-07 22:13:38:592 [INFO ] file-system-watcher: Indexed file:///home/ezsatsa/projects/cv-infrastructure/deployments/cvc-ref-aws/ldap/components/389ds/terraform/azure/output.tf
2019-01-07 22:13:38:601 [INFO ] file-system-watcher: Indexed file:///home/ezsatsa/projects/cv-infrastructure/deployments/cvc-ref-aws/ldap/components/389ds/terraform/azure/test/test.tf
2019-01-07 22:13:38:681 [INFO ] file-system-watcher: Indexed file:///home/ezsatsa/projects/cv-infrastructure/deployments/cvc-ref-aws/ldap/components/389ds/terraform/azure/main.tf
2019-01-07 22:13:38:699 [INFO ] file-system-watcher: Indexed file:///home/ezsatsa/projects/cv-infrastructure/deployments/cvc-ref-aws/ldap/components/389ds/terraform/azure/variables.tf
2019-01-07 22:13:38:703 [INFO ] file-system-watcher: Indexed file:///home/ezsatsa/projects/cv-infrastructure/deployments/cvc-ref-aws/ldap/terraform/backend.tf
2019-01-07 22:13:38:707 [INFO ] file-system-watcher: Indexed file:///home/ezsatsa/projects/cv-infrastructure/deployments/cvc-ref-aws/ldap/terraform/cvc.auto.tfvars
2019-01-07 22:13:38:711 [INFO ] file-system-watcher: Indexed file:///home/ezsatsa/projects/cv-infrastructure/deployments/cvc-ref-aws/ldap/terraform/provider.tf
2019-01-07 22:13:38:714 [INFO ] file-system-watcher: Indexed file:///home/ezsatsa/projects/cv-infrastructure/deployments/cvc-ref-aws/ldap/terraform/output.tf
2019-01-07 22:13:38:728 [INFO ] file-system-watcher: Indexed file:///home/ezsatsa/projects/cv-infrastructure/deployments/cvc-ref-aws/ldap/terraform/main.tf
2019-01-07 22:13:38:739 [INFO ] file-system-watcher: Indexed file:///home/ezsatsa/projects/cv-infrastructure/deployments/cvc-ref-aws/ldap/terraform/variables.tf
2019-01-07 22:13:38:748 [INFO ] file-system-watcher: Indexed file:///home/ezsatsa/projects/cv-infrastructure/deployments/cvc-ref-aws/ldap/terraform/remote_state.tf
2019-01-07 22:13:38:751 [INFO ] file-system-watcher: Indexed file:///home/ezsatsa/projects/cv-infrastructure/deployments/cvc-ref-aws/global/provider.tf
2019-01-07 22:13:38:755 [INFO ] file-system-watcher: Indexed file:///home/ezsatsa/projects/cv-infrastructure/deployments/cvc-ref-aws/global/cvc.tfvars
2019-01-07 22:13:38:766 [INFO ] file-system-watcher: Indexed file:///home/ezsatsa/projects/cv-infrastructure/deployments/cvc-ref-aws/global/remote_state.tf
2019-01-07 22:13:38:776 [INFO ] file-system-watcher: Indexed file:///home/ezsatsa/projects/cv-infrastructure/deployments/cvc-ref-aws/keycloak/components/postgres/aws/output.tf
2019-01-07 22:13:38:824 [INFO ] file-system-watcher: Indexed file:///home/ezsatsa/projects/cv-infrastructure/deployments/cvc-ref-aws/keycloak/components/postgres/aws/test/test.tf
2019-01-07 22:13:38:870 [INFO ] file-system-watcher: Indexed file:///home/ezsatsa/projects/cv-infrastructure/deployments/cvc-ref-aws/keycloak/components/postgres/aws/main.tf
2019-01-07 22:13:38:885 [INFO ] file-system-watcher: Indexed file:///home/ezsatsa/projects/cv-infrastructure/deployments/cvc-ref-aws/keycloak/components/postgres/aws/variables.tf
2019-01-07 22:13:38:891 [INFO ] file-system-watcher: Indexed file:///home/ezsatsa/projects/cv-infrastructure/deployments/cvc-ref-aws/keycloak/components/postgres/azure/output.tf
2019-01-07 22:13:38:898 [INFO ] file-system-watcher: Indexed file:///home/ezsatsa/projects/cv-infrastructure/deployments/cvc-ref-aws/keycloak/components/postgres/azure/test/test.tf
2019-01-07 22:13:38:908 [INFO ] file-system-watcher: Indexed file:///home/ezsatsa/projects/cv-infrastructure/deployments/cvc-ref-aws/keycloak/components/postgres/azure/main.tf
2019-01-07 22:13:38:918 [INFO ] file-system-watcher: Indexed file:///home/ezsatsa/projects/cv-infrastructure/deployments/cvc-ref-aws/keycloak/components/postgres/azure/variables.tf
2019-01-07 22:13:38:925 [INFO ] file-system-watcher: Indexed file:///home/ezsatsa/projects/cv-infrastructure/deployments/cvc-ref-aws/keycloak/components/keycloak/terraform/aws/output.tf
2019-01-07 22:13:38:931 [INFO ] file-system-watcher: Indexed file:///home/ezsatsa/projects/cv-infrastructure/deployments/cvc-ref-aws/keycloak/components/keycloak/terraform/aws/test/test.tf
2019-01-07 22:13:38:974 [INFO ] file-system-watcher: Indexed file:///home/ezsatsa/projects/cv-infrastructure/deployments/cvc-ref-aws/keycloak/components/keycloak/terraform/aws/main.tf
2019-01-07 22:13:39:010 [INFO ] file-system-watcher: Indexed file:///home/ezsatsa/projects/cv-infrastructure/deployments/cvc-ref-aws/keycloak/components/keycloak/terraform/aws/variables.tf
2019-01-07 22:13:39:025 [INFO ] file-system-watcher: Indexed file:///home/ezsatsa/projects/cv-infrastructure/deployments/cvc-ref-aws/keycloak/components/keycloak/terraform/azure/dns.tf
2019-01-07 22:13:39:031 [INFO ] file-system-watcher: Indexed file:///home/ezsatsa/projects/cv-infrastructure/deployments/cvc-ref-aws/keycloak/components/keycloak/terraform/azure/output.tf
2019-01-07 22:13:39:051 [INFO ] file-system-watcher: Indexed file:///home/ezsatsa/projects/cv-infrastructure/deployments/cvc-ref-aws/keycloak/components/keycloak/terraform/azure/test/test.tf
2019-01-07 22:13:39:114 [INFO ] file-system-watcher: Indexed file:///home/ezsatsa/projects/cv-infrastructure/deployments/cvc-ref-aws/keycloak/components/keycloak/terraform/azure/main.tf
2019-01-07 22:13:39:142 [INFO ] file-system-watcher: Indexed file:///home/ezsatsa/projects/cv-infrastructure/deployments/cvc-ref-aws/keycloak/components/keycloak/terraform/azure/variables.tf
2019-01-07 22:13:39:147 [INFO ] file-system-watcher: Indexed file:///home/ezsatsa/projects/cv-infrastructure/deployments/cvc-ref-aws/keycloak/components/keycloak/terraform/openstack/outputs.tf
2019-01-07 22:13:39:152 [INFO ] file-system-watcher: Indexed file:///home/ezsatsa/projects/cv-infrastructure/deployments/cvc-ref-aws/keycloak/components/keycloak/terraform/openstack/test/main.tf
2019-01-07 22:13:39:162 [INFO ] file-system-watcher: Indexed file:///home/ezsatsa/projects/cv-infrastructure/deployments/cvc-ref-aws/keycloak/components/keycloak/terraform/openstack/main.tf
2019-01-07 22:13:39:169 [INFO ] file-system-watcher: Indexed file:///home/ezsatsa/projects/cv-infrastructure/deployments/cvc-ref-aws/keycloak/components/keycloak/terraform/openstack/variables.tf
2019-01-07 22:13:39:186 [INFO ] file-system-watcher: Indexed file:///home/ezsatsa/projects/cv-infrastructure/deployments/cvc-ref-aws/keycloak/terraform/backend.tf
2019-01-07 22:13:39:191 [INFO ] file-system-watcher: Indexed file:///home/ezsatsa/projects/cv-infrastructure/deployments/cvc-ref-aws/keycloak/terraform/cvc.auto.tfvars
2019-01-07 22:13:39:198 [INFO ] file-system-watcher: Indexed file:///home/ezsatsa/projects/cv-infrastructure/deployments/cvc-ref-aws/keycloak/terraform/provider.tf
2019-01-07 22:13:39:211 [INFO ] file-system-watcher: Indexed file:///home/ezsatsa/projects/cv-infrastructure/deployments/cvc-ref-aws/keycloak/terraform/output.tf
2019-01-07 22:13:39:233 [INFO ] file-system-watcher: Indexed file:///home/ezsatsa/projects/cv-infrastructure/deployments/cvc-ref-aws/keycloak/terraform/main.tf
2019-01-07 22:13:39:237 [INFO ] file-system-watcher: Indexed file:///home/ezsatsa/projects/cv-infrastructure/deployments/cvc-ref-aws/keycloak/terraform/variables.tf
2019-01-07 22:13:39:244 [INFO ] file-system-watcher: Indexed file:///home/ezsatsa/projects/cv-infrastructure/deployments/cvc-ref-aws/keycloak/terraform/remote_state.tf
