Looking for git in: git
Using git 2.17.1 from git
> git rev-parse --show-toplevel
> git config --get commit.template
Open repository: /home/ezsatsa/projects/cv-infrastructure/deployments/cvc-ref-aws
> git status -z -u
> git symbolic-ref --short HEAD
> git rev-parse master
> git rev-parse --symbolic-full-name master@{u}
> git rev-list --left-right master...refs/remotes/origin/master
> git for-each-ref --format %(refname) %(objectname) --sort -committerdate
> git remote --verbose
> git check-ignore -z --stdin
> git rev-parse --show-toplevel
> git config --get commit.template
Open repository: /home/ezsatsa/projects/cv-infrastructure/deployments/cvc-ref-aws/pre-setup/components/pre-setup
> git rev-parse --show-toplevel
> git status -z -u
> git symbolic-ref --short HEAD
> git config --get commit.template
Open repository: /home/ezsatsa/projects/cv-infrastructure/deployments/cvc-ref-aws/base-infrastructure/components/base-infrastructure
> git rev-parse --show-toplevel
> git status -z -u
> git symbolic-ref --short HEAD
> git config --get commit.template
Open repository: /home/ezsatsa/projects/cv-infrastructure/deployments/cvc-ref-aws/ldap/components/389ds
> git rev-parse --show-toplevel
> git status -z -u
fatal: ref HEAD is not a symbolic ref
> git rev-parse HEAD
> git symbolic-ref --short HEAD
> git config --get commit.template
Open repository: /home/ezsatsa/projects/cv-infrastructure/deployments/cvc-ref-aws/bastion/components/bastion
> git rev-parse --show-toplevel
> git status -z -u
fatal: ref HEAD is not a symbolic ref
> git rev-parse HEAD
> git symbolic-ref --short HEAD
> git for-each-ref --format %(refname) %(objectname) --sort -committerdate
> git remote --verbose
> git config --get commit.template
Open repository: /home/ezsatsa/projects/cv-infrastructure/deployments/cvc-ref-aws/keycloak/components/postgres
> git rev-parse --show-toplevel
> git status -z -u
fatal: ref HEAD is not a symbolic ref
> git rev-parse HEAD
> git for-each-ref --format %(refname) %(objectname) --sort -committerdate
> git remote --verbose
> git symbolic-ref --short HEAD
> git for-each-ref --format %(refname) %(objectname) --sort -committerdate
> git remote --verbose
> git config --get commit.template
Open repository: /home/ezsatsa/projects/cv-infrastructure/deployments/cvc-ref-aws/keycloak/components/keycloak
> git status -z -u
fatal: ref HEAD is not a symbolic ref
> git rev-parse HEAD
> git symbolic-ref --short HEAD
fatal: ref HEAD is not a symbolic ref
> git rev-parse HEAD
fatal: ref HEAD is not a symbolic ref
> git rev-parse HEAD
> git for-each-ref --format %(refname) %(objectname) --sort -committerdate
> git remote --verbose
> git for-each-ref --format %(refname) %(objectname) --sort -committerdate
> git remote --verbose
> git for-each-ref --format %(refname) %(objectname) --sort -committerdate
> git remote --verbose
> git check-ignore -z --stdin
> git rev-parse --show-toplevel
> git show :README.md
> git show :README.md
> git status -z -u
> git status -z -u
> git symbolic-ref --short HEAD
fatal: ref HEAD is not a symbolic ref
> git rev-parse HEAD
> git for-each-ref --format %(refname) %(objectname) --sort -committerdate
> git remote --verbose
> git symbolic-ref --short HEAD
> git rev-parse master
> git rev-parse --symbolic-full-name master@{u}
> git rev-list --left-right master...refs/remotes/origin/master
> git for-each-ref --format %(refname) %(objectname) --sort -committerdate
> git remote --verbose
> git rev-parse --show-toplevel
> git config --get commit.template
Open repository: /home/ezsatsa/projects/cv-infrastructure/deployments/cvc-ref-aws/ldap/components/389ds/dependencies/common
> git status -z -u
> git symbolic-ref --short HEAD
fatal: ref HEAD is not a symbolic ref
> git rev-parse HEAD
> git for-each-ref --format %(refname) %(objectname) --sort -committerdate
> git remote --verbose
> git check-ignore -z --stdin
