2019-01-04 09:08:54:410 [INFO ] runner: Found Terraform binary terraform with version 0.11.8
2019-01-04 09:08:54:539 [INFO ] runner: Found Terraform binary /usr/bin/terraform with version 0.11.8
2019-01-04 09:08:54:570 [INFO ] file-system-watcher: Crawling workspace for terraform files...
2019-01-04 09:08:54:723 [INFO ] file-system-watcher: Indexed file:///home/sameer/test-terraform/cvc-eu-lab-tf-host/ezsatsa/test-terraform/ec2-elb/varibles.tf
2019-01-04 09:08:54:840 [INFO ] file-system-watcher: Indexed file:///home/sameer/test-terraform/cvc-eu-lab-tf-host/ezsatsa/test-terraform/ec2-elb/main.tf
2019-01-04 09:08:54:854 [INFO ] file-system-watcher: Indexed file:///home/sameer/test-terraform/cvc-eu-lab-tf-host/ezsatsa/test-terraform/aws-img-machine/backend.tf
2019-01-04 09:08:54:862 [INFO ] file-system-watcher: Indexed file:///home/sameer/test-terraform/cvc-eu-lab-tf-host/ezsatsa/test-terraform/aws-img-machine/provider.tf
2019-01-04 09:08:54:894 [INFO ] file-system-watcher: Indexed file:///home/sameer/test-terraform/cvc-eu-lab-tf-host/ezsatsa/test-terraform/aws-img-machine/main.tf
2019-01-04 09:08:54:921 [INFO ] file-system-watcher: Indexed file:///home/sameer/test-terraform/cvc-eu-lab-tf-host/ezsatsa/test-terraform/aws-img-machine/variables.tf
2019-01-04 09:08:54:929 [INFO ] file-system-watcher: Indexed file:///home/sameer/test-terraform/cvc-eu-lab-tf-host/ezsatsa/test-terraform/s3-backend/main.tf
2019-01-04 09:08:54:944 [INFO ] file-system-watcher: Indexed file:///home/sameer/test-terraform/cvc-eu-lab-tf-host/ezsatsa/test-terraform/dynamoDB-backend/main.tf
2019-01-04 09:08:54:954 [INFO ] file-system-watcher: Indexed file:///home/sameer/test-terraform/cvc-eu-lab-tf-host/ezsatsa/test-terraform/single-ec2/outputs.tf
2019-01-04 09:08:54:964 [INFO ] file-system-watcher: Indexed file:///home/sameer/test-terraform/cvc-eu-lab-tf-host/ezsatsa/test-terraform/single-ec2/main.tf
2019-01-04 09:08:55:004 [INFO ] file-system-watcher: Indexed file:///home/sameer/test-terraform/cvc-eu-lab-tf-host/ezsatsa/test-terraform/docker-swarm/resources.tf
2019-01-04 09:08:55:027 [INFO ] file-system-watcher: Indexed file:///home/sameer/test-terraform/cvc-eu-lab-tf-host/ezsatsa/test-terraform/docker-swarm/backend.tf
2019-01-04 09:08:55:036 [INFO ] file-system-watcher: Indexed file:///home/sameer/test-terraform/cvc-eu-lab-tf-host/ezsatsa/test-terraform/docker-swarm/provider.tf
2019-01-04 09:08:55:057 [INFO ] file-system-watcher: Indexed file:///home/sameer/test-terraform/cvc-eu-lab-tf-host/ezsatsa/test-terraform/docker-swarm/varibles.tf
2019-01-04 09:08:55:070 [INFO ] file-system-watcher: Indexed file:///home/sameer/test-terraform/cvc-eu-lab-tf-host/ezsatsa/test-terraform/docker-swarm/outputs.tf
2019-01-04 09:08:55:094 [INFO ] file-system-watcher: Indexed file:///home/sameer/test-terraform/cvc-eu-lab-tf-host/ezsatsa/test-terraform/docker-swarm/security_groups.tf
2019-01-04 09:08:55:131 [INFO ] file-system-watcher: Indexed file:///home/sameer/test-terraform/cvc-eu-lab-tf-host/ezsatsa/test-terraform/cloudmapper/backend.tf
2019-01-04 09:08:55:200 [INFO ] file-system-watcher: Indexed file:///home/sameer/test-terraform/cvc-eu-lab-tf-host/ezsatsa/test-terraform/cloudmapper/varibles.tf
2019-01-04 09:08:55:415 [INFO ] file-system-watcher: Indexed file:///home/sameer/test-terraform/cvc-eu-lab-tf-host/ezsatsa/test-terraform/cloudmapper/iam_roles.tf
2019-01-04 09:08:55:432 [INFO ] file-system-watcher: Indexed file:///home/sameer/test-terraform/cvc-eu-lab-tf-host/ezsatsa/test-terraform/cloudmapper/outputs.tf
2019-01-04 09:08:55:477 [INFO ] file-system-watcher: Indexed file:///home/sameer/test-terraform/cvc-eu-lab-tf-host/ezsatsa/test-terraform/cloudmapper/main.tf
2019-01-04 09:08:55:494 [INFO ] file-system-watcher: Indexed file:///home/sameer/test-terraform/cvc-eu-lab-tf-host/ezsatsa/test-terraform/cloudmapper/security_groups.tf
2019-01-04 09:08:55:520 [INFO ] file-system-watcher: Indexed file:///home/sameer/test-terraform/cvc-eu-lab-tf-host/ezsatsa/test-terraform/ami-transfer/backend.tf
2019-01-04 09:08:55:540 [INFO ] file-system-watcher: Indexed file:///home/sameer/test-terraform/cvc-eu-lab-tf-host/ezsatsa/test-terraform/ami-transfer/provider.tf
2019-01-04 09:08:55:563 [INFO ] file-system-watcher: Indexed file:///home/sameer/test-terraform/cvc-eu-lab-tf-host/ezsatsa/test-terraform/ami-transfer/main.tf
2019-01-04 09:08:55:576 [INFO ] file-system-watcher: Indexed file:///home/sameer/test-terraform/cvc-eu-lab-tf-host/ezsatsa/test-terraform/ami-transfer/variables.tf
2019-01-04 09:08:55:587 [INFO ] file-system-watcher: Indexed file:///home/sameer/test-terraform/cvc-eu-lab-tf-host/ezsatsa/test-terraform/hyperglance-test/backend.tf
2019-01-04 09:08:55:617 [INFO ] file-system-watcher: Indexed file:///home/sameer/test-terraform/cvc-eu-lab-tf-host/ezsatsa/test-terraform/hyperglance-test/varibles.tf
2019-01-04 09:08:55:837 [INFO ] file-system-watcher: Indexed file:///home/sameer/test-terraform/cvc-eu-lab-tf-host/ezsatsa/test-terraform/hyperglance-test/iam_roles.tf
2019-01-04 09:08:55:844 [INFO ] file-system-watcher: Indexed file:///home/sameer/test-terraform/cvc-eu-lab-tf-host/ezsatsa/test-terraform/hyperglance-test/outputs.tf
2019-01-04 09:08:55:872 [INFO ] file-system-watcher: Indexed file:///home/sameer/test-terraform/cvc-eu-lab-tf-host/ezsatsa/test-terraform/hyperglance-test/main.tf
2019-01-04 09:08:55:896 [INFO ] file-system-watcher: Indexed file:///home/sameer/test-terraform/cvc-eu-lab-tf-host/ezsatsa/test-terraform/hyperglance-test/security_groups.tf
2019-01-04 09:08:55:904 [INFO ] file-system-watcher: Indexed file:///home/sameer/test-terraform/cvc-eu-lab-tf-host/ezsatsa/test-terraform/internal-dns/terraform/common/provider.tf
2019-01-04 09:08:55:926 [INFO ] file-system-watcher: Indexed file:///home/sameer/test-terraform/cvc-eu-lab-tf-host/ezsatsa/test-terraform/internal-dns/terraform/common/output.tf
2019-01-04 09:08:55:980 [INFO ] file-system-watcher: Indexed file:///home/sameer/test-terraform/cvc-eu-lab-tf-host/ezsatsa/test-terraform/internal-dns/terraform/common/main.tf
2019-01-04 09:08:55:999 [INFO ] file-system-watcher: Indexed file:///home/sameer/test-terraform/cvc-eu-lab-tf-host/ezsatsa/test-terraform/internal-dns/terraform/common/variables.tf
2019-01-04 09:08:56:008 [INFO ] file-system-watcher: Indexed file:///home/sameer/test-terraform/cvc-eu-lab-tf-host/ezsatsa/test-terraform/internal-dns/terraform/test/backend.tf
2019-01-04 09:08:56:016 [INFO ] file-system-watcher: Indexed file:///home/sameer/test-terraform/cvc-eu-lab-tf-host/ezsatsa/test-terraform/internal-dns/terraform/test/provider.tf
2019-01-04 09:08:56:024 [INFO ] file-system-watcher: Indexed file:///home/sameer/test-terraform/cvc-eu-lab-tf-host/ezsatsa/test-terraform/internal-dns/terraform/test/output.tf
2019-01-04 09:08:56:032 [INFO ] file-system-watcher: Indexed file:///home/sameer/test-terraform/cvc-eu-lab-tf-host/ezsatsa/test-terraform/internal-dns/terraform/test/terraform.tfvars
2019-01-04 09:08:56:096 [INFO ] file-system-watcher: Indexed file:///home/sameer/test-terraform/cvc-eu-lab-tf-host/ezsatsa/test-terraform/internal-dns/terraform/test/main.tf
2019-01-04 09:08:56:120 [INFO ] file-system-watcher: Indexed file:///home/sameer/test-terraform/cvc-eu-lab-tf-host/ezsatsa/test-terraform/internal-dns/terraform/test/variables.tf
2019-01-04 09:08:56:125 [INFO ] file-system-watcher: Indexed file:///home/sameer/test-terraform/cvc-eu-lab-tf-host/ezsatsa/ex-aws/output.tf
2019-01-04 09:08:56:135 [INFO ] file-system-watcher: Indexed file:///home/sameer/test-terraform/cvc-eu-lab-tf-host/ezsatsa/ex-aws/example.tf
2019-01-04 09:08:56:147 [INFO ] file-system-watcher: Indexed file:///home/sameer/test-terraform/cvc-eu-lab-tf-host/ezsatsa/ex-aws/variables.tf
