[2019-01-07 18:44:20.228] [exthost1] [info] extension host started
[2019-01-07 18:44:20.275] [exthost1] [info] ExtensionService#_doActivateExtension vscode.debug-auto-launch {"startup":true,"activationEvent":"*"}
[2019-01-07 18:44:20.279] [exthost1] [info] ExtensionService#loadCommonJSModule /usr/share/code/resources/app/extensions/debug-auto-launch/out/extension
[2019-01-07 18:44:20.302] [exthost1] [info] ExtensionService#_doActivateExtension vscode.emmet {"startup":true,"activationEvent":"*"}
[2019-01-07 18:44:20.304] [exthost1] [info] ExtensionService#loadCommonJSModule /usr/share/code/resources/app/extensions/emmet/out/extension
[2019-01-07 18:44:20.455] [exthost1] [info] ExtensionService#_doActivateExtension vscode.git {"startup":true,"activationEvent":"*"}
[2019-01-07 18:44:20.457] [exthost1] [info] ExtensionService#loadCommonJSModule /usr/share/code/resources/app/extensions/git/out/main
[2019-01-07 18:44:20.943] [exthost1] [info] ExtensionService#_doActivateExtension vscode.merge-conflict {"startup":true,"activationEvent":"*"}
[2019-01-07 18:44:20.949] [exthost1] [info] ExtensionService#loadCommonJSModule /usr/share/code/resources/app/extensions/merge-conflict/out/extension
[2019-01-07 18:44:20.990] [exthost1] [info] ExtensionService#_doActivateExtension vscode.search-rg {"startup":true,"activationEvent":"*"}
[2019-01-07 18:44:20.991] [exthost1] [info] ExtensionService#loadCommonJSModule /usr/share/code/resources/app/extensions/search-rg/out/extension
[2019-01-07 18:44:22.305] [exthost1] [info] ExtensionService#_doActivateExtension mauve.terraform {"startup":true,"activationEvent":"workspaceContains:**/*.tf"}
[2019-01-07 18:44:22.305] [exthost1] [info] ExtensionService#loadCommonJSModule /home/sameer/.vscode/extensions/mauve.terraform-1.3.7/out/src/extension
[2019-01-07 18:44:23.954] [exthost1] [info] ExtensionService#_doActivateExtension ms-vscode.azure-account {"startup":true,"activationEvent":"workspaceContains:**/*.tf"}
[2019-01-07 18:44:23.954] [exthost1] [info] ExtensionService#loadCommonJSModule /home/sameer/.vscode/extensions/ms-vscode.azure-account-0.4.3/out/src/extension
[2019-01-07 18:44:25.435] [exthost1] [info] eager extensions activated
[2019-01-07 18:44:25.498] [exthost1] [info] ExtensionService#_doActivateExtension ms-azuretools.vscode-azureterraform {"startup":true,"activationEvent":"workspaceContains:**/*.tf"}
[2019-01-07 18:44:25.499] [exthost1] [info] ExtensionService#loadCommonJSModule /home/sameer/.vscode/extensions/ms-azuretools.vscode-azureterraform-0.2.2/out/extension
[2019-01-07 18:45:35.112] [exthost1] [info] ExtensionService#_doActivateExtension GrapeCity.gc-excelviewer {"startup":false,"activationEvent":"onLanguage:plaintext"}
[2019-01-07 18:45:35.112] [exthost1] [info] ExtensionService#loadCommonJSModule /home/sameer/.vscode/extensions/grapecity.gc-excelviewer-2.1.26/out/src/extension
