[2019-01-07 18:44:21.715] [sharedprocess] [info] main {"machineId":"7fe60762976c2f720bd9db903f5214d5ee67fd699deb623a17fbc06e82acc6ed"}
[2019-01-07 18:44:21.927] [sharedprocess] [info] Scanned user extensions: 10
[2019-01-07 18:44:21.995] [sharedprocess] [info] Scanned user extensions: 10
[2019-01-07 18:44:22.012] [sharedprocess] [info] Scanned user extensions: 10
[2019-01-07 18:44:22.146] [sharedprocess] [info] Scanned user extensions: 10
[2019-01-07 18:44:22.385] [sharedprocess] [info] Scanned system extensions: 71
[2019-01-07 18:44:22.391] [sharedprocess] [info] Scanned system extensions: 71
[2019-01-07 18:44:24.518] [sharedprocess] [info] Installing extension: vscode-docker
[2019-01-07 18:44:24.542] [sharedprocess] [info] Scanned user extensions: 10
[2019-01-07 18:44:25.161] [sharedprocess] [info] Downloaded extension: vscode-docker /tmp/94ac62f7-462f-4b74-8a36-32de215b5c5b
[2019-01-07 18:44:26.155] [sharedprocess] [info] Extracted extension to /home/sameer/.vscode/extensions/.peterjausovec.vscode-docker-0.5.0: peterjausovec.vscode-docker-0.5.0
[2019-01-07 18:44:26.156] [sharedprocess] [info] Renamed to /home/sameer/.vscode/extensions/peterjausovec.vscode-docker-0.5.0
[2019-01-07 18:44:26.156] [sharedprocess] [info] Installation completed. peterjausovec.vscode-docker-0.5.0
[2019-01-07 18:44:26.222] [sharedprocess] [info] Scanned user extensions: 10
[2019-01-07 18:44:26.274] [sharedprocess] [info] Scanned system extensions: 71
[2019-01-07 18:44:26.277] [sharedprocess] [info] Extensions installed successfully: peterjausovec.vscode-docker
[2019-01-07 18:44:26.420] [sharedprocess] [info] Scanned user extensions: 10
[2019-01-07 18:44:26.494] [sharedprocess] [info] Scanned system extensions: 71
[2019-01-07 18:45:01.735] [sharedprocess] [info] Starting to clean up unused language packs.
[2019-01-07 18:49:22.209] [sharedprocess] [info] Scanned user extensions: 10
[2019-01-07 18:54:22.250] [sharedprocess] [info] Scanned user extensions: 10
[2019-01-07 18:59:22.301] [sharedprocess] [info] Scanned user extensions: 10
[2019-01-07 19:04:22.335] [sharedprocess] [info] Scanned user extensions: 10
[2019-01-07 19:08:52.703] [sharedprocess] [info] Scanned user extensions: 10
[2019-01-07 19:08:52.704] [sharedprocess] [info] Scanned user extensions: 10
[2019-01-07 19:08:52.729] [sharedprocess] [info] Scanned user extensions: 10
[2019-01-07 19:08:52.916] [sharedprocess] [info] Scanned system extensions: 71
[2019-01-07 19:08:52.926] [sharedprocess] [info] Scanned system extensions: 71
[2019-01-07 19:08:54.993] [sharedprocess] [info] Scanned user extensions: 10
[2019-01-07 19:09:12.301] [sharedprocess] [info] Scanned user extensions: 10
[2019-01-07 19:09:12.302] [sharedprocess] [info] Scanned user extensions: 10
[2019-01-07 19:09:12.373] [sharedprocess] [info] Scanned system extensions: 71
[2019-01-07 19:09:15.514] [sharedprocess] [info] Scanned user extensions: 10
[2019-01-07 19:09:22.400] [sharedprocess] [info] Scanned user extensions: 10
[2019-01-07 19:14:15.577] [sharedprocess] [info] Scanned user extensions: 10
[2019-01-07 19:14:22.435] [sharedprocess] [info] Scanned user extensions: 10
[2019-01-07 19:19:15.601] [sharedprocess] [info] Scanned user extensions: 10
[2019-01-07 19:19:22.454] [sharedprocess] [info] Scanned user extensions: 10
[2019-01-07 19:24:15.621] [sharedprocess] [info] Scanned user extensions: 10
[2019-01-07 19:24:22.477] [sharedprocess] [info] Scanned user extensions: 10
[2019-01-07 19:29:15.658] [sharedprocess] [info] Scanned user extensions: 10
[2019-01-07 19:29:22.500] [sharedprocess] [info] Scanned user extensions: 10
[2019-01-07 19:34:15.701] [sharedprocess] [info] Scanned user extensions: 10
[2019-01-07 19:34:22.603] [sharedprocess] [info] Scanned user extensions: 10
[2019-01-07 19:39:15.731] [sharedprocess] [info] Scanned user extensions: 10
[2019-01-07 19:39:22.627] [sharedprocess] [info] Scanned user extensions: 10
[2019-01-07 19:44:15.752] [sharedprocess] [info] Scanned user extensions: 10
[2019-01-07 19:44:22.645] [sharedprocess] [info] Scanned user extensions: 10
[2019-01-07 19:49:15.785] [sharedprocess] [info] Scanned user extensions: 10
[2019-01-07 19:49:22.663] [sharedprocess] [info] Scanned user extensions: 10
[2019-01-07 19:54:15.805] [sharedprocess] [info] Scanned user extensions: 10
[2019-01-07 19:54:22.681] [sharedprocess] [info] Scanned user extensions: 10
[2019-01-07 19:59:15.837] [sharedprocess] [info] Scanned user extensions: 10
[2019-01-07 19:59:22.706] [sharedprocess] [info] Scanned user extensions: 10
[2019-01-07 20:04:15.856] [sharedprocess] [info] Scanned user extensions: 10
[2019-01-07 20:04:22.729] [sharedprocess] [info] Scanned user extensions: 10
[2019-01-07 20:09:15.878] [sharedprocess] [info] Scanned user extensions: 10
[2019-01-07 20:09:22.759] [sharedprocess] [info] Scanned user extensions: 10
[2019-01-07 20:14:15.902] [sharedprocess] [info] Scanned user extensions: 10
[2019-01-07 20:14:22.778] [sharedprocess] [info] Scanned user extensions: 10
[2019-01-07 20:19:15.940] [sharedprocess] [info] Scanned user extensions: 10
[2019-01-07 20:19:22.815] [sharedprocess] [info] Scanned user extensions: 10
[2019-01-07 20:24:15.959] [sharedprocess] [info] Scanned user extensions: 10
[2019-01-07 20:24:22.835] [sharedprocess] [info] Scanned user extensions: 10
[2019-01-07 20:29:15.985] [sharedprocess] [info] Scanned user extensions: 10
[2019-01-07 20:29:22.853] [sharedprocess] [info] Scanned user extensions: 10
[2019-01-07 20:34:16.007] [sharedprocess] [info] Scanned user extensions: 10
[2019-01-07 20:34:23.006] [sharedprocess] [info] Scanned user extensions: 10
[2019-01-07 20:39:16.024] [sharedprocess] [info] Scanned user extensions: 10
[2019-01-07 20:39:23.028] [sharedprocess] [info] Scanned user extensions: 10
[2019-01-07 20:44:16.054] [sharedprocess] [info] Scanned user extensions: 10
[2019-01-07 20:44:23.059] [sharedprocess] [info] Scanned user extensions: 10
[2019-01-07 20:49:16.082] [sharedprocess] [info] Scanned user extensions: 10
[2019-01-07 20:49:23.087] [sharedprocess] [info] Scanned user extensions: 10
[2019-01-07 20:54:16.100] [sharedprocess] [info] Scanned user extensions: 10
[2019-01-07 20:54:23.111] [sharedprocess] [info] Scanned user extensions: 10
[2019-01-07 20:59:16.132] [sharedprocess] [info] Scanned user extensions: 10
[2019-01-07 20:59:23.146] [sharedprocess] [info] Scanned user extensions: 10
[2019-01-07 21:04:16.149] [sharedprocess] [info] Scanned user extensions: 10
[2019-01-07 21:04:23.165] [sharedprocess] [info] Scanned user extensions: 10
[2019-01-07 21:09:16.176] [sharedprocess] [info] Scanned user extensions: 10
[2019-01-07 21:09:23.214] [sharedprocess] [info] Scanned user extensions: 10
[2019-01-07 21:14:16.225] [sharedprocess] [info] Scanned user extensions: 10
