2019-01-07 17:27:06:790 [INFO ] runner: Found Terraform binary terraform with version 0.11.8
2019-01-07 17:27:06:831 [INFO ] runner: Found Terraform binary /usr/bin/terraform with version 0.11.8
2019-01-07 17:27:06:851 [INFO ] file-system-watcher: Crawling workspace for terraform files...
2019-01-07 17:27:07:215 [INFO ] file-system-watcher: Indexed file:///home/sameer/test-terraform/vcc-cn-prod-tf-host/projects/vcc-cn/gocd/components/gocd-vcc/terraform/aws/server/output.tf
2019-01-07 17:27:07:227 [INFO ] file-system-watcher: Indexed file:///home/sameer/test-terraform/vcc-cn-prod-tf-host/projects/vcc-cn/gocd/components/gocd-vcc/terraform/aws/server/restore_backup.tf
2019-01-07 17:27:07:271 [INFO ] file-system-watcher: Indexed file:///home/sameer/test-terraform/vcc-cn-prod-tf-host/projects/vcc-cn/gocd/components/gocd-vcc/terraform/aws/server/test/test.tf
2019-01-07 17:27:07:283 [INFO ] file-system-watcher: Indexed file:///home/sameer/test-terraform/vcc-cn-prod-tf-host/projects/vcc-cn/gocd/components/gocd-vcc/terraform/aws/server/test/output.tf
2019-01-07 17:27:07:460 [INFO ] file-system-watcher: Indexed file:///home/sameer/test-terraform/vcc-cn-prod-tf-host/projects/vcc-cn/gocd/components/gocd-vcc/terraform/aws/server/iam_role.tf
2019-01-07 17:27:07:790 [INFO ] file-system-watcher: Indexed file:///home/sameer/test-terraform/vcc-cn-prod-tf-host/projects/vcc-cn/gocd/components/gocd-vcc/terraform/aws/server/main.tf
2019-01-07 17:27:07:923 [INFO ] file-system-watcher: Indexed file:///home/sameer/test-terraform/vcc-cn-prod-tf-host/projects/vcc-cn/gocd/components/gocd-vcc/terraform/aws/server/variables.tf
2019-01-07 17:27:07:934 [INFO ] file-system-watcher: Indexed file:///home/sameer/test-terraform/vcc-cn-prod-tf-host/projects/vcc-cn/gocd/components/gocd-vcc/terraform/aws/shared/output.tf
2019-01-07 17:27:07:945 [INFO ] file-system-watcher: Indexed file:///home/sameer/test-terraform/vcc-cn-prod-tf-host/projects/vcc-cn/gocd/components/gocd-vcc/terraform/aws/shared/test/test.tf
2019-01-07 17:27:07:964 [INFO ] file-system-watcher: Indexed file:///home/sameer/test-terraform/vcc-cn-prod-tf-host/projects/vcc-cn/gocd/components/gocd-vcc/terraform/aws/shared/main.tf
2019-01-07 17:27:07:993 [INFO ] file-system-watcher: Indexed file:///home/sameer/test-terraform/vcc-cn-prod-tf-host/projects/vcc-cn/gocd/components/gocd-vcc/terraform/aws/shared/variables.tf
2019-01-07 17:27:08:023 [INFO ] file-system-watcher: Indexed file:///home/sameer/test-terraform/vcc-cn-prod-tf-host/projects/vcc-cn/gocd/components/gocd-vcc/terraform/aws/postgres/output.tf
2019-01-07 17:27:08:066 [INFO ] file-system-watcher: Indexed file:///home/sameer/test-terraform/vcc-cn-prod-tf-host/projects/vcc-cn/gocd/components/gocd-vcc/terraform/aws/postgres/main.tf
2019-01-07 17:27:08:105 [INFO ] file-system-watcher: Indexed file:///home/sameer/test-terraform/vcc-cn-prod-tf-host/projects/vcc-cn/gocd/components/gocd-vcc/terraform/aws/postgres/variables.tf
2019-01-07 17:27:08:126 [INFO ] file-system-watcher: Indexed file:///home/sameer/test-terraform/vcc-cn-prod-tf-host/projects/vcc-cn/gocd/components/gocd-vcc/terraform/aws/agent/output.tf
2019-01-07 17:27:08:149 [INFO ] file-system-watcher: Indexed file:///home/sameer/test-terraform/vcc-cn-prod-tf-host/projects/vcc-cn/gocd/components/gocd-vcc/terraform/aws/agent/restore_backup.tf
2019-01-07 17:27:08:188 [INFO ] file-system-watcher: Indexed file:///home/sameer/test-terraform/vcc-cn-prod-tf-host/projects/vcc-cn/gocd/components/gocd-vcc/terraform/aws/agent/test/test.tf
2019-01-07 17:27:08:233 [INFO ] file-system-watcher: Indexed file:///home/sameer/test-terraform/vcc-cn-prod-tf-host/projects/vcc-cn/gocd/components/gocd-vcc/terraform/aws/agent/iam_role.tf
2019-01-07 17:27:08:328 [INFO ] file-system-watcher: Indexed file:///home/sameer/test-terraform/vcc-cn-prod-tf-host/projects/vcc-cn/gocd/components/gocd-vcc/terraform/aws/agent/main.tf
2019-01-07 17:27:08:363 [INFO ] file-system-watcher: Indexed file:///home/sameer/test-terraform/vcc-cn-prod-tf-host/projects/vcc-cn/gocd/components/gocd-vcc/terraform/aws/agent/variables.tf
2019-01-07 17:27:08:398 [INFO ] file-system-watcher: Indexed file:///home/sameer/test-terraform/vcc-cn-prod-tf-host/projects/vcc-cn/gocd/terraform/access/backend.tf
2019-01-07 17:27:08:445 [INFO ] file-system-watcher: Indexed file:///home/sameer/test-terraform/vcc-cn-prod-tf-host/projects/vcc-cn/gocd/terraform/access/provider.tf
2019-01-07 17:27:08:462 [INFO ] file-system-watcher: Indexed file:///home/sameer/test-terraform/vcc-cn-prod-tf-host/projects/vcc-cn/gocd/terraform/access/remote_states.tf
2019-01-07 17:27:08:547 [INFO ] file-system-watcher: Indexed file:///home/sameer/test-terraform/vcc-cn-prod-tf-host/projects/vcc-cn/gocd/terraform/access/access.tf
2019-01-07 17:27:08:563 [INFO ] file-system-watcher: Indexed file:///home/sameer/test-terraform/vcc-cn-prod-tf-host/projects/vcc-cn/gocd/terraform/access/output.tf
2019-01-07 17:27:08:595 [INFO ] file-system-watcher: Indexed file:///home/sameer/test-terraform/vcc-cn-prod-tf-host/projects/vcc-cn/gocd/terraform/access/terraform.tfvars
2019-01-07 17:27:08:602 [INFO ] file-system-watcher: Indexed file:///home/sameer/test-terraform/vcc-cn-prod-tf-host/projects/vcc-cn/gocd/terraform/access/variables_access.tf
2019-01-07 17:27:08:669 [INFO ] file-system-watcher: Indexed file:///home/sameer/test-terraform/vcc-cn-prod-tf-host/projects/vcc-cn/gocd/terraform/access/main.tf
2019-01-07 17:27:08:678 [INFO ] file-system-watcher: Indexed file:///home/sameer/test-terraform/vcc-cn-prod-tf-host/projects/vcc-cn/gocd/terraform/access/access-global.auto.tfvars
2019-01-07 17:27:08:769 [INFO ] file-system-watcher: Indexed file:///home/sameer/test-terraform/vcc-cn-prod-tf-host/projects/vcc-cn/gocd/terraform/access/variables.tf
2019-01-07 17:27:08:787 [INFO ] file-system-watcher: Indexed file:///home/sameer/test-terraform/vcc-cn-prod-tf-host/projects/vcc-cn/gocd/terraform/access/dns_provider.tf
2019-01-07 17:27:08:802 [INFO ] file-system-watcher: Indexed file:///home/sameer/test-terraform/vcc-cn-prod-tf-host/projects/vcc-cn/gocd/terraform/common/provider.tf
2019-01-07 17:27:08:815 [INFO ] file-system-watcher: Indexed file:///home/sameer/test-terraform/vcc-cn-prod-tf-host/projects/vcc-cn/gocd/terraform/common/output.tf
2019-01-07 17:27:08:949 [INFO ] file-system-watcher: Indexed file:///home/sameer/test-terraform/vcc-cn-prod-tf-host/projects/vcc-cn/gocd/terraform/common/main.tf
2019-01-07 17:27:09:037 [INFO ] file-system-watcher: Indexed file:///home/sameer/test-terraform/vcc-cn-prod-tf-host/projects/vcc-cn/gocd/terraform/common/variables.tf
2019-01-07 17:27:09:070 [INFO ] file-system-watcher: Indexed file:///home/sameer/test-terraform/vcc-cn-prod-tf-host/projects/vcc-cn/grafana/common/provider.tf
2019-01-07 17:27:09:075 [INFO ] file-system-watcher: Indexed file:///home/sameer/test-terraform/vcc-cn-prod-tf-host/projects/vcc-cn/grafana/common/variables.tf
2019-01-07 17:27:09:116 [INFO ] file-system-watcher: Indexed file:///home/sameer/test-terraform/vcc-cn-prod-tf-host/projects/vcc-cn/grafana/qa/qa.auto.tfvars
2019-01-07 17:27:09:154 [INFO ] file-system-watcher: Indexed file:///home/sameer/test-terraform/vcc-cn-prod-tf-host/projects/vcc-cn/grafana/qa/backend.tf
2019-01-07 17:27:09:162 [INFO ] file-system-watcher: Indexed file:///home/sameer/test-terraform/vcc-cn-prod-tf-host/projects/vcc-cn/grafana/qa/provider.tf
2019-01-07 17:27:09:174 [INFO ] file-system-watcher: Indexed file:///home/sameer/test-terraform/vcc-cn-prod-tf-host/projects/vcc-cn/grafana/qa/remote_states.tf
2019-01-07 17:27:09:183 [INFO ] file-system-watcher: Indexed file:///home/sameer/test-terraform/vcc-cn-prod-tf-host/projects/vcc-cn/grafana/qa/terraform.tfvars
2019-01-07 17:27:09:228 [INFO ] file-system-watcher: Indexed file:///home/sameer/test-terraform/vcc-cn-prod-tf-host/projects/vcc-cn/grafana/qa/main.tf
2019-01-07 17:27:09:233 [INFO ] file-system-watcher: Indexed file:///home/sameer/test-terraform/vcc-cn-prod-tf-host/projects/vcc-cn/grafana/qa/variables.tf
2019-01-07 17:27:09:238 [INFO ] file-system-watcher: Indexed file:///home/sameer/test-terraform/vcc-cn-prod-tf-host/projects/vcc-cn/grafana/qa/dns-records.tf
2019-01-07 17:27:09:243 [INFO ] file-system-watcher: Indexed file:///home/sameer/test-terraform/vcc-cn-prod-tf-host/projects/vcc-cn/grafana/prod/backend.tf
2019-01-07 17:27:09:270 [INFO ] file-system-watcher: Indexed file:///home/sameer/test-terraform/vcc-cn-prod-tf-host/projects/vcc-cn/grafana/prod/provider.tf
2019-01-07 17:27:09:289 [INFO ] file-system-watcher: Indexed file:///home/sameer/test-terraform/vcc-cn-prod-tf-host/projects/vcc-cn/grafana/prod/remote_states.tf
2019-01-07 17:27:09:300 [INFO ] file-system-watcher: Indexed file:///home/sameer/test-terraform/vcc-cn-prod-tf-host/projects/vcc-cn/grafana/prod/production.auto.tfvars
2019-01-07 17:27:09:307 [INFO ] file-system-watcher: Indexed file:///home/sameer/test-terraform/vcc-cn-prod-tf-host/projects/vcc-cn/grafana/prod/variables.tf
2019-01-07 17:27:09:318 [INFO ] file-system-watcher: Indexed file:///home/sameer/test-terraform/vcc-cn-prod-tf-host/projects/vcc-cn/grafana/prod/dns-records.tf
2019-01-07 17:27:09:344 [INFO ] file-system-watcher: Indexed file:///home/sameer/test-terraform/vcc-cn-prod-tf-host/projects/vcc-cn/elk/common/provider.tf
2019-01-07 17:27:09:357 [INFO ] file-system-watcher: Indexed file:///home/sameer/test-terraform/vcc-cn-prod-tf-host/projects/vcc-cn/elk/common/variables.tf
2019-01-07 17:27:09:477 [INFO ] file-system-watcher: Indexed file:///home/sameer/test-terraform/vcc-cn-prod-tf-host/projects/vcc-cn/elk/test/backend.tf
2019-01-07 17:27:09:557 [INFO ] file-system-watcher: Indexed file:///home/sameer/test-terraform/vcc-cn-prod-tf-host/projects/vcc-cn/elk/test/provider.tf
2019-01-07 17:27:09:570 [INFO ] file-system-watcher: Indexed file:///home/sameer/test-terraform/vcc-cn-prod-tf-host/projects/vcc-cn/elk/test/remote_states.tf
2019-01-07 17:27:09:575 [INFO ] file-system-watcher: Indexed file:///home/sameer/test-terraform/vcc-cn-prod-tf-host/projects/vcc-cn/elk/test/test.auto.tfvars
2019-01-07 17:27:09:586 [INFO ] file-system-watcher: Indexed file:///home/sameer/test-terraform/vcc-cn-prod-tf-host/projects/vcc-cn/elk/test/variables.tf
2019-01-07 17:27:09:595 [INFO ] file-system-watcher: Indexed file:///home/sameer/test-terraform/vcc-cn-prod-tf-host/projects/vcc-cn/elk/test/dns-records.tf
2019-01-07 17:27:09:612 [INFO ] file-system-watcher: Indexed file:///home/sameer/test-terraform/vcc-cn-prod-tf-host/projects/vcc-cn/elk/qa/qa.auto.tfvars
2019-01-07 17:27:09:623 [INFO ] file-system-watcher: Indexed file:///home/sameer/test-terraform/vcc-cn-prod-tf-host/projects/vcc-cn/elk/qa/backend.tf
2019-01-07 17:27:09:656 [INFO ] file-system-watcher: Indexed file:///home/sameer/test-terraform/vcc-cn-prod-tf-host/projects/vcc-cn/elk/qa/provider.tf
2019-01-07 17:27:09:681 [INFO ] file-system-watcher: Indexed file:///home/sameer/test-terraform/vcc-cn-prod-tf-host/projects/vcc-cn/elk/qa/remote_states.tf
2019-01-07 17:27:09:733 [INFO ] file-system-watcher: Indexed file:///home/sameer/test-terraform/vcc-cn-prod-tf-host/projects/vcc-cn/elk/qa/variables.tf
2019-01-07 17:27:09:772 [INFO ] file-system-watcher: Indexed file:///home/sameer/test-terraform/vcc-cn-prod-tf-host/projects/vcc-cn/elk/qa/dns-records.tf
2019-01-07 17:27:09:779 [INFO ] file-system-watcher: Indexed file:///home/sameer/test-terraform/vcc-cn-prod-tf-host/projects/vcc-cn/elk/prod/backend.tf
2019-01-07 17:27:09:788 [INFO ] file-system-watcher: Indexed file:///home/sameer/test-terraform/vcc-cn-prod-tf-host/projects/vcc-cn/elk/prod/provider.tf
2019-01-07 17:27:09:798 [INFO ] file-system-watcher: Indexed file:///home/sameer/test-terraform/vcc-cn-prod-tf-host/projects/vcc-cn/elk/prod/remote_states.tf
2019-01-07 17:27:09:803 [INFO ] file-system-watcher: Indexed file:///home/sameer/test-terraform/vcc-cn-prod-tf-host/projects/vcc-cn/elk/prod/production.auto.tfvars
2019-01-07 17:27:09:807 [INFO ] file-system-watcher: Indexed file:///home/sameer/test-terraform/vcc-cn-prod-tf-host/projects/vcc-cn/elk/prod/variables.tf
2019-01-07 17:27:09:830 [INFO ] file-system-watcher: Indexed file:///home/sameer/test-terraform/vcc-cn-prod-tf-host/projects/vcc-cn/elk/prod/dns-records.tf
2019-01-07 17:27:09:837 [INFO ] file-system-watcher: Indexed file:///home/sameer/test-terraform/vcc-cn-prod-tf-host/projects/vcc-cn/pre-setup/components/pre-setup/terraform/aws-cn/output.tf
2019-01-07 17:27:09:851 [INFO ] file-system-watcher: Indexed file:///home/sameer/test-terraform/vcc-cn-prod-tf-host/projects/vcc-cn/pre-setup/components/pre-setup/terraform/aws-cn/test/test.tf
2019-01-07 17:27:09:885 [INFO ] file-system-watcher: Indexed file:///home/sameer/test-terraform/vcc-cn-prod-tf-host/projects/vcc-cn/pre-setup/components/pre-setup/terraform/aws-cn/main.tf
2019-01-07 17:27:09:899 [INFO ] file-system-watcher: Indexed file:///home/sameer/test-terraform/vcc-cn-prod-tf-host/projects/vcc-cn/pre-setup/components/pre-setup/terraform/aws-cn/variable.tf
2019-01-07 17:27:09:905 [INFO ] file-system-watcher: Indexed file:///home/sameer/test-terraform/vcc-cn-prod-tf-host/projects/vcc-cn/pre-setup/terraform/common/provider.tf
2019-01-07 17:27:09:918 [INFO ] file-system-watcher: Indexed file:///home/sameer/test-terraform/vcc-cn-prod-tf-host/projects/vcc-cn/pre-setup/terraform/common/output.tf
2019-01-07 17:27:09:929 [INFO ] file-system-watcher: Indexed file:///home/sameer/test-terraform/vcc-cn-prod-tf-host/projects/vcc-cn/pre-setup/terraform/common/main.tf
2019-01-07 17:27:09:939 [INFO ] file-system-watcher: Indexed file:///home/sameer/test-terraform/vcc-cn-prod-tf-host/projects/vcc-cn/pre-setup/terraform/common/variable.tf
2019-01-07 17:27:09:952 [INFO ] file-system-watcher: Indexed file:///home/sameer/test-terraform/vcc-cn-prod-tf-host/projects/vcc-cn/pre-setup/terraform/test/backend.tf
2019-01-07 17:27:09:961 [INFO ] file-system-watcher: Indexed file:///home/sameer/test-terraform/vcc-cn-prod-tf-host/projects/vcc-cn/pre-setup/terraform/test/provider.tf
2019-01-07 17:27:09:972 [INFO ] file-system-watcher: Indexed file:///home/sameer/test-terraform/vcc-cn-prod-tf-host/projects/vcc-cn/pre-setup/terraform/test/output.tf
2019-01-07 17:27:10:004 [INFO ] file-system-watcher: Indexed file:///home/sameer/test-terraform/vcc-cn-prod-tf-host/projects/vcc-cn/pre-setup/terraform/test/terraform.tfvars
2019-01-07 17:27:10:039 [INFO ] file-system-watcher: Indexed file:///home/sameer/test-terraform/vcc-cn-prod-tf-host/projects/vcc-cn/pre-setup/terraform/test/main.tf
2019-01-07 17:27:10:054 [INFO ] file-system-watcher: Indexed file:///home/sameer/test-terraform/vcc-cn-prod-tf-host/projects/vcc-cn/pre-setup/terraform/test/test.auto.tfvars
2019-01-07 17:27:10:068 [INFO ] file-system-watcher: Indexed file:///home/sameer/test-terraform/vcc-cn-prod-tf-host/projects/vcc-cn/pre-setup/terraform/test/variable.tf
2019-01-07 17:27:10:077 [INFO ] file-system-watcher: Indexed file:///home/sameer/test-terraform/vcc-cn-prod-tf-host/projects/vcc-cn/pre-setup/terraform/qa/qa.auto.tfvars
2019-01-07 17:27:10:090 [INFO ] file-system-watcher: Indexed file:///home/sameer/test-terraform/vcc-cn-prod-tf-host/projects/vcc-cn/pre-setup/terraform/qa/backend.tf
2019-01-07 17:27:10:110 [INFO ] file-system-watcher: Indexed file:///home/sameer/test-terraform/vcc-cn-prod-tf-host/projects/vcc-cn/pre-setup/terraform/qa/provider.tf
2019-01-07 17:27:10:127 [INFO ] file-system-watcher: Indexed file:///home/sameer/test-terraform/vcc-cn-prod-tf-host/projects/vcc-cn/pre-setup/terraform/qa/output.tf
2019-01-07 17:27:10:139 [INFO ] file-system-watcher: Indexed file:///home/sameer/test-terraform/vcc-cn-prod-tf-host/projects/vcc-cn/pre-setup/terraform/qa/terraform.tfvars
2019-01-07 17:27:10:155 [INFO ] file-system-watcher: Indexed file:///home/sameer/test-terraform/vcc-cn-prod-tf-host/projects/vcc-cn/pre-setup/terraform/qa/main.tf
2019-01-07 17:27:10:186 [INFO ] file-system-watcher: Indexed file:///home/sameer/test-terraform/vcc-cn-prod-tf-host/projects/vcc-cn/pre-setup/terraform/qa/variable.tf
2019-01-07 17:27:10:213 [INFO ] file-system-watcher: Indexed file:///home/sameer/test-terraform/vcc-cn-prod-tf-host/projects/vcc-cn/pre-setup/terraform/prod/backend.tf
2019-01-07 17:27:10:227 [INFO ] file-system-watcher: Indexed file:///home/sameer/test-terraform/vcc-cn-prod-tf-host/projects/vcc-cn/pre-setup/terraform/prod/provider.tf
2019-01-07 17:27:10:240 [INFO ] file-system-watcher: Indexed file:///home/sameer/test-terraform/vcc-cn-prod-tf-host/projects/vcc-cn/pre-setup/terraform/prod/output.tf
2019-01-07 17:27:10:254 [INFO ] file-system-watcher: Indexed file:///home/sameer/test-terraform/vcc-cn-prod-tf-host/projects/vcc-cn/pre-setup/terraform/prod/terraform.tfvars
2019-01-07 17:27:10:269 [INFO ] file-system-watcher: Indexed file:///home/sameer/test-terraform/vcc-cn-prod-tf-host/projects/vcc-cn/pre-setup/terraform/prod/production.auto.tfvars
2019-01-07 17:27:10:281 [INFO ] file-system-watcher: Indexed file:///home/sameer/test-terraform/vcc-cn-prod-tf-host/projects/vcc-cn/pre-setup/terraform/prod/main.tf
2019-01-07 17:27:10:295 [INFO ] file-system-watcher: Indexed file:///home/sameer/test-terraform/vcc-cn-prod-tf-host/projects/vcc-cn/pre-setup/terraform/prod/variable.tf
2019-01-07 17:27:10:306 [INFO ] file-system-watcher: Indexed file:///home/sameer/test-terraform/vcc-cn-prod-tf-host/projects/vcc-cn/common/terraform-modules/vm/terraform/aws/output.tf
2019-01-07 17:27:10:332 [INFO ] file-system-watcher: Indexed file:///home/sameer/test-terraform/vcc-cn-prod-tf-host/projects/vcc-cn/common/terraform-modules/vm/terraform/aws/test/test.tf
2019-01-07 17:27:10:365 [INFO ] file-system-watcher: Indexed file:///home/sameer/test-terraform/vcc-cn-prod-tf-host/projects/vcc-cn/common/terraform-modules/vm/terraform/aws/main.tf
2019-01-07 17:27:10:417 [INFO ] file-system-watcher: Indexed file:///home/sameer/test-terraform/vcc-cn-prod-tf-host/projects/vcc-cn/common/terraform-modules/vm/terraform/aws/variables.tf
2019-01-07 17:27:10:444 [INFO ] file-system-watcher: Indexed file:///home/sameer/test-terraform/vcc-cn-prod-tf-host/projects/vcc-cn/common/terraform-modules/create-ecr/aws/output.tf
2019-01-07 17:27:10:456 [INFO ] file-system-watcher: Indexed file:///home/sameer/test-terraform/vcc-cn-prod-tf-host/projects/vcc-cn/common/terraform-modules/create-ecr/aws/test/test.tf
2019-01-07 17:27:10:471 [INFO ] file-system-watcher: Indexed file:///home/sameer/test-terraform/vcc-cn-prod-tf-host/projects/vcc-cn/common/terraform-modules/create-ecr/aws/main.tf
2019-01-07 17:27:10:485 [INFO ] file-system-watcher: Indexed file:///home/sameer/test-terraform/vcc-cn-prod-tf-host/projects/vcc-cn/common/terraform-modules/create-ecr/aws/variables.tf
2019-01-07 17:27:10:494 [INFO ] file-system-watcher: Indexed file:///home/sameer/test-terraform/vcc-cn-prod-tf-host/projects/vcc-cn/common/terraform-modules/ami-copy/aws/output.tf
2019-01-07 17:27:10:505 [INFO ] file-system-watcher: Indexed file:///home/sameer/test-terraform/vcc-cn-prod-tf-host/projects/vcc-cn/common/terraform-modules/ami-copy/aws/test/test.tf
2019-01-07 17:27:10:522 [INFO ] file-system-watcher: Indexed file:///home/sameer/test-terraform/vcc-cn-prod-tf-host/projects/vcc-cn/common/terraform-modules/ami-copy/aws/main.tf
2019-01-07 17:27:10:539 [INFO ] file-system-watcher: Indexed file:///home/sameer/test-terraform/vcc-cn-prod-tf-host/projects/vcc-cn/common/terraform-modules/ami-copy/aws/variables.tf
2019-01-07 17:27:10:551 [INFO ] file-system-watcher: Indexed file:///home/sameer/test-terraform/vcc-cn-prod-tf-host/projects/vcc-cn/common/terraform-modules/create-iam-user/aws/output.tf
2019-01-07 17:27:10:558 [INFO ] file-system-watcher: Indexed file:///home/sameer/test-terraform/vcc-cn-prod-tf-host/projects/vcc-cn/common/terraform-modules/create-iam-user/aws/test/test.tf
2019-01-07 17:27:10:579 [INFO ] file-system-watcher: Indexed file:///home/sameer/test-terraform/vcc-cn-prod-tf-host/projects/vcc-cn/common/terraform-modules/create-iam-user/aws/main.tf
2019-01-07 17:27:10:590 [INFO ] file-system-watcher: Indexed file:///home/sameer/test-terraform/vcc-cn-prod-tf-host/projects/vcc-cn/common/terraform-modules/create-iam-user/aws/variables.tf
2019-01-07 17:27:10:605 [INFO ] file-system-watcher: Indexed file:///home/sameer/test-terraform/vcc-cn-prod-tf-host/projects/vcc-cn/common/terraform-modules/create-iam-ecr-group/aws/output.tf
2019-01-07 17:27:10:626 [INFO ] file-system-watcher: Indexed file:///home/sameer/test-terraform/vcc-cn-prod-tf-host/projects/vcc-cn/common/terraform-modules/create-iam-ecr-group/aws/test/test.tf
2019-01-07 17:27:10:643 [INFO ] file-system-watcher: Indexed file:///home/sameer/test-terraform/vcc-cn-prod-tf-host/projects/vcc-cn/common/terraform-modules/create-iam-ecr-group/aws/main.tf
2019-01-07 17:27:10:654 [INFO ] file-system-watcher: Indexed file:///home/sameer/test-terraform/vcc-cn-prod-tf-host/projects/vcc-cn/common/terraform-modules/create-iam-ecr-group/aws/variables.tf
2019-01-07 17:27:10:671 [INFO ] file-system-watcher: Indexed file:///home/sameer/test-terraform/vcc-cn-prod-tf-host/projects/vcc-cn/ami_build_vpc/terraform/test/backend.tf
2019-01-07 17:27:10:685 [INFO ] file-system-watcher: Indexed file:///home/sameer/test-terraform/vcc-cn-prod-tf-host/projects/vcc-cn/ami_build_vpc/terraform/test/provider.tf
2019-01-07 17:27:10:692 [INFO ] file-system-watcher: Indexed file:///home/sameer/test-terraform/vcc-cn-prod-tf-host/projects/vcc-cn/ami_build_vpc/terraform/test/output.tf
2019-01-07 17:27:10:789 [INFO ] file-system-watcher: Indexed file:///home/sameer/test-terraform/vcc-cn-prod-tf-host/projects/vcc-cn/ami_build_vpc/terraform/test/main.tf
2019-01-07 17:27:10:836 [INFO ] file-system-watcher: Indexed file:///home/sameer/test-terraform/vcc-cn-prod-tf-host/projects/vcc-cn/apcera/components/apcera/terraform/aws-cn/splunk_override.tf
2019-01-07 17:27:10:894 [INFO ] file-system-watcher: Indexed file:///home/sameer/test-terraform/vcc-cn-prod-tf-host/projects/vcc-cn/apcera/components/apcera/terraform/aws-cn/apcera-aws-auditlog.tf
2019-01-07 17:27:10:915 [INFO ] file-system-watcher: Indexed file:///home/sameer/test-terraform/vcc-cn-prod-tf-host/projects/vcc-cn/apcera/components/apcera/terraform/aws-cn/providers.tf
2019-01-07 17:27:10:920 [INFO ] file-system-watcher: Indexed file:///home/sameer/test-terraform/vcc-cn-prod-tf-host/projects/vcc-cn/apcera/components/apcera/terraform/aws-cn/eip_override.tf
2019-01-07 17:27:10:981 [INFO ] file-system-watcher: Indexed file:///home/sameer/test-terraform/vcc-cn-prod-tf-host/projects/vcc-cn/apcera/components/apcera/terraform/aws-cn/gluster.tf
2019-01-07 17:27:11:051 [INFO ] file-system-watcher: Indexed file:///home/sameer/test-terraform/vcc-cn-prod-tf-host/projects/vcc-cn/apcera/components/apcera/terraform/aws-cn/nlb-http-blue-green.tf
2019-01-07 17:27:11:137 [INFO ] file-system-watcher: Indexed file:///home/sameer/test-terraform/vcc-cn-prod-tf-host/projects/vcc-cn/apcera/components/apcera/terraform/aws-cn/routers-without-elb-blue-green.tf
2019-01-07 17:27:11:164 [INFO ] file-system-watcher: Indexed file:///home/sameer/test-terraform/vcc-cn-prod-tf-host/projects/vcc-cn/apcera/components/apcera/terraform/aws-cn/apcera-aws-splunk.tf
2019-01-07 17:27:11:556 [INFO ] file-system-watcher: Indexed file:///home/sameer/test-terraform/vcc-cn-prod-tf-host/projects/vcc-cn/apcera/components/apcera/terraform/aws-cn/apcera-aws.tf
2019-01-07 17:27:11:598 [INFO ] file-system-watcher: Indexed file:///home/sameer/test-terraform/vcc-cn-prod-tf-host/projects/vcc-cn/apcera/components/apcera/terraform/aws-cn/security-group_override.tf
2019-01-07 17:27:11:637 [INFO ] file-system-watcher: Indexed file:///home/sameer/test-terraform/vcc-cn-prod-tf-host/projects/vcc-cn/apcera/components/apcera/terraform/aws-cn/apcera-aws-vpc_override.tf
2019-01-07 17:27:11:854 [INFO ] file-system-watcher: Indexed file:///home/sameer/test-terraform/vcc-cn-prod-tf-host/projects/vcc-cn/apcera/components/apcera/terraform/aws-cn/cluster_conf.tf
2019-01-07 17:27:11:871 [INFO ] file-system-watcher: Indexed file:///home/sameer/test-terraform/vcc-cn-prod-tf-host/projects/vcc-cn/apcera/components/apcera/terraform/aws-cn/public-ip_override.tf
2019-01-07 17:27:11:885 [INFO ] file-system-watcher: Indexed file:///home/sameer/test-terraform/vcc-cn-prod-tf-host/projects/vcc-cn/apcera/components/apcera/terraform/aws-cn/elb_override.tf
2019-01-07 17:27:11:889 [INFO ] file-system-watcher: Indexed file:///home/sameer/test-terraform/vcc-cn-prod-tf-host/projects/vcc-cn/apcera/components/apcera/terraform/aws-cn/apcera-aws-unused-components_override.tf
2019-01-07 17:27:11:954 [INFO ] file-system-watcher: Indexed file:///home/sameer/test-terraform/vcc-cn-prod-tf-host/projects/vcc-cn/apcera/components/apcera/terraform/aws-cn/tcp-routers.tf
2019-01-07 17:27:11:980 [INFO ] file-system-watcher: Indexed file:///home/sameer/test-terraform/vcc-cn-prod-tf-host/projects/vcc-cn/apcera/components/apcera/terraform/aws-cn/dns-records.tf
2019-01-07 17:27:12:002 [INFO ] file-system-watcher: Indexed file:///home/sameer/test-terraform/vcc-cn-prod-tf-host/projects/vcc-cn/apcera/components/apcera/terraform/aws-cn/gluster_override.tf
2019-01-07 17:27:12:026 [INFO ] file-system-watcher: Indexed file:///home/sameer/test-terraform/vcc-cn-prod-tf-host/projects/vcc-cn/apcera/components/apcera/terraform/aws/splunk_override.tf
2019-01-07 17:27:12:054 [INFO ] file-system-watcher: Indexed file:///home/sameer/test-terraform/vcc-cn-prod-tf-host/projects/vcc-cn/apcera/components/apcera/terraform/aws/apcera-aws-auditlog.tf
2019-01-07 17:27:12:073 [INFO ] file-system-watcher: Indexed file:///home/sameer/test-terraform/vcc-cn-prod-tf-host/projects/vcc-cn/apcera/components/apcera/terraform/aws/providers.tf
2019-01-07 17:27:12:084 [INFO ] file-system-watcher: Indexed file:///home/sameer/test-terraform/vcc-cn-prod-tf-host/projects/vcc-cn/apcera/components/apcera/terraform/aws/eip_override.tf
2019-01-07 17:27:12:122 [INFO ] file-system-watcher: Indexed file:///home/sameer/test-terraform/vcc-cn-prod-tf-host/projects/vcc-cn/apcera/components/apcera/terraform/aws/gluster.tf
2019-01-07 17:27:12:148 [INFO ] file-system-watcher: Indexed file:///home/sameer/test-terraform/vcc-cn-prod-tf-host/projects/vcc-cn/apcera/components/apcera/terraform/aws/nlb-http-blue-green.tf
2019-01-07 17:27:12:202 [INFO ] file-system-watcher: Indexed file:///home/sameer/test-terraform/vcc-cn-prod-tf-host/projects/vcc-cn/apcera/components/apcera/terraform/aws/routers-without-elb-blue-green.tf
2019-01-07 17:27:12:222 [INFO ] file-system-watcher: Indexed file:///home/sameer/test-terraform/vcc-cn-prod-tf-host/projects/vcc-cn/apcera/components/apcera/terraform/aws/apcera-aws-splunk.tf
2019-01-07 17:27:12:419 [INFO ] file-system-watcher: Indexed file:///home/sameer/test-terraform/vcc-cn-prod-tf-host/projects/vcc-cn/apcera/components/apcera/terraform/aws/apcera-aws.tf
2019-01-07 17:27:12:472 [INFO ] file-system-watcher: Indexed file:///home/sameer/test-terraform/vcc-cn-prod-tf-host/projects/vcc-cn/apcera/components/apcera/terraform/aws/security-group_override.tf
2019-01-07 17:27:12:538 [INFO ] file-system-watcher: Indexed file:///home/sameer/test-terraform/vcc-cn-prod-tf-host/projects/vcc-cn/apcera/components/apcera/terraform/aws/apcera-aws-vpc_override.tf
2019-01-07 17:27:12:707 [INFO ] file-system-watcher: Indexed file:///home/sameer/test-terraform/vcc-cn-prod-tf-host/projects/vcc-cn/apcera/components/apcera/terraform/aws/cluster_conf.tf
2019-01-07 17:27:12:719 [INFO ] file-system-watcher: Indexed file:///home/sameer/test-terraform/vcc-cn-prod-tf-host/projects/vcc-cn/apcera/components/apcera/terraform/aws/public-ip_override.tf
2019-01-07 17:27:12:724 [INFO ] file-system-watcher: Indexed file:///home/sameer/test-terraform/vcc-cn-prod-tf-host/projects/vcc-cn/apcera/components/apcera/terraform/aws/elb_override.tf
2019-01-07 17:27:12:733 [INFO ] file-system-watcher: Indexed file:///home/sameer/test-terraform/vcc-cn-prod-tf-host/projects/vcc-cn/apcera/components/apcera/terraform/aws/apcera-aws-unused-components_override.tf
2019-01-07 17:27:12:765 [INFO ] file-system-watcher: Indexed file:///home/sameer/test-terraform/vcc-cn-prod-tf-host/projects/vcc-cn/apcera/components/apcera/terraform/aws/tcp-routers.tf
2019-01-07 17:27:12:779 [INFO ] file-system-watcher: Indexed file:///home/sameer/test-terraform/vcc-cn-prod-tf-host/projects/vcc-cn/apcera/components/apcera/terraform/aws/dns-records.tf
2019-01-07 17:27:12:833 [INFO ] file-system-watcher: Indexed file:///home/sameer/test-terraform/vcc-cn-prod-tf-host/projects/vcc-cn/apcera/components/apcera/terraform/aws/gluster_override.tf
2019-01-07 17:27:12:869 [INFO ] file-system-watcher: Indexed file:///home/sameer/test-terraform/vcc-cn-prod-tf-host/projects/vcc-cn/apcera/terraform/common/providers.tf
2019-01-07 17:27:12:879 [INFO ] file-system-watcher: Indexed file:///home/sameer/test-terraform/vcc-cn-prod-tf-host/projects/vcc-cn/apcera/terraform/common/access_vpc.tf
2019-01-07 17:27:12:888 [INFO ] file-system-watcher: Indexed file:///home/sameer/test-terraform/vcc-cn-prod-tf-host/projects/vcc-cn/apcera/terraform/common/output.tf
2019-01-07 17:27:12:986 [INFO ] file-system-watcher: Indexed file:///home/sameer/test-terraform/vcc-cn-prod-tf-host/projects/vcc-cn/apcera/terraform/common/tcp_route.tf
2019-01-07 17:27:13:427 [INFO ] file-system-watcher: Indexed file:///home/sameer/test-terraform/vcc-cn-prod-tf-host/projects/vcc-cn/apcera/terraform/common/main.tf
2019-01-07 17:27:13:550 [INFO ] file-system-watcher: Indexed file:///home/sameer/test-terraform/vcc-cn-prod-tf-host/projects/vcc-cn/apcera/terraform/common/variables.tf
2019-01-07 17:27:13:595 [INFO ] file-system-watcher: Indexed file:///home/sameer/test-terraform/vcc-cn-prod-tf-host/projects/vcc-cn/apcera/terraform/test/backend.tf
2019-01-07 17:27:13:622 [INFO ] file-system-watcher: Indexed file:///home/sameer/test-terraform/vcc-cn-prod-tf-host/projects/vcc-cn/apcera/terraform/test/provider.tf
2019-01-07 17:27:13:636 [INFO ] file-system-watcher: Indexed file:///home/sameer/test-terraform/vcc-cn-prod-tf-host/projects/vcc-cn/apcera/terraform/test/remote_states.tf
2019-01-07 17:27:13:649 [INFO ] file-system-watcher: Indexed file:///home/sameer/test-terraform/vcc-cn-prod-tf-host/projects/vcc-cn/apcera/terraform/test/access_vpc.tf
2019-01-07 17:27:13:653 [INFO ] file-system-watcher: Indexed file:///home/sameer/test-terraform/vcc-cn-prod-tf-host/projects/vcc-cn/apcera/terraform/test/output.tf
2019-01-07 17:27:13:667 [INFO ] file-system-watcher: Indexed file:///home/sameer/test-terraform/vcc-cn-prod-tf-host/projects/vcc-cn/apcera/terraform/test/terraform.tfvars
2019-01-07 17:27:13:760 [INFO ] file-system-watcher: Indexed file:///home/sameer/test-terraform/vcc-cn-prod-tf-host/projects/vcc-cn/apcera/terraform/test/main.tf
2019-01-07 17:27:14:042 [INFO ] file-system-watcher: Indexed file:///home/sameer/test-terraform/vcc-cn-prod-tf-host/projects/vcc-cn/apcera/terraform/test/test.auto.tfvars
2019-01-07 17:27:14:103 [INFO ] file-system-watcher: Indexed file:///home/sameer/test-terraform/vcc-cn-prod-tf-host/projects/vcc-cn/apcera/terraform/test/variables.tf
2019-01-07 17:27:14:133 [INFO ] file-system-watcher: Indexed file:///home/sameer/test-terraform/vcc-cn-prod-tf-host/projects/vcc-cn/apcera/terraform/qa/qa.auto.tfvars
2019-01-07 17:27:14:141 [INFO ] file-system-watcher: Indexed file:///home/sameer/test-terraform/vcc-cn-prod-tf-host/projects/vcc-cn/apcera/terraform/qa/backend.tf
2019-01-07 17:27:14:150 [INFO ] file-system-watcher: Indexed file:///home/sameer/test-terraform/vcc-cn-prod-tf-host/projects/vcc-cn/apcera/terraform/qa/provider.tf
2019-01-07 17:27:14:165 [INFO ] file-system-watcher: Indexed file:///home/sameer/test-terraform/vcc-cn-prod-tf-host/projects/vcc-cn/apcera/terraform/qa/remote_states.tf
2019-01-07 17:27:14:175 [INFO ] file-system-watcher: Indexed file:///home/sameer/test-terraform/vcc-cn-prod-tf-host/projects/vcc-cn/apcera/terraform/qa/access_vpc.tf
2019-01-07 17:27:14:183 [INFO ] file-system-watcher: Indexed file:///home/sameer/test-terraform/vcc-cn-prod-tf-host/projects/vcc-cn/apcera/terraform/qa/output.tf
2019-01-07 17:27:14:207 [INFO ] file-system-watcher: Indexed file:///home/sameer/test-terraform/vcc-cn-prod-tf-host/projects/vcc-cn/apcera/terraform/qa/terraform.tfvars
2019-01-07 17:27:14:633 [INFO ] file-system-watcher: Indexed file:///home/sameer/test-terraform/vcc-cn-prod-tf-host/projects/vcc-cn/apcera/terraform/qa/main.tf
2019-01-07 17:27:14:712 [INFO ] file-system-watcher: Indexed file:///home/sameer/test-terraform/vcc-cn-prod-tf-host/projects/vcc-cn/apcera/terraform/qa/variables.tf
2019-01-07 17:27:14:722 [INFO ] file-system-watcher: Indexed file:///home/sameer/test-terraform/vcc-cn-prod-tf-host/projects/vcc-cn/traffic-generator/access/backend.tf
2019-01-07 17:27:14:735 [INFO ] file-system-watcher: Indexed file:///home/sameer/test-terraform/vcc-cn-prod-tf-host/projects/vcc-cn/traffic-generator/access/provider.tf
2019-01-07 17:27:14:742 [INFO ] file-system-watcher: Indexed file:///home/sameer/test-terraform/vcc-cn-prod-tf-host/projects/vcc-cn/traffic-generator/access/access.auto.tfvars
2019-01-07 17:27:14:749 [INFO ] file-system-watcher: Indexed file:///home/sameer/test-terraform/vcc-cn-prod-tf-host/projects/vcc-cn/traffic-generator/access/terraform.tfvars
2019-01-07 17:27:14:787 [INFO ] file-system-watcher: Indexed file:///home/sameer/test-terraform/vcc-cn-prod-tf-host/projects/vcc-cn/traffic-generator/access/variables.tf
2019-01-07 17:27:14:798 [INFO ] file-system-watcher: Indexed file:///home/sameer/test-terraform/vcc-cn-prod-tf-host/projects/vcc-cn/traffic-generator/access/dns-records.tf
2019-01-07 17:27:14:806 [INFO ] file-system-watcher: Indexed file:///home/sameer/test-terraform/vcc-cn-prod-tf-host/projects/vcc-cn/traffic-generator/common/provider.tf
2019-01-07 17:27:14:814 [INFO ] file-system-watcher: Indexed file:///home/sameer/test-terraform/vcc-cn-prod-tf-host/projects/vcc-cn/traffic-generator/common/variables.tf
2019-01-07 17:27:14:832 [INFO ] file-system-watcher: Indexed file:///home/sameer/test-terraform/vcc-cn-prod-tf-host/projects/vcc-cn/vpc/access/backend.tf
2019-01-07 17:27:14:851 [INFO ] file-system-watcher: Indexed file:///home/sameer/test-terraform/vcc-cn-prod-tf-host/projects/vcc-cn/vpc/access/provider.tf
2019-01-07 17:27:14:866 [INFO ] file-system-watcher: Indexed file:///home/sameer/test-terraform/vcc-cn-prod-tf-host/projects/vcc-cn/vpc/access/output.tf
2019-01-07 17:27:14:873 [INFO ] file-system-watcher: Indexed file:///home/sameer/test-terraform/vcc-cn-prod-tf-host/projects/vcc-cn/vpc/access/terraform.tfvars
2019-01-07 17:27:14:923 [INFO ] file-system-watcher: Indexed file:///home/sameer/test-terraform/vcc-cn-prod-tf-host/projects/vcc-cn/vpc/access/main.tf
2019-01-07 17:27:14:933 [INFO ] file-system-watcher: Indexed file:///home/sameer/test-terraform/vcc-cn-prod-tf-host/projects/vcc-cn/vpc/access/variables.tf
2019-01-07 17:27:14:939 [INFO ] file-system-watcher: Indexed file:///home/sameer/test-terraform/vcc-cn-prod-tf-host/projects/vcc-cn/vpc/qa/qa.auto.tfvars
2019-01-07 17:27:14:949 [INFO ] file-system-watcher: Indexed file:///home/sameer/test-terraform/vcc-cn-prod-tf-host/projects/vcc-cn/vpc/qa/backend.tf
2019-01-07 17:27:14:955 [INFO ] file-system-watcher: Indexed file:///home/sameer/test-terraform/vcc-cn-prod-tf-host/projects/vcc-cn/vpc/qa/provider.tf
2019-01-07 17:27:14:977 [INFO ] file-system-watcher: Indexed file:///home/sameer/test-terraform/vcc-cn-prod-tf-host/projects/vcc-cn/vpc/qa/output.tf
2019-01-07 17:27:14:983 [INFO ] file-system-watcher: Indexed file:///home/sameer/test-terraform/vcc-cn-prod-tf-host/projects/vcc-cn/vpc/qa/terraform.tfvars
2019-01-07 17:27:14:995 [INFO ] file-system-watcher: Indexed file:///home/sameer/test-terraform/vcc-cn-prod-tf-host/projects/vcc-cn/vpc/qa/main.tf
2019-01-07 17:27:15:005 [INFO ] file-system-watcher: Indexed file:///home/sameer/test-terraform/vcc-cn-prod-tf-host/projects/vcc-cn/vpc/qa/variables.tf
2019-01-07 17:27:15:016 [INFO ] file-system-watcher: Indexed file:///home/sameer/test-terraform/vcc-cn-prod-tf-host/projects/vcc-cn/vpc/prod/backend.tf
2019-01-07 17:27:15:027 [INFO ] file-system-watcher: Indexed file:///home/sameer/test-terraform/vcc-cn-prod-tf-host/projects/vcc-cn/vpc/prod/provider.tf
2019-01-07 17:27:15:042 [INFO ] file-system-watcher: Indexed file:///home/sameer/test-terraform/vcc-cn-prod-tf-host/projects/vcc-cn/vpc/prod/output.tf
2019-01-07 17:27:15:050 [INFO ] file-system-watcher: Indexed file:///home/sameer/test-terraform/vcc-cn-prod-tf-host/projects/vcc-cn/vpc/prod/terraform.tfvars
2019-01-07 17:27:15:081 [INFO ] file-system-watcher: Indexed file:///home/sameer/test-terraform/vcc-cn-prod-tf-host/projects/vcc-cn/vpc/prod/production.auto.tfvars
2019-01-07 17:27:15:111 [INFO ] file-system-watcher: Indexed file:///home/sameer/test-terraform/vcc-cn-prod-tf-host/projects/vcc-cn/vpc/prod/main.tf
2019-01-07 17:27:15:143 [INFO ] file-system-watcher: Indexed file:///home/sameer/test-terraform/vcc-cn-prod-tf-host/projects/vcc-cn/vpc/prod/variables.tf
2019-01-07 17:27:15:149 [INFO ] file-system-watcher: Indexed file:///home/sameer/test-terraform/vcc-cn-prod-tf-host/projects/vcc-cn/terraform-host/components/terraform-host/terraform/aws/output.tf
2019-01-07 17:27:15:163 [INFO ] file-system-watcher: Indexed file:///home/sameer/test-terraform/vcc-cn-prod-tf-host/projects/vcc-cn/terraform-host/components/terraform-host/terraform/aws/test/test.tf
2019-01-07 17:27:15:185 [INFO ] file-system-watcher: Indexed file:///home/sameer/test-terraform/vcc-cn-prod-tf-host/projects/vcc-cn/terraform-host/components/terraform-host/terraform/aws/main.tf
2019-01-07 17:27:15:203 [INFO ] file-system-watcher: Indexed file:///home/sameer/test-terraform/vcc-cn-prod-tf-host/projects/vcc-cn/terraform-host/components/terraform-host/terraform/aws/variables.tf
2019-01-07 17:27:15:209 [INFO ] file-system-watcher: Indexed file:///home/sameer/test-terraform/vcc-cn-prod-tf-host/projects/vcc-cn/terraform-host/terraform/access/backend.tf
2019-01-07 17:27:15:213 [INFO ] file-system-watcher: Indexed file:///home/sameer/test-terraform/vcc-cn-prod-tf-host/projects/vcc-cn/terraform-host/terraform/access/provider.tf
2019-01-07 17:27:15:219 [INFO ] file-system-watcher: Indexed file:///home/sameer/test-terraform/vcc-cn-prod-tf-host/projects/vcc-cn/terraform-host/terraform/access/prod.tf
2019-01-07 17:27:15:226 [INFO ] file-system-watcher: Indexed file:///home/sameer/test-terraform/vcc-cn-prod-tf-host/projects/vcc-cn/terraform-host/terraform/access/output.tf
2019-01-07 17:27:15:230 [INFO ] file-system-watcher: Indexed file:///home/sameer/test-terraform/vcc-cn-prod-tf-host/projects/vcc-cn/terraform-host/terraform/access/terraform.tfvars
2019-01-07 17:27:15:237 [INFO ] file-system-watcher: Indexed file:///home/sameer/test-terraform/vcc-cn-prod-tf-host/projects/vcc-cn/terraform-host/terraform/access/production.auto.tfvars
2019-01-07 17:27:15:250 [INFO ] file-system-watcher: Indexed file:///home/sameer/test-terraform/vcc-cn-prod-tf-host/projects/vcc-cn/terraform-host/terraform/access/main.tf
2019-01-07 17:27:15:265 [INFO ] file-system-watcher: Indexed file:///home/sameer/test-terraform/vcc-cn-prod-tf-host/projects/vcc-cn/terraform-host/terraform/access/variables.tf
2019-01-07 17:27:15:269 [INFO ] file-system-watcher: Indexed file:///home/sameer/test-terraform/vcc-cn-prod-tf-host/projects/vcc-cn/terraform-host/terraform/common/provider.tf
2019-01-07 17:27:15:276 [INFO ] file-system-watcher: Indexed file:///home/sameer/test-terraform/vcc-cn-prod-tf-host/projects/vcc-cn/terraform-host/terraform/common/output.tf
2019-01-07 17:27:15:286 [INFO ] file-system-watcher: Indexed file:///home/sameer/test-terraform/vcc-cn-prod-tf-host/projects/vcc-cn/terraform-host/terraform/common/main.tf
2019-01-07 17:27:15:293 [INFO ] file-system-watcher: Indexed file:///home/sameer/test-terraform/vcc-cn-prod-tf-host/projects/vcc-cn/terraform-host/terraform/common/variables.tf
2019-01-07 17:27:15:298 [INFO ] file-system-watcher: Indexed file:///home/sameer/test-terraform/vcc-cn-prod-tf-host/projects/vcc-cn/terraform-host/terraform/test/backend.tf
2019-01-07 17:27:15:302 [INFO ] file-system-watcher: Indexed file:///home/sameer/test-terraform/vcc-cn-prod-tf-host/projects/vcc-cn/terraform-host/terraform/test/provider.tf
2019-01-07 17:27:15:310 [INFO ] file-system-watcher: Indexed file:///home/sameer/test-terraform/vcc-cn-prod-tf-host/projects/vcc-cn/terraform-host/terraform/test/output.tf
2019-01-07 17:27:15:315 [INFO ] file-system-watcher: Indexed file:///home/sameer/test-terraform/vcc-cn-prod-tf-host/projects/vcc-cn/terraform-host/terraform/test/terraform.tfvars
2019-01-07 17:27:15:333 [INFO ] file-system-watcher: Indexed file:///home/sameer/test-terraform/vcc-cn-prod-tf-host/projects/vcc-cn/terraform-host/terraform/test/main.tf
2019-01-07 17:27:15:342 [INFO ] file-system-watcher: Indexed file:///home/sameer/test-terraform/vcc-cn-prod-tf-host/projects/vcc-cn/terraform-host/terraform/test/test.auto.tfvars
2019-01-07 17:27:15:348 [INFO ] file-system-watcher: Indexed file:///home/sameer/test-terraform/vcc-cn-prod-tf-host/projects/vcc-cn/terraform-host/terraform/test/variables.tf
2019-01-07 17:27:15:363 [INFO ] file-system-watcher: Indexed file:///home/sameer/test-terraform/vcc-cn-prod-tf-host/projects/vcc-cn/terraform-host/terraform/qa/qa.auto.tfvars
2019-01-07 17:27:15:371 [INFO ] file-system-watcher: Indexed file:///home/sameer/test-terraform/vcc-cn-prod-tf-host/projects/vcc-cn/terraform-host/terraform/qa/backend.tf
2019-01-07 17:27:15:379 [INFO ] file-system-watcher: Indexed file:///home/sameer/test-terraform/vcc-cn-prod-tf-host/projects/vcc-cn/terraform-host/terraform/qa/provider.tf
2019-01-07 17:27:15:385 [INFO ] file-system-watcher: Indexed file:///home/sameer/test-terraform/vcc-cn-prod-tf-host/projects/vcc-cn/terraform-host/terraform/qa/output.tf
2019-01-07 17:27:15:395 [INFO ] file-system-watcher: Indexed file:///home/sameer/test-terraform/vcc-cn-prod-tf-host/projects/vcc-cn/terraform-host/terraform/qa/terraform.tfvars
2019-01-07 17:27:15:415 [INFO ] file-system-watcher: Indexed file:///home/sameer/test-terraform/vcc-cn-prod-tf-host/projects/vcc-cn/terraform-host/terraform/qa/main.tf
2019-01-07 17:27:15:422 [INFO ] file-system-watcher: Indexed file:///home/sameer/test-terraform/vcc-cn-prod-tf-host/projects/vcc-cn/terraform-host/terraform/qa/variables.tf
2019-01-07 17:27:15:430 [INFO ] file-system-watcher: Indexed file:///home/sameer/test-terraform/vcc-cn-prod-tf-host/projects/vcc-cn/terraform-host/terraform/prod/backend.tf
2019-01-07 17:27:15:437 [INFO ] file-system-watcher: Indexed file:///home/sameer/test-terraform/vcc-cn-prod-tf-host/projects/vcc-cn/terraform-host/terraform/prod/provider.tf
2019-01-07 17:27:15:446 [INFO ] file-system-watcher: Indexed file:///home/sameer/test-terraform/vcc-cn-prod-tf-host/projects/vcc-cn/terraform-host/terraform/prod/output.tf
2019-01-07 17:27:15:481 [INFO ] file-system-watcher: Indexed file:///home/sameer/test-terraform/vcc-cn-prod-tf-host/projects/vcc-cn/terraform-host/terraform/prod/terraform.tfvars
2019-01-07 17:27:15:490 [INFO ] file-system-watcher: Indexed file:///home/sameer/test-terraform/vcc-cn-prod-tf-host/projects/vcc-cn/terraform-host/terraform/prod/production.auto.tfvars
2019-01-07 17:27:15:534 [INFO ] file-system-watcher: Indexed file:///home/sameer/test-terraform/vcc-cn-prod-tf-host/projects/vcc-cn/terraform-host/terraform/prod/main.tf
2019-01-07 17:27:15:589 [INFO ] file-system-watcher: Indexed file:///home/sameer/test-terraform/vcc-cn-prod-tf-host/projects/vcc-cn/terraform-host/terraform/prod/variables.tf
2019-01-07 17:27:15:604 [INFO ] file-system-watcher: Indexed file:///home/sameer/test-terraform/vcc-cn-prod-tf-host/projects/vcc-cn/utils/iam-user/backend.tf
2019-01-07 17:27:15:619 [INFO ] file-system-watcher: Indexed file:///home/sameer/test-terraform/vcc-cn-prod-tf-host/projects/vcc-cn/utils/iam-user/provider.tf
2019-01-07 17:27:15:667 [INFO ] file-system-watcher: Indexed file:///home/sameer/test-terraform/vcc-cn-prod-tf-host/projects/vcc-cn/utils/iam-user/vcc-user.tf
2019-01-07 17:27:15:676 [INFO ] file-system-watcher: Indexed file:///home/sameer/test-terraform/vcc-cn-prod-tf-host/projects/vcc-cn/utils/iam-user/output.tf
2019-01-07 17:27:15:689 [INFO ] file-system-watcher: Indexed file:///home/sameer/test-terraform/vcc-cn-prod-tf-host/projects/vcc-cn/utils/iam-user/vcc-output.tf
2019-01-07 17:27:15:732 [INFO ] file-system-watcher: Indexed file:///home/sameer/test-terraform/vcc-cn-prod-tf-host/projects/vcc-cn/utils/iam-user/main.tf
2019-01-07 17:27:15:758 [INFO ] file-system-watcher: Indexed file:///home/sameer/test-terraform/vcc-cn-prod-tf-host/projects/vcc-cn/utils/create-ecr/backend.tf
2019-01-07 17:27:15:785 [INFO ] file-system-watcher: Indexed file:///home/sameer/test-terraform/vcc-cn-prod-tf-host/projects/vcc-cn/utils/create-ecr/provider.tf
2019-01-07 17:27:15:843 [INFO ] file-system-watcher: Indexed file:///home/sameer/test-terraform/vcc-cn-prod-tf-host/projects/vcc-cn/utils/create-ecr/output.tf
2019-01-07 17:27:15:856 [INFO ] file-system-watcher: Indexed file:///home/sameer/test-terraform/vcc-cn-prod-tf-host/projects/vcc-cn/utils/create-ecr/vcc-output.tf
2019-01-07 17:27:15:865 [INFO ] file-system-watcher: Indexed file:///home/sameer/test-terraform/vcc-cn-prod-tf-host/projects/vcc-cn/utils/create-ecr/vcc-ecr.tf
2019-01-07 17:27:15:873 [INFO ] file-system-watcher: Indexed file:///home/sameer/test-terraform/vcc-cn-prod-tf-host/projects/vcc-cn/utils/create-ecr/main.tf
2019-01-07 17:27:15:884 [INFO ] file-system-watcher: Indexed file:///home/sameer/test-terraform/vcc-cn-prod-tf-host/projects/vcc-cn/utils/iam-group/vcc-group.tf
2019-01-07 17:27:15:894 [INFO ] file-system-watcher: Indexed file:///home/sameer/test-terraform/vcc-cn-prod-tf-host/projects/vcc-cn/utils/iam-group/backend.tf
2019-01-07 17:27:15:904 [INFO ] file-system-watcher: Indexed file:///home/sameer/test-terraform/vcc-cn-prod-tf-host/projects/vcc-cn/utils/iam-group/provider.tf
2019-01-07 17:27:15:916 [INFO ] file-system-watcher: Indexed file:///home/sameer/test-terraform/vcc-cn-prod-tf-host/projects/vcc-cn/utils/iam-group/output.tf
2019-01-07 17:27:15:924 [INFO ] file-system-watcher: Indexed file:///home/sameer/test-terraform/vcc-cn-prod-tf-host/projects/vcc-cn/utils/iam-group/vcc-output.tf
2019-01-07 17:27:15:935 [INFO ] file-system-watcher: Indexed file:///home/sameer/test-terraform/vcc-cn-prod-tf-host/projects/vcc-cn/utils/iam-group/main.tf
2019-01-07 17:27:15:944 [INFO ] file-system-watcher: Indexed file:///home/sameer/test-terraform/vcc-cn-prod-tf-host/projects/vcc-cn/utils/ami-transfer/provider.tf
2019-01-07 17:27:15:953 [INFO ] file-system-watcher: Indexed file:///home/sameer/test-terraform/vcc-cn-prod-tf-host/projects/vcc-cn/utils/ami-transfer/output.tf
2019-01-07 17:27:15:963 [INFO ] file-system-watcher: Indexed file:///home/sameer/test-terraform/vcc-cn-prod-tf-host/projects/vcc-cn/utils/ami-transfer/main.tf
2019-01-07 17:27:15:969 [INFO ] file-system-watcher: Indexed file:///home/sameer/test-terraform/vcc-cn-prod-tf-host/projects/vcc-cn/utils/ami-transfer/variables.tf
2019-01-07 17:27:15:978 [INFO ] file-system-watcher: Indexed file:///home/sameer/test-terraform/vcc-cn-prod-tf-host/projects/vcc-cn/ldap/components/access/389ds/terraform/aws/replace_certificate.tf
2019-01-07 17:27:16:003 [INFO ] file-system-watcher: Indexed file:///home/sameer/test-terraform/vcc-cn-prod-tf-host/projects/vcc-cn/ldap/components/access/389ds/terraform/aws/replication.tf
2019-01-07 17:27:16:012 [INFO ] file-system-watcher: Indexed file:///home/sameer/test-terraform/vcc-cn-prod-tf-host/projects/vcc-cn/ldap/components/access/389ds/terraform/aws/output.tf
2019-01-07 17:27:16:019 [INFO ] file-system-watcher: Indexed file:///home/sameer/test-terraform/vcc-cn-prod-tf-host/projects/vcc-cn/ldap/components/access/389ds/terraform/aws/test/test.tf
2019-01-07 17:27:16:036 [INFO ] file-system-watcher: Indexed file:///home/sameer/test-terraform/vcc-cn-prod-tf-host/projects/vcc-cn/ldap/components/access/389ds/terraform/aws/iam_role.tf
2019-01-07 17:27:16:115 [INFO ] file-system-watcher: Indexed file:///home/sameer/test-terraform/vcc-cn-prod-tf-host/projects/vcc-cn/ldap/components/access/389ds/terraform/aws/main.tf
2019-01-07 17:27:16:151 [INFO ] file-system-watcher: Indexed file:///home/sameer/test-terraform/vcc-cn-prod-tf-host/projects/vcc-cn/ldap/components/access/389ds/terraform/aws/variables.tf
2019-01-07 17:27:16:184 [INFO ] file-system-watcher: Indexed file:///home/sameer/test-terraform/vcc-cn-prod-tf-host/projects/vcc-cn/ldap/components/test/389ds/terraform/aws/replace_certificate.tf
2019-01-07 17:27:16:215 [INFO ] file-system-watcher: Indexed file:///home/sameer/test-terraform/vcc-cn-prod-tf-host/projects/vcc-cn/ldap/components/test/389ds/terraform/aws/replication.tf
2019-01-07 17:27:16:234 [INFO ] file-system-watcher: Indexed file:///home/sameer/test-terraform/vcc-cn-prod-tf-host/projects/vcc-cn/ldap/components/test/389ds/terraform/aws/output.tf
2019-01-07 17:27:16:242 [INFO ] file-system-watcher: Indexed file:///home/sameer/test-terraform/vcc-cn-prod-tf-host/projects/vcc-cn/ldap/components/test/389ds/terraform/aws/test/test.tf
2019-01-07 17:27:16:262 [INFO ] file-system-watcher: Indexed file:///home/sameer/test-terraform/vcc-cn-prod-tf-host/projects/vcc-cn/ldap/components/test/389ds/terraform/aws/iam_role.tf
2019-01-07 17:27:16:295 [INFO ] file-system-watcher: Indexed file:///home/sameer/test-terraform/vcc-cn-prod-tf-host/projects/vcc-cn/ldap/components/test/389ds/terraform/aws/main.tf
2019-01-07 17:27:16:325 [INFO ] file-system-watcher: Indexed file:///home/sameer/test-terraform/vcc-cn-prod-tf-host/projects/vcc-cn/ldap/components/test/389ds/terraform/aws/variables.tf
2019-01-07 17:27:16:331 [INFO ] file-system-watcher: Indexed file:///home/sameer/test-terraform/vcc-cn-prod-tf-host/projects/vcc-cn/ldap/terraform/access/backend.tf
2019-01-07 17:27:16:342 [INFO ] file-system-watcher: Indexed file:///home/sameer/test-terraform/vcc-cn-prod-tf-host/projects/vcc-cn/ldap/terraform/access/provider.tf
2019-01-07 17:27:16:351 [INFO ] file-system-watcher: Indexed file:///home/sameer/test-terraform/vcc-cn-prod-tf-host/projects/vcc-cn/ldap/terraform/access/remote_states.tf
2019-01-07 17:27:16:383 [INFO ] file-system-watcher: Indexed file:///home/sameer/test-terraform/vcc-cn-prod-tf-host/projects/vcc-cn/ldap/terraform/access/access.tf
2019-01-07 17:27:16:387 [INFO ] file-system-watcher: Indexed file:///home/sameer/test-terraform/vcc-cn-prod-tf-host/projects/vcc-cn/ldap/terraform/access/output.tf
2019-01-07 17:27:16:399 [INFO ] file-system-watcher: Indexed file:///home/sameer/test-terraform/vcc-cn-prod-tf-host/projects/vcc-cn/ldap/terraform/access/terraform.tfvars
2019-01-07 17:27:16:403 [INFO ] file-system-watcher: Indexed file:///home/sameer/test-terraform/vcc-cn-prod-tf-host/projects/vcc-cn/ldap/terraform/access/variables_access.tf
2019-01-07 17:27:16:418 [INFO ] file-system-watcher: Indexed file:///home/sameer/test-terraform/vcc-cn-prod-tf-host/projects/vcc-cn/ldap/terraform/access/maint.tf
2019-01-07 17:27:16:422 [INFO ] file-system-watcher: Indexed file:///home/sameer/test-terraform/vcc-cn-prod-tf-host/projects/vcc-cn/ldap/terraform/access/access-global.auto.tfvars
2019-01-07 17:27:16:433 [INFO ] file-system-watcher: Indexed file:///home/sameer/test-terraform/vcc-cn-prod-tf-host/projects/vcc-cn/ldap/terraform/access/variables.tf
2019-01-07 17:27:16:440 [INFO ] file-system-watcher: Indexed file:///home/sameer/test-terraform/vcc-cn-prod-tf-host/projects/vcc-cn/ldap/terraform/access/dns_provider.tf
2019-01-07 17:27:16:445 [INFO ] file-system-watcher: Indexed file:///home/sameer/test-terraform/vcc-cn-prod-tf-host/projects/vcc-cn/ldap/terraform/backend.tf
2019-01-07 17:27:16:450 [INFO ] file-system-watcher: Indexed file:///home/sameer/test-terraform/vcc-cn-prod-tf-host/projects/vcc-cn/ldap/terraform/common/provider.tf
2019-01-07 17:27:16:454 [INFO ] file-system-watcher: Indexed file:///home/sameer/test-terraform/vcc-cn-prod-tf-host/projects/vcc-cn/ldap/terraform/common/output.tf
2019-01-07 17:27:16:467 [INFO ] file-system-watcher: Indexed file:///home/sameer/test-terraform/vcc-cn-prod-tf-host/projects/vcc-cn/ldap/terraform/common/main.tf
2019-01-07 17:27:16:478 [INFO ] file-system-watcher: Indexed file:///home/sameer/test-terraform/vcc-cn-prod-tf-host/projects/vcc-cn/ldap/terraform/common/variables.tf
2019-01-07 17:27:16:487 [INFO ] file-system-watcher: Indexed file:///home/sameer/test-terraform/vcc-cn-prod-tf-host/projects/vcc-cn/ldap/terraform/test/backend.tf
2019-01-07 17:27:16:492 [INFO ] file-system-watcher: Indexed file:///home/sameer/test-terraform/vcc-cn-prod-tf-host/projects/vcc-cn/ldap/terraform/test/provider.tf
2019-01-07 17:27:16:500 [INFO ] file-system-watcher: Indexed file:///home/sameer/test-terraform/vcc-cn-prod-tf-host/projects/vcc-cn/ldap/terraform/test/test.tf
2019-01-07 17:27:16:506 [INFO ] file-system-watcher: Indexed file:///home/sameer/test-terraform/vcc-cn-prod-tf-host/projects/vcc-cn/ldap/terraform/test/output.tf
2019-01-07 17:27:16:511 [INFO ] file-system-watcher: Indexed file:///home/sameer/test-terraform/vcc-cn-prod-tf-host/projects/vcc-cn/ldap/terraform/test/terraform.tfvars
2019-01-07 17:27:16:524 [INFO ] file-system-watcher: Indexed file:///home/sameer/test-terraform/vcc-cn-prod-tf-host/projects/vcc-cn/ldap/terraform/test/main.tf
2019-01-07 17:27:16:529 [INFO ] file-system-watcher: Indexed file:///home/sameer/test-terraform/vcc-cn-prod-tf-host/projects/vcc-cn/ldap/terraform/test/test-global.auto.tfvars
2019-01-07 17:27:16:535 [INFO ] file-system-watcher: Indexed file:///home/sameer/test-terraform/vcc-cn-prod-tf-host/projects/vcc-cn/ldap/terraform/test/variables.tf
2019-01-07 17:27:16:540 [INFO ] file-system-watcher: Indexed file:///home/sameer/test-terraform/vcc-cn-prod-tf-host/projects/vcc-cn/global/production.tfvars
2019-01-07 17:27:16:544 [INFO ] file-system-watcher: Indexed file:///home/sameer/test-terraform/vcc-cn-prod-tf-host/projects/vcc-cn/global/provider.tf
2019-01-07 17:27:16:547 [INFO ] file-system-watcher: Indexed file:///home/sameer/test-terraform/vcc-cn-prod-tf-host/projects/vcc-cn/global/access.tfvars
2019-01-07 17:27:16:551 [INFO ] file-system-watcher: Indexed file:///home/sameer/test-terraform/vcc-cn-prod-tf-host/projects/vcc-cn/global/qa.tfvars
2019-01-07 17:27:16:559 [INFO ] file-system-watcher: Indexed file:///home/sameer/test-terraform/vcc-cn-prod-tf-host/projects/vcc-cn/global/test.tfvars
2019-01-07 17:27:16:563 [INFO ] file-system-watcher: Indexed file:///home/sameer/test-terraform/vcc-cn-prod-tf-host/projects/vcc-cn/splunk/terraform/common/provider.tf
2019-01-07 17:27:16:567 [INFO ] file-system-watcher: Indexed file:///home/sameer/test-terraform/vcc-cn-prod-tf-host/projects/vcc-cn/splunk/terraform/common/output.tf
2019-01-07 17:27:16:570 [INFO ] file-system-watcher: Indexed file:///home/sameer/test-terraform/vcc-cn-prod-tf-host/projects/vcc-cn/splunk/terraform/common/main.tf
2019-01-07 17:27:16:573 [INFO ] file-system-watcher: Indexed file:///home/sameer/test-terraform/vcc-cn-prod-tf-host/projects/vcc-cn/splunk/terraform/common/variables.tf
2019-01-07 17:27:16:576 [INFO ] file-system-watcher: Indexed file:///home/sameer/test-terraform/vcc-cn-prod-tf-host/projects/vcc-cn/splunk/terraform/qa/backend.tf
2019-01-07 17:27:16:582 [INFO ] file-system-watcher: Index not generated for: file:///home/sameer/test-terraform/vcc-cn-prod-tf-host/projects/vcc-cn/splunk/terraform/qa/provider.tf
2019-01-07 17:27:16:586 [INFO ] file-system-watcher: Indexed file:///home/sameer/test-terraform/vcc-cn-prod-tf-host/projects/vcc-cn/splunk/terraform/qa/remote_states.tf
2019-01-07 17:27:16:606 [INFO ] file-system-watcher: Index not generated for: file:///home/sameer/test-terraform/vcc-cn-prod-tf-host/projects/vcc-cn/splunk/terraform/qa/output.tf
2019-01-07 17:27:16:610 [INFO ] file-system-watcher: Indexed file:///home/sameer/test-terraform/vcc-cn-prod-tf-host/projects/vcc-cn/splunk/terraform/qa/terraform.tfvars
2019-01-07 17:27:16:625 [INFO ] file-system-watcher: Index not generated for: file:///home/sameer/test-terraform/vcc-cn-prod-tf-host/projects/vcc-cn/splunk/terraform/qa/main.tf
2019-01-07 17:27:16:628 [INFO ] file-system-watcher: Index not generated for: file:///home/sameer/test-terraform/vcc-cn-prod-tf-host/projects/vcc-cn/splunk/terraform/qa/variables.tf
2019-01-07 17:27:16:646 [INFO ] file-system-watcher: Indexed file:///home/sameer/test-terraform/vcc-cn-prod-tf-host/projects/vcc-cn/splunk/terraform/prod/backend.tf
2019-01-07 17:27:16:655 [INFO ] file-system-watcher: Index not generated for: file:///home/sameer/test-terraform/vcc-cn-prod-tf-host/projects/vcc-cn/splunk/terraform/prod/provider.tf
2019-01-07 17:27:16:659 [INFO ] file-system-watcher: Indexed file:///home/sameer/test-terraform/vcc-cn-prod-tf-host/projects/vcc-cn/splunk/terraform/prod/remote_states.tf
2019-01-07 17:27:16:672 [INFO ] file-system-watcher: Indexed file:///home/sameer/test-terraform/vcc-cn-prod-tf-host/projects/vcc-cn/splunk/terraform/prod/test.tf
2019-01-07 17:27:16:676 [INFO ] file-system-watcher: Index not generated for: file:///home/sameer/test-terraform/vcc-cn-prod-tf-host/projects/vcc-cn/splunk/terraform/prod/output.tf
2019-01-07 17:27:16:679 [INFO ] file-system-watcher: Indexed file:///home/sameer/test-terraform/vcc-cn-prod-tf-host/projects/vcc-cn/splunk/terraform/prod/terraform.tfvars
2019-01-07 17:27:16:694 [INFO ] file-system-watcher: Index not generated for: file:///home/sameer/test-terraform/vcc-cn-prod-tf-host/projects/vcc-cn/splunk/terraform/prod/main.tf
2019-01-07 17:27:16:698 [INFO ] file-system-watcher: Index not generated for: file:///home/sameer/test-terraform/vcc-cn-prod-tf-host/projects/vcc-cn/splunk/terraform/prod/variables.tf
2019-01-07 17:27:16:729 [INFO ] file-system-watcher: Indexed file:///home/sameer/test-terraform/vcc-cn-prod-tf-host/projects/vcc-cn/sso/components/access/postgres/aws/output.tf
2019-01-07 17:27:16:798 [INFO ] file-system-watcher: Indexed file:///home/sameer/test-terraform/vcc-cn-prod-tf-host/projects/vcc-cn/sso/components/access/postgres/aws/test/test.tf
2019-01-07 17:27:16:850 [INFO ] file-system-watcher: Indexed file:///home/sameer/test-terraform/vcc-cn-prod-tf-host/projects/vcc-cn/sso/components/access/postgres/aws/main.tf
2019-01-07 17:27:16:870 [INFO ] file-system-watcher: Indexed file:///home/sameer/test-terraform/vcc-cn-prod-tf-host/projects/vcc-cn/sso/components/access/postgres/aws/variables.tf
2019-01-07 17:27:16:875 [INFO ] file-system-watcher: Indexed file:///home/sameer/test-terraform/vcc-cn-prod-tf-host/projects/vcc-cn/sso/components/access/postgres/azure/output.tf
2019-01-07 17:27:16:882 [INFO ] file-system-watcher: Indexed file:///home/sameer/test-terraform/vcc-cn-prod-tf-host/projects/vcc-cn/sso/components/access/postgres/azure/test/test.tf
2019-01-07 17:27:16:906 [INFO ] file-system-watcher: Indexed file:///home/sameer/test-terraform/vcc-cn-prod-tf-host/projects/vcc-cn/sso/components/access/postgres/azure/main.tf
2019-01-07 17:27:16:923 [INFO ] file-system-watcher: Indexed file:///home/sameer/test-terraform/vcc-cn-prod-tf-host/projects/vcc-cn/sso/components/access/postgres/azure/variables.tf
2019-01-07 17:27:16:931 [INFO ] file-system-watcher: Indexed file:///home/sameer/test-terraform/vcc-cn-prod-tf-host/projects/vcc-cn/sso/components/access/keycloak/terraform/aws/output.tf
2019-01-07 17:27:16:943 [INFO ] file-system-watcher: Indexed file:///home/sameer/test-terraform/vcc-cn-prod-tf-host/projects/vcc-cn/sso/components/access/keycloak/terraform/aws/test/test.tf
2019-01-07 17:27:17:049 [INFO ] file-system-watcher: Indexed file:///home/sameer/test-terraform/vcc-cn-prod-tf-host/projects/vcc-cn/sso/components/access/keycloak/terraform/aws/main.tf
2019-01-07 17:27:17:116 [INFO ] file-system-watcher: Indexed file:///home/sameer/test-terraform/vcc-cn-prod-tf-host/projects/vcc-cn/sso/components/access/keycloak/terraform/aws/variables.tf
2019-01-07 17:27:17:122 [INFO ] file-system-watcher: Indexed file:///home/sameer/test-terraform/vcc-cn-prod-tf-host/projects/vcc-cn/sso/components/access/keycloak/terraform/azure/output.tf
2019-01-07 17:27:17:130 [INFO ] file-system-watcher: Indexed file:///home/sameer/test-terraform/vcc-cn-prod-tf-host/projects/vcc-cn/sso/components/access/keycloak/terraform/azure/test/test.tf
2019-01-07 17:27:17:159 [INFO ] file-system-watcher: Indexed file:///home/sameer/test-terraform/vcc-cn-prod-tf-host/projects/vcc-cn/sso/components/access/keycloak/terraform/azure/main.tf
2019-01-07 17:27:17:173 [INFO ] file-system-watcher: Indexed file:///home/sameer/test-terraform/vcc-cn-prod-tf-host/projects/vcc-cn/sso/components/access/keycloak/terraform/azure/variables.tf
2019-01-07 17:27:17:178 [INFO ] file-system-watcher: Indexed file:///home/sameer/test-terraform/vcc-cn-prod-tf-host/projects/vcc-cn/sso/components/access/keycloak/terraform/openstack/outputs.tf
2019-01-07 17:27:17:183 [INFO ] file-system-watcher: Indexed file:///home/sameer/test-terraform/vcc-cn-prod-tf-host/projects/vcc-cn/sso/components/access/keycloak/terraform/openstack/test/main.tf
2019-01-07 17:27:17:196 [INFO ] file-system-watcher: Indexed file:///home/sameer/test-terraform/vcc-cn-prod-tf-host/projects/vcc-cn/sso/components/access/keycloak/terraform/openstack/main.tf
2019-01-07 17:27:17:202 [INFO ] file-system-watcher: Indexed file:///home/sameer/test-terraform/vcc-cn-prod-tf-host/projects/vcc-cn/sso/components/access/keycloak/terraform/openstack/variables.tf
2019-01-07 17:27:17:206 [INFO ] file-system-watcher: Indexed file:///home/sameer/test-terraform/vcc-cn-prod-tf-host/projects/vcc-cn/sso/terraform/access/backend.tf
2019-01-07 17:27:17:213 [INFO ] file-system-watcher: Indexed file:///home/sameer/test-terraform/vcc-cn-prod-tf-host/projects/vcc-cn/sso/terraform/access/provider.tf
2019-01-07 17:27:17:218 [INFO ] file-system-watcher: Indexed file:///home/sameer/test-terraform/vcc-cn-prod-tf-host/projects/vcc-cn/sso/terraform/access/remote_states.tf
2019-01-07 17:27:17:226 [INFO ] file-system-watcher: Indexed file:///home/sameer/test-terraform/vcc-cn-prod-tf-host/projects/vcc-cn/sso/terraform/access/access.tf
2019-01-07 17:27:17:230 [INFO ] file-system-watcher: Indexed file:///home/sameer/test-terraform/vcc-cn-prod-tf-host/projects/vcc-cn/sso/terraform/access/main_override.tf
2019-01-07 17:27:17:240 [INFO ] file-system-watcher: Indexed file:///home/sameer/test-terraform/vcc-cn-prod-tf-host/projects/vcc-cn/sso/terraform/access/output.tf
2019-01-07 17:27:17:246 [INFO ] file-system-watcher: Indexed file:///home/sameer/test-terraform/vcc-cn-prod-tf-host/projects/vcc-cn/sso/terraform/access/terraform.tfvars
2019-01-07 17:27:17:267 [INFO ] file-system-watcher: Indexed file:///home/sameer/test-terraform/vcc-cn-prod-tf-host/projects/vcc-cn/sso/terraform/access/main.tf
2019-01-07 17:27:17:273 [INFO ] file-system-watcher: Indexed file:///home/sameer/test-terraform/vcc-cn-prod-tf-host/projects/vcc-cn/sso/terraform/access/access-global.auto.tfvars
2019-01-07 17:27:17:285 [INFO ] file-system-watcher: Indexed file:///home/sameer/test-terraform/vcc-cn-prod-tf-host/projects/vcc-cn/sso/terraform/access/variables.tf
2019-01-07 17:27:17:293 [INFO ] file-system-watcher: Indexed file:///home/sameer/test-terraform/vcc-cn-prod-tf-host/projects/vcc-cn/sso/terraform/common/provider.tf
2019-01-07 17:27:17:299 [INFO ] file-system-watcher: Indexed file:///home/sameer/test-terraform/vcc-cn-prod-tf-host/projects/vcc-cn/sso/terraform/common/output.tf
2019-01-07 17:27:17:318 [INFO ] file-system-watcher: Indexed file:///home/sameer/test-terraform/vcc-cn-prod-tf-host/projects/vcc-cn/sso/terraform/common/main.tf
2019-01-07 17:27:17:329 [INFO ] file-system-watcher: Indexed file:///home/sameer/test-terraform/vcc-cn-prod-tf-host/projects/vcc-cn/sso/terraform/common/variables.tf
2019-01-07 17:27:17:335 [INFO ] file-system-watcher: Indexed file:///home/sameer/test-terraform/vcc-cn-prod-tf-host/projects/vcc-cn/prometheus/common/provider.tf
2019-01-07 17:27:17:339 [INFO ] file-system-watcher: Indexed file:///home/sameer/test-terraform/vcc-cn-prod-tf-host/projects/vcc-cn/prometheus/common/variables.tf
2019-01-07 17:27:17:343 [INFO ] file-system-watcher: Indexed file:///home/sameer/test-terraform/vcc-cn-prod-tf-host/projects/vcc-cn/prometheus/qa/qa.auto.tfvars
2019-01-07 17:27:17:348 [INFO ] file-system-watcher: Indexed file:///home/sameer/test-terraform/vcc-cn-prod-tf-host/projects/vcc-cn/prometheus/qa/backend.tf
2019-01-07 17:27:17:352 [INFO ] file-system-watcher: Indexed file:///home/sameer/test-terraform/vcc-cn-prod-tf-host/projects/vcc-cn/prometheus/qa/provider.tf
2019-01-07 17:27:17:357 [INFO ] file-system-watcher: Indexed file:///home/sameer/test-terraform/vcc-cn-prod-tf-host/projects/vcc-cn/prometheus/qa/remote_states.tf
2019-01-07 17:27:17:361 [INFO ] file-system-watcher: Indexed file:///home/sameer/test-terraform/vcc-cn-prod-tf-host/projects/vcc-cn/prometheus/qa/variables.tf
2019-01-07 17:27:17:367 [INFO ] file-system-watcher: Indexed file:///home/sameer/test-terraform/vcc-cn-prod-tf-host/projects/vcc-cn/prometheus/qa/dns-records.tf
2019-01-07 17:27:17:371 [INFO ] file-system-watcher: Indexed file:///home/sameer/test-terraform/vcc-cn-prod-tf-host/projects/vcc-cn/prometheus/prod/backend.tf
2019-01-07 17:27:17:376 [INFO ] file-system-watcher: Indexed file:///home/sameer/test-terraform/vcc-cn-prod-tf-host/projects/vcc-cn/prometheus/prod/provider.tf
2019-01-07 17:27:17:380 [INFO ] file-system-watcher: Indexed file:///home/sameer/test-terraform/vcc-cn-prod-tf-host/projects/vcc-cn/prometheus/prod/remote_states.tf
2019-01-07 17:27:17:384 [INFO ] file-system-watcher: Indexed file:///home/sameer/test-terraform/vcc-cn-prod-tf-host/projects/vcc-cn/prometheus/prod/production.auto.tfvars
2019-01-07 17:27:17:388 [INFO ] file-system-watcher: Indexed file:///home/sameer/test-terraform/vcc-cn-prod-tf-host/projects/vcc-cn/prometheus/prod/variables.tf
2019-01-07 17:27:17:395 [INFO ] file-system-watcher: Indexed file:///home/sameer/test-terraform/vcc-cn-prod-tf-host/projects/vcc-cn/prometheus/prod/dns-records.tf
2019-01-07 17:27:17:400 [INFO ] file-system-watcher: Indexed file:///home/sameer/test-terraform/vcc-cn-prod-tf-host/projects/vcc-cn/kafka/terraform/common/provider.tf
2019-01-07 17:27:17:403 [INFO ] file-system-watcher: Indexed file:///home/sameer/test-terraform/vcc-cn-prod-tf-host/projects/vcc-cn/kafka/terraform/common/variables.tf
2019-01-07 17:27:17:419 [INFO ] file-system-watcher: Indexed file:///home/sameer/test-terraform/vcc-cn-prod-tf-host/projects/vcc-cn/kafka/terraform/test/backend.tf
2019-01-07 17:27:17:431 [INFO ] file-system-watcher: Indexed file:///home/sameer/test-terraform/vcc-cn-prod-tf-host/projects/vcc-cn/kafka/terraform/test/provider.tf
2019-01-07 17:27:17:451 [INFO ] file-system-watcher: Indexed file:///home/sameer/test-terraform/vcc-cn-prod-tf-host/projects/vcc-cn/kafka/terraform/test/remote_states.tf
2019-01-07 17:27:17:466 [INFO ] file-system-watcher: Indexed file:///home/sameer/test-terraform/vcc-cn-prod-tf-host/projects/vcc-cn/kafka/terraform/test/test.auto.tfvars
2019-01-07 17:27:17:481 [INFO ] file-system-watcher: Indexed file:///home/sameer/test-terraform/vcc-cn-prod-tf-host/projects/vcc-cn/kafka/terraform/test/variables.tf
2019-01-07 17:27:17:491 [INFO ] file-system-watcher: Indexed file:///home/sameer/test-terraform/vcc-cn-prod-tf-host/projects/vcc-cn/kafka/terraform/test/dns-records.tf
2019-01-07 17:27:17:511 [INFO ] file-system-watcher: Indexed file:///home/sameer/test-terraform/vcc-cn-prod-tf-host/projects/vcc-cn/kafka/terraform/qa/qa.auto.tfvars
2019-01-07 17:27:17:573 [INFO ] file-system-watcher: Indexed file:///home/sameer/test-terraform/vcc-cn-prod-tf-host/projects/vcc-cn/kafka/terraform/qa/backend.tf
2019-01-07 17:27:17:581 [INFO ] file-system-watcher: Indexed file:///home/sameer/test-terraform/vcc-cn-prod-tf-host/projects/vcc-cn/kafka/terraform/qa/provider.tf
2019-01-07 17:27:17:588 [INFO ] file-system-watcher: Indexed file:///home/sameer/test-terraform/vcc-cn-prod-tf-host/projects/vcc-cn/kafka/terraform/qa/remote_states.tf
2019-01-07 17:27:17:592 [INFO ] file-system-watcher: Indexed file:///home/sameer/test-terraform/vcc-cn-prod-tf-host/projects/vcc-cn/kafka/terraform/qa/variables.tf
2019-01-07 17:27:17:605 [INFO ] file-system-watcher: Indexed file:///home/sameer/test-terraform/vcc-cn-prod-tf-host/projects/vcc-cn/kafka/terraform/qa/dns-records.tf
2019-01-07 17:27:17:609 [INFO ] file-system-watcher: Indexed file:///home/sameer/test-terraform/vcc-cn-prod-tf-host/projects/vcc-cn/kafka/terraform/prod/backend.tf
2019-01-07 17:27:17:613 [INFO ] file-system-watcher: Indexed file:///home/sameer/test-terraform/vcc-cn-prod-tf-host/projects/vcc-cn/kafka/terraform/prod/provider.tf
2019-01-07 17:27:17:616 [INFO ] file-system-watcher: Indexed file:///home/sameer/test-terraform/vcc-cn-prod-tf-host/projects/vcc-cn/kafka/terraform/prod/remote_states.tf
2019-01-07 17:27:17:620 [INFO ] file-system-watcher: Indexed file:///home/sameer/test-terraform/vcc-cn-prod-tf-host/projects/vcc-cn/kafka/terraform/prod/production.auto.tfvars
2019-01-07 17:27:17:624 [INFO ] file-system-watcher: Indexed file:///home/sameer/test-terraform/vcc-cn-prod-tf-host/projects/vcc-cn/kafka/terraform/prod/variables.tf
2019-01-07 17:27:17:640 [INFO ] file-system-watcher: Indexed file:///home/sameer/test-terraform/vcc-cn-prod-tf-host/projects/vcc-cn/kafka/terraform/prod/dns-records.tf
2019-01-07 17:27:17:645 [INFO ] file-system-watcher: Indexed file:///home/sameer/test-terraform/vcc-cn-prod-tf-host/projects/vcc-cn/internal-dns/components/bind-dns/terraform/aws/dns_slave_records.tf
2019-01-07 17:27:17:651 [INFO ] file-system-watcher: Indexed file:///home/sameer/test-terraform/vcc-cn-prod-tf-host/projects/vcc-cn/internal-dns/components/bind-dns/terraform/aws/output.tf
2019-01-07 17:27:17:660 [INFO ] file-system-watcher: Indexed file:///home/sameer/test-terraform/vcc-cn-prod-tf-host/projects/vcc-cn/internal-dns/components/bind-dns/terraform/aws/test/test.tf
2019-01-07 17:27:17:669 [INFO ] file-system-watcher: Indexed file:///home/sameer/test-terraform/vcc-cn-prod-tf-host/projects/vcc-cn/internal-dns/components/bind-dns/terraform/aws/iam_role.tf
2019-01-07 17:27:17:711 [INFO ] file-system-watcher: Indexed file:///home/sameer/test-terraform/vcc-cn-prod-tf-host/projects/vcc-cn/internal-dns/components/bind-dns/terraform/aws/main.tf
2019-01-07 17:27:17:725 [INFO ] file-system-watcher: Indexed file:///home/sameer/test-terraform/vcc-cn-prod-tf-host/projects/vcc-cn/internal-dns/components/bind-dns/terraform/aws/variables.tf
2019-01-07 17:27:17:732 [INFO ] file-system-watcher: Indexed file:///home/sameer/test-terraform/vcc-cn-prod-tf-host/projects/vcc-cn/internal-dns/components/bind-dns/terraform/azure/output.tf
2019-01-07 17:27:17:740 [INFO ] file-system-watcher: Indexed file:///home/sameer/test-terraform/vcc-cn-prod-tf-host/projects/vcc-cn/internal-dns/components/bind-dns/terraform/azure/test/test.tf
2019-01-07 17:27:17:824 [INFO ] file-system-watcher: Indexed file:///home/sameer/test-terraform/vcc-cn-prod-tf-host/projects/vcc-cn/internal-dns/components/bind-dns/terraform/azure/main.tf
2019-01-07 17:27:17:836 [INFO ] file-system-watcher: Indexed file:///home/sameer/test-terraform/vcc-cn-prod-tf-host/projects/vcc-cn/internal-dns/components/bind-dns/terraform/azure/variables.tf
2019-01-07 17:27:17:841 [INFO ] file-system-watcher: Indexed file:///home/sameer/test-terraform/vcc-cn-prod-tf-host/projects/vcc-cn/internal-dns/terraform/access/backend.tf
2019-01-07 17:27:17:844 [INFO ] file-system-watcher: Indexed file:///home/sameer/test-terraform/vcc-cn-prod-tf-host/projects/vcc-cn/internal-dns/terraform/access/provider.tf
2019-01-07 17:27:17:850 [INFO ] file-system-watcher: Indexed file:///home/sameer/test-terraform/vcc-cn-prod-tf-host/projects/vcc-cn/internal-dns/terraform/access/access.auto.tfvars
2019-01-07 17:27:17:854 [INFO ] file-system-watcher: Indexed file:///home/sameer/test-terraform/vcc-cn-prod-tf-host/projects/vcc-cn/internal-dns/terraform/access/output.tf
2019-01-07 17:27:17:875 [INFO ] file-system-watcher: Indexed file:///home/sameer/test-terraform/vcc-cn-prod-tf-host/projects/vcc-cn/internal-dns/terraform/access/terraform.tfvars
2019-01-07 17:27:17:885 [INFO ] file-system-watcher: Indexed file:///home/sameer/test-terraform/vcc-cn-prod-tf-host/projects/vcc-cn/internal-dns/terraform/access/main.tf
2019-01-07 17:27:17:891 [INFO ] file-system-watcher: Indexed file:///home/sameer/test-terraform/vcc-cn-prod-tf-host/projects/vcc-cn/internal-dns/terraform/access/variables.tf
2019-01-07 17:27:17:900 [INFO ] file-system-watcher: Indexed file:///home/sameer/test-terraform/vcc-cn-prod-tf-host/projects/vcc-cn/internal-dns/terraform/common/output.tf
2019-01-07 17:27:17:914 [INFO ] file-system-watcher: Indexed file:///home/sameer/test-terraform/vcc-cn-prod-tf-host/projects/vcc-cn/internal-dns/terraform/common/main.tf
2019-01-07 17:27:17:920 [INFO ] file-system-watcher: Indexed file:///home/sameer/test-terraform/vcc-cn-prod-tf-host/projects/vcc-cn/internal-dns/terraform/common/variables.tf
2019-01-07 17:27:17:931 [INFO ] file-system-watcher: Indexed file:///home/sameer/test-terraform/vcc-cn-prod-tf-host/projects/vcc-cn/internal-dns/terraform/test/backend.tf
2019-01-07 17:27:17:934 [INFO ] file-system-watcher: Indexed file:///home/sameer/test-terraform/vcc-cn-prod-tf-host/projects/vcc-cn/internal-dns/terraform/test/provider.tf
2019-01-07 17:27:17:938 [INFO ] file-system-watcher: Indexed file:///home/sameer/test-terraform/vcc-cn-prod-tf-host/projects/vcc-cn/internal-dns/terraform/test/output.tf
2019-01-07 17:27:17:943 [INFO ] file-system-watcher: Indexed file:///home/sameer/test-terraform/vcc-cn-prod-tf-host/projects/vcc-cn/internal-dns/terraform/test/terraform.tfvars
2019-01-07 17:27:17:951 [INFO ] file-system-watcher: Indexed file:///home/sameer/test-terraform/vcc-cn-prod-tf-host/projects/vcc-cn/internal-dns/terraform/test/main.tf
2019-01-07 17:27:17:955 [INFO ] file-system-watcher: Indexed file:///home/sameer/test-terraform/vcc-cn-prod-tf-host/projects/vcc-cn/internal-dns/terraform/test/test.auto.tfvars
2019-01-07 17:27:17:960 [INFO ] file-system-watcher: Indexed file:///home/sameer/test-terraform/vcc-cn-prod-tf-host/projects/vcc-cn/internal-dns/terraform/test/variables.tf
2019-01-07 17:27:17:967 [INFO ] file-system-watcher: Indexed file:///home/sameer/test-terraform/vcc-cn-prod-tf-host/projects/vcc-cn/internal-dns/terraform/qa/qa.auto.tfvars
2019-01-07 17:27:17:971 [INFO ] file-system-watcher: Indexed file:///home/sameer/test-terraform/vcc-cn-prod-tf-host/projects/vcc-cn/internal-dns/terraform/qa/backend.tf
2019-01-07 17:27:17:974 [INFO ] file-system-watcher: Indexed file:///home/sameer/test-terraform/vcc-cn-prod-tf-host/projects/vcc-cn/internal-dns/terraform/qa/provider.tf
2019-01-07 17:27:17:978 [INFO ] file-system-watcher: Indexed file:///home/sameer/test-terraform/vcc-cn-prod-tf-host/projects/vcc-cn/internal-dns/terraform/qa/output.tf
2019-01-07 17:27:17:984 [INFO ] file-system-watcher: Indexed file:///home/sameer/test-terraform/vcc-cn-prod-tf-host/projects/vcc-cn/internal-dns/terraform/qa/terraform.tfvars
2019-01-07 17:27:17:993 [INFO ] file-system-watcher: Indexed file:///home/sameer/test-terraform/vcc-cn-prod-tf-host/projects/vcc-cn/internal-dns/terraform/qa/main.tf
2019-01-07 17:27:17:998 [INFO ] file-system-watcher: Indexed file:///home/sameer/test-terraform/vcc-cn-prod-tf-host/projects/vcc-cn/internal-dns/terraform/qa/variables.tf
2019-01-07 17:27:18:002 [INFO ] file-system-watcher: Indexed file:///home/sameer/test-terraform/vcc-cn-prod-tf-host/projects/vcc-cn/internal-dns/terraform/prod/backend.tf
2019-01-07 17:27:18:006 [INFO ] file-system-watcher: Indexed file:///home/sameer/test-terraform/vcc-cn-prod-tf-host/projects/vcc-cn/internal-dns/terraform/prod/provider.tf
2019-01-07 17:27:18:010 [INFO ] file-system-watcher: Indexed file:///home/sameer/test-terraform/vcc-cn-prod-tf-host/projects/vcc-cn/internal-dns/terraform/prod/output.tf
2019-01-07 17:27:18:016 [INFO ] file-system-watcher: Indexed file:///home/sameer/test-terraform/vcc-cn-prod-tf-host/projects/vcc-cn/internal-dns/terraform/prod/terraform.tfvars
2019-01-07 17:27:18:021 [INFO ] file-system-watcher: Indexed file:///home/sameer/test-terraform/vcc-cn-prod-tf-host/projects/vcc-cn/internal-dns/terraform/prod/production.auto.tfvars
2019-01-07 17:27:18:030 [INFO ] file-system-watcher: Indexed file:///home/sameer/test-terraform/vcc-cn-prod-tf-host/projects/vcc-cn/internal-dns/terraform/prod/main.tf
2019-01-07 17:27:18:036 [INFO ] file-system-watcher: Indexed file:///home/sameer/test-terraform/vcc-cn-prod-tf-host/projects/vcc-cn/internal-dns/terraform/prod/variables.tf
2019-01-07 17:28:21:447 [INFO ] file-system-watcher: Indexed file:///home/sameer/test-terraform/vcc-cn-prod-tf-host/projects/vcc-cn/apcera/terraform/test/secrets.tfvars
