Looking for git in: git
Using git 2.17.1 from git
> git rev-parse --show-toplevel
> git config --get commit.template
Open repository: /home/sameer/projects/cv-infrastructure/common
> git status -z -u
> git symbolic-ref --short HEAD
> git rev-parse dev
> git rev-parse --symbolic-full-name dev@{u}
> git check-ignore -z --stdin
> git rev-list --left-right dev...refs/remotes/origin/master
> git for-each-ref --format %(refname) %(objectname) --sort -committerdate
> git remote --verbose
> git show :ansible/ebs-snapshot/roles/ebs-snapshot/files/snapshot_ebs_disks.py
> git rev-parse --show-toplevel
fatal: not a git repository (or any of the parent directories): .git
> git show :ansible/ebs-snapshot/roles/ebs-snapshot/defaults/main.yml
> git show :ansible/ebs-snapshot/roles/ebs-snapshot/files/snapshot_ebs_disks.py
> git rev-parse --show-toplevel
fatal: not a git repository (or any of the parent directories): .git
> git rev-parse --show-toplevel
fatal: not a git repository (or any of the parent directories): .git
> git rev-parse --show-toplevel
fatal: not a git repository (or any of the parent directories): .git
> git show :ansible/ebs-snapshot/roles/ebs-snapshot/files/snapshot_ebs_disks.py
> git show :ansible/ebs-snapshot/README.md
> git show :ansible/ebs-snapshot/roles/ebs-snapshot/files/snapshot_ebs_disks.py
> git rev-parse --show-toplevel
fatal: not a git repository (or any of the parent directories): .git
> git show :ansible/ebs-snapshot/roles/ebs-snapshot/files/snapshot_ebs_disks.py
