2019-01-07 17:44:27:136 [INFO ] runner: Found Terraform binary terraform with version 0.11.8
2019-01-07 17:44:27:227 [INFO ] runner: Found Terraform binary /usr/bin/terraform with version 0.11.8
2019-01-07 17:44:27:249 [INFO ] file-system-watcher: Crawling workspace for terraform files...
2019-01-07 17:44:27:394 [INFO ] file-system-watcher: Indexed file:///home/sameer/test-terraform/vcc-cn-prod-tf-host/ezsatsa/projects/vcc-cn/gocd/components/gocd-vcc/terraform/aws/server/output.tf
2019-01-07 17:44:27:426 [INFO ] file-system-watcher: Indexed file:///home/sameer/test-terraform/vcc-cn-prod-tf-host/ezsatsa/projects/vcc-cn/gocd/components/gocd-vcc/terraform/aws/server/restore_backup.tf
2019-01-07 17:44:27:498 [INFO ] file-system-watcher: Indexed file:///home/sameer/test-terraform/vcc-cn-prod-tf-host/ezsatsa/projects/vcc-cn/gocd/components/gocd-vcc/terraform/aws/server/test/test.tf
2019-01-07 17:44:27:523 [INFO ] file-system-watcher: Indexed file:///home/sameer/test-terraform/vcc-cn-prod-tf-host/ezsatsa/projects/vcc-cn/gocd/components/gocd-vcc/terraform/aws/server/test/output.tf
2019-01-07 17:44:27:722 [INFO ] file-system-watcher: Indexed file:///home/sameer/test-terraform/vcc-cn-prod-tf-host/ezsatsa/projects/vcc-cn/gocd/components/gocd-vcc/terraform/aws/server/iam_role.tf
2019-01-07 17:44:27:963 [INFO ] file-system-watcher: Indexed file:///home/sameer/test-terraform/vcc-cn-prod-tf-host/ezsatsa/projects/vcc-cn/gocd/components/gocd-vcc/terraform/aws/server/main.tf
2019-01-07 17:44:28:017 [INFO ] file-system-watcher: Indexed file:///home/sameer/test-terraform/vcc-cn-prod-tf-host/ezsatsa/projects/vcc-cn/gocd/components/gocd-vcc/terraform/aws/server/variables.tf
2019-01-07 17:44:28:030 [INFO ] file-system-watcher: Indexed file:///home/sameer/test-terraform/vcc-cn-prod-tf-host/ezsatsa/projects/vcc-cn/gocd/components/gocd-vcc/terraform/aws/shared/output.tf
2019-01-07 17:44:28:035 [INFO ] file-system-watcher: Indexed file:///home/sameer/test-terraform/vcc-cn-prod-tf-host/ezsatsa/projects/vcc-cn/gocd/components/gocd-vcc/terraform/aws/shared/test/test.tf
2019-01-07 17:44:28:048 [INFO ] file-system-watcher: Indexed file:///home/sameer/test-terraform/vcc-cn-prod-tf-host/ezsatsa/projects/vcc-cn/gocd/components/gocd-vcc/terraform/aws/shared/main.tf
2019-01-07 17:44:28:069 [INFO ] file-system-watcher: Indexed file:///home/sameer/test-terraform/vcc-cn-prod-tf-host/ezsatsa/projects/vcc-cn/gocd/components/gocd-vcc/terraform/aws/shared/variables.tf
2019-01-07 17:44:28:075 [INFO ] file-system-watcher: Indexed file:///home/sameer/test-terraform/vcc-cn-prod-tf-host/ezsatsa/projects/vcc-cn/gocd/components/gocd-vcc/terraform/aws/postgres/output.tf
2019-01-07 17:44:28:106 [INFO ] file-system-watcher: Indexed file:///home/sameer/test-terraform/vcc-cn-prod-tf-host/ezsatsa/projects/vcc-cn/gocd/components/gocd-vcc/terraform/aws/postgres/main.tf
2019-01-07 17:44:28:152 [INFO ] file-system-watcher: Indexed file:///home/sameer/test-terraform/vcc-cn-prod-tf-host/ezsatsa/projects/vcc-cn/gocd/components/gocd-vcc/terraform/aws/postgres/variables.tf
2019-01-07 17:44:28:158 [INFO ] file-system-watcher: Indexed file:///home/sameer/test-terraform/vcc-cn-prod-tf-host/ezsatsa/projects/vcc-cn/gocd/components/gocd-vcc/terraform/aws/agent/output.tf
2019-01-07 17:44:28:162 [INFO ] file-system-watcher: Indexed file:///home/sameer/test-terraform/vcc-cn-prod-tf-host/ezsatsa/projects/vcc-cn/gocd/components/gocd-vcc/terraform/aws/agent/restore_backup.tf
2019-01-07 17:44:28:199 [INFO ] file-system-watcher: Indexed file:///home/sameer/test-terraform/vcc-cn-prod-tf-host/ezsatsa/projects/vcc-cn/gocd/components/gocd-vcc/terraform/aws/agent/test/test.tf
2019-01-07 17:44:28:219 [INFO ] file-system-watcher: Indexed file:///home/sameer/test-terraform/vcc-cn-prod-tf-host/ezsatsa/projects/vcc-cn/gocd/components/gocd-vcc/terraform/aws/agent/iam_role.tf
2019-01-07 17:44:28:286 [INFO ] file-system-watcher: Indexed file:///home/sameer/test-terraform/vcc-cn-prod-tf-host/ezsatsa/projects/vcc-cn/gocd/components/gocd-vcc/terraform/aws/agent/main.tf
2019-01-07 17:44:28:310 [INFO ] file-system-watcher: Indexed file:///home/sameer/test-terraform/vcc-cn-prod-tf-host/ezsatsa/projects/vcc-cn/gocd/components/gocd-vcc/terraform/aws/agent/variables.tf
2019-01-07 17:44:28:321 [INFO ] file-system-watcher: Indexed file:///home/sameer/test-terraform/vcc-cn-prod-tf-host/ezsatsa/projects/vcc-cn/gocd/terraform/access/backend.tf
2019-01-07 17:44:28:328 [INFO ] file-system-watcher: Indexed file:///home/sameer/test-terraform/vcc-cn-prod-tf-host/ezsatsa/projects/vcc-cn/gocd/terraform/access/provider.tf
2019-01-07 17:44:28:341 [INFO ] file-system-watcher: Indexed file:///home/sameer/test-terraform/vcc-cn-prod-tf-host/ezsatsa/projects/vcc-cn/gocd/terraform/access/remote_states.tf
2019-01-07 17:44:28:405 [INFO ] file-system-watcher: Indexed file:///home/sameer/test-terraform/vcc-cn-prod-tf-host/ezsatsa/projects/vcc-cn/gocd/terraform/access/access.tf
2019-01-07 17:44:28:440 [INFO ] file-system-watcher: Indexed file:///home/sameer/test-terraform/vcc-cn-prod-tf-host/ezsatsa/projects/vcc-cn/gocd/terraform/access/output.tf
2019-01-07 17:44:28:475 [INFO ] file-system-watcher: Indexed file:///home/sameer/test-terraform/vcc-cn-prod-tf-host/ezsatsa/projects/vcc-cn/gocd/terraform/access/terraform.tfvars
2019-01-07 17:44:28:481 [INFO ] file-system-watcher: Indexed file:///home/sameer/test-terraform/vcc-cn-prod-tf-host/ezsatsa/projects/vcc-cn/gocd/terraform/access/variables_access.tf
2019-01-07 17:44:28:560 [INFO ] file-system-watcher: Indexed file:///home/sameer/test-terraform/vcc-cn-prod-tf-host/ezsatsa/projects/vcc-cn/gocd/terraform/access/main.tf
2019-01-07 17:44:28:567 [INFO ] file-system-watcher: Indexed file:///home/sameer/test-terraform/vcc-cn-prod-tf-host/ezsatsa/projects/vcc-cn/gocd/terraform/access/access-global.auto.tfvars
2019-01-07 17:44:28:640 [INFO ] file-system-watcher: Indexed file:///home/sameer/test-terraform/vcc-cn-prod-tf-host/ezsatsa/projects/vcc-cn/gocd/terraform/access/variables.tf
2019-01-07 17:44:28:657 [INFO ] file-system-watcher: Indexed file:///home/sameer/test-terraform/vcc-cn-prod-tf-host/ezsatsa/projects/vcc-cn/gocd/terraform/access/dns_provider.tf
2019-01-07 17:44:28:696 [INFO ] file-system-watcher: Indexed file:///home/sameer/test-terraform/vcc-cn-prod-tf-host/ezsatsa/projects/vcc-cn/gocd/terraform/common/provider.tf
2019-01-07 17:44:28:709 [INFO ] file-system-watcher: Indexed file:///home/sameer/test-terraform/vcc-cn-prod-tf-host/ezsatsa/projects/vcc-cn/gocd/terraform/common/output.tf
2019-01-07 17:44:28:762 [INFO ] file-system-watcher: Indexed file:///home/sameer/test-terraform/vcc-cn-prod-tf-host/ezsatsa/projects/vcc-cn/gocd/terraform/common/main.tf
2019-01-07 17:44:28:825 [INFO ] file-system-watcher: Indexed file:///home/sameer/test-terraform/vcc-cn-prod-tf-host/ezsatsa/projects/vcc-cn/gocd/terraform/common/variables.tf
2019-01-07 17:44:28:831 [INFO ] file-system-watcher: Indexed file:///home/sameer/test-terraform/vcc-cn-prod-tf-host/ezsatsa/projects/vcc-cn/grafana/common/provider.tf
2019-01-07 17:44:28:840 [INFO ] file-system-watcher: Indexed file:///home/sameer/test-terraform/vcc-cn-prod-tf-host/ezsatsa/projects/vcc-cn/grafana/common/variables.tf
2019-01-07 17:44:28:867 [INFO ] file-system-watcher: Indexed file:///home/sameer/test-terraform/vcc-cn-prod-tf-host/ezsatsa/projects/vcc-cn/grafana/qa/qa.auto.tfvars
2019-01-07 17:44:28:874 [INFO ] file-system-watcher: Indexed file:///home/sameer/test-terraform/vcc-cn-prod-tf-host/ezsatsa/projects/vcc-cn/grafana/qa/backend.tf
2019-01-07 17:44:28:889 [INFO ] file-system-watcher: Indexed file:///home/sameer/test-terraform/vcc-cn-prod-tf-host/ezsatsa/projects/vcc-cn/grafana/qa/provider.tf
2019-01-07 17:44:28:894 [INFO ] file-system-watcher: Indexed file:///home/sameer/test-terraform/vcc-cn-prod-tf-host/ezsatsa/projects/vcc-cn/grafana/qa/remote_states.tf
2019-01-07 17:44:28:903 [INFO ] file-system-watcher: Indexed file:///home/sameer/test-terraform/vcc-cn-prod-tf-host/ezsatsa/projects/vcc-cn/grafana/qa/terraform.tfvars
2019-01-07 17:44:28:960 [INFO ] file-system-watcher: Indexed file:///home/sameer/test-terraform/vcc-cn-prod-tf-host/ezsatsa/projects/vcc-cn/grafana/qa/main.tf
2019-01-07 17:44:28:965 [INFO ] file-system-watcher: Indexed file:///home/sameer/test-terraform/vcc-cn-prod-tf-host/ezsatsa/projects/vcc-cn/grafana/qa/variables.tf
2019-01-07 17:44:28:974 [INFO ] file-system-watcher: Indexed file:///home/sameer/test-terraform/vcc-cn-prod-tf-host/ezsatsa/projects/vcc-cn/grafana/qa/dns-records.tf
2019-01-07 17:44:28:978 [INFO ] file-system-watcher: Indexed file:///home/sameer/test-terraform/vcc-cn-prod-tf-host/ezsatsa/projects/vcc-cn/grafana/prod/backend.tf
2019-01-07 17:44:28:992 [INFO ] file-system-watcher: Indexed file:///home/sameer/test-terraform/vcc-cn-prod-tf-host/ezsatsa/projects/vcc-cn/grafana/prod/provider.tf
2019-01-07 17:44:28:998 [INFO ] file-system-watcher: Indexed file:///home/sameer/test-terraform/vcc-cn-prod-tf-host/ezsatsa/projects/vcc-cn/grafana/prod/remote_states.tf
2019-01-07 17:44:29:006 [INFO ] file-system-watcher: Indexed file:///home/sameer/test-terraform/vcc-cn-prod-tf-host/ezsatsa/projects/vcc-cn/grafana/prod/production.auto.tfvars
2019-01-07 17:44:29:013 [INFO ] file-system-watcher: Indexed file:///home/sameer/test-terraform/vcc-cn-prod-tf-host/ezsatsa/projects/vcc-cn/grafana/prod/variables.tf
2019-01-07 17:44:29:018 [INFO ] file-system-watcher: Indexed file:///home/sameer/test-terraform/vcc-cn-prod-tf-host/ezsatsa/projects/vcc-cn/grafana/prod/dns-records.tf
2019-01-07 17:44:29:027 [INFO ] file-system-watcher: Indexed file:///home/sameer/test-terraform/vcc-cn-prod-tf-host/ezsatsa/projects/vcc-cn/elk/common/provider.tf
2019-01-07 17:44:29:030 [INFO ] file-system-watcher: Indexed file:///home/sameer/test-terraform/vcc-cn-prod-tf-host/ezsatsa/projects/vcc-cn/elk/common/variables.tf
2019-01-07 17:44:29:040 [INFO ] file-system-watcher: Indexed file:///home/sameer/test-terraform/vcc-cn-prod-tf-host/ezsatsa/projects/vcc-cn/elk/test/backend.tf
2019-01-07 17:44:29:045 [INFO ] file-system-watcher: Indexed file:///home/sameer/test-terraform/vcc-cn-prod-tf-host/ezsatsa/projects/vcc-cn/elk/test/provider.tf
2019-01-07 17:44:29:053 [INFO ] file-system-watcher: Indexed file:///home/sameer/test-terraform/vcc-cn-prod-tf-host/ezsatsa/projects/vcc-cn/elk/test/remote_states.tf
2019-01-07 17:44:29:061 [INFO ] file-system-watcher: Indexed file:///home/sameer/test-terraform/vcc-cn-prod-tf-host/ezsatsa/projects/vcc-cn/elk/test/test.auto.tfvars
2019-01-07 17:44:29:065 [INFO ] file-system-watcher: Indexed file:///home/sameer/test-terraform/vcc-cn-prod-tf-host/ezsatsa/projects/vcc-cn/elk/test/variables.tf
2019-01-07 17:44:29:075 [INFO ] file-system-watcher: Indexed file:///home/sameer/test-terraform/vcc-cn-prod-tf-host/ezsatsa/projects/vcc-cn/elk/test/dns-records.tf
2019-01-07 17:44:29:084 [INFO ] file-system-watcher: Indexed file:///home/sameer/test-terraform/vcc-cn-prod-tf-host/ezsatsa/projects/vcc-cn/elk/qa/qa.auto.tfvars
2019-01-07 17:44:29:094 [INFO ] file-system-watcher: Indexed file:///home/sameer/test-terraform/vcc-cn-prod-tf-host/ezsatsa/projects/vcc-cn/elk/qa/backend.tf
2019-01-07 17:44:29:103 [INFO ] file-system-watcher: Indexed file:///home/sameer/test-terraform/vcc-cn-prod-tf-host/ezsatsa/projects/vcc-cn/elk/qa/provider.tf
2019-01-07 17:44:29:138 [INFO ] file-system-watcher: Indexed file:///home/sameer/test-terraform/vcc-cn-prod-tf-host/ezsatsa/projects/vcc-cn/elk/qa/remote_states.tf
2019-01-07 17:44:29:143 [INFO ] file-system-watcher: Indexed file:///home/sameer/test-terraform/vcc-cn-prod-tf-host/ezsatsa/projects/vcc-cn/elk/qa/variables.tf
2019-01-07 17:44:29:162 [INFO ] file-system-watcher: Indexed file:///home/sameer/test-terraform/vcc-cn-prod-tf-host/ezsatsa/projects/vcc-cn/elk/qa/dns-records.tf
2019-01-07 17:44:29:175 [INFO ] file-system-watcher: Indexed file:///home/sameer/test-terraform/vcc-cn-prod-tf-host/ezsatsa/projects/vcc-cn/elk/prod/backend.tf
2019-01-07 17:44:29:179 [INFO ] file-system-watcher: Indexed file:///home/sameer/test-terraform/vcc-cn-prod-tf-host/ezsatsa/projects/vcc-cn/elk/prod/provider.tf
2019-01-07 17:44:29:196 [INFO ] file-system-watcher: Indexed file:///home/sameer/test-terraform/vcc-cn-prod-tf-host/ezsatsa/projects/vcc-cn/elk/prod/remote_states.tf
2019-01-07 17:44:29:203 [INFO ] file-system-watcher: Indexed file:///home/sameer/test-terraform/vcc-cn-prod-tf-host/ezsatsa/projects/vcc-cn/elk/prod/production.auto.tfvars
2019-01-07 17:44:29:207 [INFO ] file-system-watcher: Indexed file:///home/sameer/test-terraform/vcc-cn-prod-tf-host/ezsatsa/projects/vcc-cn/elk/prod/variables.tf
2019-01-07 17:44:29:220 [INFO ] file-system-watcher: Indexed file:///home/sameer/test-terraform/vcc-cn-prod-tf-host/ezsatsa/projects/vcc-cn/elk/prod/dns-records.tf
2019-01-07 17:44:29:225 [INFO ] file-system-watcher: Indexed file:///home/sameer/test-terraform/vcc-cn-prod-tf-host/ezsatsa/projects/vcc-cn/pre-setup/components/pre-setup/terraform/aws-cn/output.tf
2019-01-07 17:44:29:231 [INFO ] file-system-watcher: Indexed file:///home/sameer/test-terraform/vcc-cn-prod-tf-host/ezsatsa/projects/vcc-cn/pre-setup/components/pre-setup/terraform/aws-cn/test/test.tf
2019-01-07 17:44:29:250 [INFO ] file-system-watcher: Indexed file:///home/sameer/test-terraform/vcc-cn-prod-tf-host/ezsatsa/projects/vcc-cn/pre-setup/components/pre-setup/terraform/aws-cn/main.tf
2019-01-07 17:44:29:268 [INFO ] file-system-watcher: Indexed file:///home/sameer/test-terraform/vcc-cn-prod-tf-host/ezsatsa/projects/vcc-cn/pre-setup/components/pre-setup/terraform/aws-cn/variable.tf
2019-01-07 17:44:29:272 [INFO ] file-system-watcher: Indexed file:///home/sameer/test-terraform/vcc-cn-prod-tf-host/ezsatsa/projects/vcc-cn/pre-setup/terraform/common/provider.tf
2019-01-07 17:44:29:284 [INFO ] file-system-watcher: Indexed file:///home/sameer/test-terraform/vcc-cn-prod-tf-host/ezsatsa/projects/vcc-cn/pre-setup/terraform/common/output.tf
2019-01-07 17:44:29:297 [INFO ] file-system-watcher: Indexed file:///home/sameer/test-terraform/vcc-cn-prod-tf-host/ezsatsa/projects/vcc-cn/pre-setup/terraform/common/main.tf
2019-01-07 17:44:29:303 [INFO ] file-system-watcher: Indexed file:///home/sameer/test-terraform/vcc-cn-prod-tf-host/ezsatsa/projects/vcc-cn/pre-setup/terraform/common/variable.tf
2019-01-07 17:44:29:306 [INFO ] file-system-watcher: Indexed file:///home/sameer/test-terraform/vcc-cn-prod-tf-host/ezsatsa/projects/vcc-cn/pre-setup/terraform/test/backend.tf
2019-01-07 17:44:29:317 [INFO ] file-system-watcher: Indexed file:///home/sameer/test-terraform/vcc-cn-prod-tf-host/ezsatsa/projects/vcc-cn/pre-setup/terraform/test/provider.tf
2019-01-07 17:44:29:328 [INFO ] file-system-watcher: Indexed file:///home/sameer/test-terraform/vcc-cn-prod-tf-host/ezsatsa/projects/vcc-cn/pre-setup/terraform/test/output.tf
2019-01-07 17:44:29:332 [INFO ] file-system-watcher: Indexed file:///home/sameer/test-terraform/vcc-cn-prod-tf-host/ezsatsa/projects/vcc-cn/pre-setup/terraform/test/terraform.tfvars
2019-01-07 17:44:29:338 [INFO ] file-system-watcher: Indexed file:///home/sameer/test-terraform/vcc-cn-prod-tf-host/ezsatsa/projects/vcc-cn/pre-setup/terraform/test/main.tf
2019-01-07 17:44:29:343 [INFO ] file-system-watcher: Indexed file:///home/sameer/test-terraform/vcc-cn-prod-tf-host/ezsatsa/projects/vcc-cn/pre-setup/terraform/test/test.auto.tfvars
2019-01-07 17:44:29:348 [INFO ] file-system-watcher: Indexed file:///home/sameer/test-terraform/vcc-cn-prod-tf-host/ezsatsa/projects/vcc-cn/pre-setup/terraform/test/variable.tf
2019-01-07 17:44:29:354 [INFO ] file-system-watcher: Indexed file:///home/sameer/test-terraform/vcc-cn-prod-tf-host/ezsatsa/projects/vcc-cn/pre-setup/terraform/qa/qa.auto.tfvars
2019-01-07 17:44:29:357 [INFO ] file-system-watcher: Indexed file:///home/sameer/test-terraform/vcc-cn-prod-tf-host/ezsatsa/projects/vcc-cn/pre-setup/terraform/qa/backend.tf
2019-01-07 17:44:29:361 [INFO ] file-system-watcher: Indexed file:///home/sameer/test-terraform/vcc-cn-prod-tf-host/ezsatsa/projects/vcc-cn/pre-setup/terraform/qa/provider.tf
2019-01-07 17:44:29:372 [INFO ] file-system-watcher: Indexed file:///home/sameer/test-terraform/vcc-cn-prod-tf-host/ezsatsa/projects/vcc-cn/pre-setup/terraform/qa/output.tf
2019-01-07 17:44:29:377 [INFO ] file-system-watcher: Indexed file:///home/sameer/test-terraform/vcc-cn-prod-tf-host/ezsatsa/projects/vcc-cn/pre-setup/terraform/qa/terraform.tfvars
2019-01-07 17:44:29:383 [INFO ] file-system-watcher: Indexed file:///home/sameer/test-terraform/vcc-cn-prod-tf-host/ezsatsa/projects/vcc-cn/pre-setup/terraform/qa/main.tf
2019-01-07 17:44:29:389 [INFO ] file-system-watcher: Indexed file:///home/sameer/test-terraform/vcc-cn-prod-tf-host/ezsatsa/projects/vcc-cn/pre-setup/terraform/qa/variable.tf
2019-01-07 17:44:29:392 [INFO ] file-system-watcher: Indexed file:///home/sameer/test-terraform/vcc-cn-prod-tf-host/ezsatsa/projects/vcc-cn/pre-setup/terraform/prod/backend.tf
2019-01-07 17:44:29:396 [INFO ] file-system-watcher: Indexed file:///home/sameer/test-terraform/vcc-cn-prod-tf-host/ezsatsa/projects/vcc-cn/pre-setup/terraform/prod/provider.tf
2019-01-07 17:44:29:401 [INFO ] file-system-watcher: Indexed file:///home/sameer/test-terraform/vcc-cn-prod-tf-host/ezsatsa/projects/vcc-cn/pre-setup/terraform/prod/output.tf
2019-01-07 17:44:29:405 [INFO ] file-system-watcher: Indexed file:///home/sameer/test-terraform/vcc-cn-prod-tf-host/ezsatsa/projects/vcc-cn/pre-setup/terraform/prod/terraform.tfvars
2019-01-07 17:44:29:410 [INFO ] file-system-watcher: Indexed file:///home/sameer/test-terraform/vcc-cn-prod-tf-host/ezsatsa/projects/vcc-cn/pre-setup/terraform/prod/production.auto.tfvars
2019-01-07 17:44:29:414 [INFO ] file-system-watcher: Indexed file:///home/sameer/test-terraform/vcc-cn-prod-tf-host/ezsatsa/projects/vcc-cn/pre-setup/terraform/prod/main.tf
2019-01-07 17:44:29:420 [INFO ] file-system-watcher: Indexed file:///home/sameer/test-terraform/vcc-cn-prod-tf-host/ezsatsa/projects/vcc-cn/pre-setup/terraform/prod/variable.tf
2019-01-07 17:44:29:434 [INFO ] file-system-watcher: Indexed file:///home/sameer/test-terraform/vcc-cn-prod-tf-host/ezsatsa/projects/vcc-cn/common/terraform-modules/vm/terraform/aws/output.tf
2019-01-07 17:44:29:447 [INFO ] file-system-watcher: Indexed file:///home/sameer/test-terraform/vcc-cn-prod-tf-host/ezsatsa/projects/vcc-cn/common/terraform-modules/vm/terraform/aws/test/test.tf
2019-01-07 17:44:29:469 [INFO ] file-system-watcher: Indexed file:///home/sameer/test-terraform/vcc-cn-prod-tf-host/ezsatsa/projects/vcc-cn/common/terraform-modules/vm/terraform/aws/main.tf
2019-01-07 17:44:29:479 [INFO ] file-system-watcher: Indexed file:///home/sameer/test-terraform/vcc-cn-prod-tf-host/ezsatsa/projects/vcc-cn/common/terraform-modules/vm/terraform/aws/variables.tf
2019-01-07 17:44:29:485 [INFO ] file-system-watcher: Indexed file:///home/sameer/test-terraform/vcc-cn-prod-tf-host/ezsatsa/projects/vcc-cn/common/terraform-modules/create-ecr/aws/output.tf
2019-01-07 17:44:29:489 [INFO ] file-system-watcher: Indexed file:///home/sameer/test-terraform/vcc-cn-prod-tf-host/ezsatsa/projects/vcc-cn/common/terraform-modules/create-ecr/aws/test/test.tf
2019-01-07 17:44:29:494 [INFO ] file-system-watcher: Indexed file:///home/sameer/test-terraform/vcc-cn-prod-tf-host/ezsatsa/projects/vcc-cn/common/terraform-modules/create-ecr/aws/main.tf
2019-01-07 17:44:29:498 [INFO ] file-system-watcher: Indexed file:///home/sameer/test-terraform/vcc-cn-prod-tf-host/ezsatsa/projects/vcc-cn/common/terraform-modules/create-ecr/aws/variables.tf
2019-01-07 17:44:29:503 [INFO ] file-system-watcher: Indexed file:///home/sameer/test-terraform/vcc-cn-prod-tf-host/ezsatsa/projects/vcc-cn/common/terraform-modules/ami-copy/aws/output.tf
2019-01-07 17:44:29:507 [INFO ] file-system-watcher: Indexed file:///home/sameer/test-terraform/vcc-cn-prod-tf-host/ezsatsa/projects/vcc-cn/common/terraform-modules/ami-copy/aws/test/test.tf
2019-01-07 17:44:29:513 [INFO ] file-system-watcher: Indexed file:///home/sameer/test-terraform/vcc-cn-prod-tf-host/ezsatsa/projects/vcc-cn/common/terraform-modules/ami-copy/aws/main.tf
2019-01-07 17:44:29:522 [INFO ] file-system-watcher: Indexed file:///home/sameer/test-terraform/vcc-cn-prod-tf-host/ezsatsa/projects/vcc-cn/common/terraform-modules/ami-copy/aws/variables.tf
2019-01-07 17:44:29:532 [INFO ] file-system-watcher: Indexed file:///home/sameer/test-terraform/vcc-cn-prod-tf-host/ezsatsa/projects/vcc-cn/common/terraform-modules/create-iam-user/aws/output.tf
2019-01-07 17:44:29:538 [INFO ] file-system-watcher: Indexed file:///home/sameer/test-terraform/vcc-cn-prod-tf-host/ezsatsa/projects/vcc-cn/common/terraform-modules/create-iam-user/aws/test/test.tf
2019-01-07 17:44:29:547 [INFO ] file-system-watcher: Indexed file:///home/sameer/test-terraform/vcc-cn-prod-tf-host/ezsatsa/projects/vcc-cn/common/terraform-modules/create-iam-user/aws/main.tf
2019-01-07 17:44:29:563 [INFO ] file-system-watcher: Indexed file:///home/sameer/test-terraform/vcc-cn-prod-tf-host/ezsatsa/projects/vcc-cn/common/terraform-modules/create-iam-user/aws/variables.tf
2019-01-07 17:44:29:570 [INFO ] file-system-watcher: Indexed file:///home/sameer/test-terraform/vcc-cn-prod-tf-host/ezsatsa/projects/vcc-cn/common/terraform-modules/create-iam-ecr-group/aws/output.tf
2019-01-07 17:44:29:576 [INFO ] file-system-watcher: Indexed file:///home/sameer/test-terraform/vcc-cn-prod-tf-host/ezsatsa/projects/vcc-cn/common/terraform-modules/create-iam-ecr-group/aws/test/test.tf
2019-01-07 17:44:29:581 [INFO ] file-system-watcher: Indexed file:///home/sameer/test-terraform/vcc-cn-prod-tf-host/ezsatsa/projects/vcc-cn/common/terraform-modules/create-iam-ecr-group/aws/main.tf
2019-01-07 17:44:29:589 [INFO ] file-system-watcher: Indexed file:///home/sameer/test-terraform/vcc-cn-prod-tf-host/ezsatsa/projects/vcc-cn/common/terraform-modules/create-iam-ecr-group/aws/variables.tf
2019-01-07 17:44:29:592 [INFO ] file-system-watcher: Indexed file:///home/sameer/test-terraform/vcc-cn-prod-tf-host/ezsatsa/projects/vcc-cn/ami_build_vpc/terraform/test/backend.tf
2019-01-07 17:44:29:605 [INFO ] file-system-watcher: Indexed file:///home/sameer/test-terraform/vcc-cn-prod-tf-host/ezsatsa/projects/vcc-cn/ami_build_vpc/terraform/test/provider.tf
2019-01-07 17:44:29:609 [INFO ] file-system-watcher: Indexed file:///home/sameer/test-terraform/vcc-cn-prod-tf-host/ezsatsa/projects/vcc-cn/ami_build_vpc/terraform/test/output.tf
2019-01-07 17:44:29:667 [INFO ] file-system-watcher: Indexed file:///home/sameer/test-terraform/vcc-cn-prod-tf-host/ezsatsa/projects/vcc-cn/ami_build_vpc/terraform/test/main.tf
2019-01-07 17:44:29:671 [INFO ] file-system-watcher: Indexed file:///home/sameer/test-terraform/vcc-cn-prod-tf-host/ezsatsa/projects/vcc-cn/apcera/components/apcera/terraform/aws-cn/splunk_override.tf
2019-01-07 17:44:29:695 [INFO ] file-system-watcher: Indexed file:///home/sameer/test-terraform/vcc-cn-prod-tf-host/ezsatsa/projects/vcc-cn/apcera/components/apcera/terraform/aws-cn/apcera-aws-auditlog.tf
2019-01-07 17:44:29:705 [INFO ] file-system-watcher: Indexed file:///home/sameer/test-terraform/vcc-cn-prod-tf-host/ezsatsa/projects/vcc-cn/apcera/components/apcera/terraform/aws-cn/providers.tf
2019-01-07 17:44:29:710 [INFO ] file-system-watcher: Indexed file:///home/sameer/test-terraform/vcc-cn-prod-tf-host/ezsatsa/projects/vcc-cn/apcera/components/apcera/terraform/aws-cn/eip_override.tf
2019-01-07 17:44:29:747 [INFO ] file-system-watcher: Indexed file:///home/sameer/test-terraform/vcc-cn-prod-tf-host/ezsatsa/projects/vcc-cn/apcera/components/apcera/terraform/aws-cn/gluster.tf
2019-01-07 17:44:29:813 [INFO ] file-system-watcher: Indexed file:///home/sameer/test-terraform/vcc-cn-prod-tf-host/ezsatsa/projects/vcc-cn/apcera/components/apcera/terraform/aws-cn/nlb-http-blue-green.tf
2019-01-07 17:44:29:865 [INFO ] file-system-watcher: Indexed file:///home/sameer/test-terraform/vcc-cn-prod-tf-host/ezsatsa/projects/vcc-cn/apcera/components/apcera/terraform/aws-cn/routers-without-elb-blue-green.tf
2019-01-07 17:44:29:993 [INFO ] file-system-watcher: Indexed file:///home/sameer/test-terraform/vcc-cn-prod-tf-host/ezsatsa/projects/vcc-cn/apcera/components/apcera/terraform/aws-cn/apcera-aws-splunk.tf
2019-01-07 17:44:30:304 [INFO ] file-system-watcher: Indexed file:///home/sameer/test-terraform/vcc-cn-prod-tf-host/ezsatsa/projects/vcc-cn/apcera/components/apcera/terraform/aws-cn/apcera-aws.tf
2019-01-07 17:44:30:335 [INFO ] file-system-watcher: Indexed file:///home/sameer/test-terraform/vcc-cn-prod-tf-host/ezsatsa/projects/vcc-cn/apcera/components/apcera/terraform/aws-cn/security-group_override.tf
2019-01-07 17:44:30:377 [INFO ] file-system-watcher: Indexed file:///home/sameer/test-terraform/vcc-cn-prod-tf-host/ezsatsa/projects/vcc-cn/apcera/components/apcera/terraform/aws-cn/apcera-aws-vpc_override.tf
2019-01-07 17:44:30:475 [INFO ] file-system-watcher: Indexed file:///home/sameer/test-terraform/vcc-cn-prod-tf-host/ezsatsa/projects/vcc-cn/apcera/components/apcera/terraform/aws-cn/cluster_conf.tf
2019-01-07 17:44:30:489 [INFO ] file-system-watcher: Indexed file:///home/sameer/test-terraform/vcc-cn-prod-tf-host/ezsatsa/projects/vcc-cn/apcera/components/apcera/terraform/aws-cn/public-ip_override.tf
2019-01-07 17:44:30:493 [INFO ] file-system-watcher: Indexed file:///home/sameer/test-terraform/vcc-cn-prod-tf-host/ezsatsa/projects/vcc-cn/apcera/components/apcera/terraform/aws-cn/elb_override.tf
2019-01-07 17:44:30:502 [INFO ] file-system-watcher: Indexed file:///home/sameer/test-terraform/vcc-cn-prod-tf-host/ezsatsa/projects/vcc-cn/apcera/components/apcera/terraform/aws-cn/apcera-aws-unused-components_override.tf
2019-01-07 17:44:30:526 [INFO ] file-system-watcher: Indexed file:///home/sameer/test-terraform/vcc-cn-prod-tf-host/ezsatsa/projects/vcc-cn/apcera/components/apcera/terraform/aws-cn/tcp-routers.tf
2019-01-07 17:44:30:538 [INFO ] file-system-watcher: Indexed file:///home/sameer/test-terraform/vcc-cn-prod-tf-host/ezsatsa/projects/vcc-cn/apcera/components/apcera/terraform/aws-cn/dns-records.tf
2019-01-07 17:44:30:567 [INFO ] file-system-watcher: Indexed file:///home/sameer/test-terraform/vcc-cn-prod-tf-host/ezsatsa/projects/vcc-cn/apcera/components/apcera/terraform/aws-cn/gluster_override.tf
2019-01-07 17:44:30:574 [INFO ] file-system-watcher: Indexed file:///home/sameer/test-terraform/vcc-cn-prod-tf-host/ezsatsa/projects/vcc-cn/apcera/components/apcera/terraform/aws/splunk_override.tf
2019-01-07 17:44:30:601 [INFO ] file-system-watcher: Indexed file:///home/sameer/test-terraform/vcc-cn-prod-tf-host/ezsatsa/projects/vcc-cn/apcera/components/apcera/terraform/aws/apcera-aws-auditlog.tf
2019-01-07 17:44:30:605 [INFO ] file-system-watcher: Indexed file:///home/sameer/test-terraform/vcc-cn-prod-tf-host/ezsatsa/projects/vcc-cn/apcera/components/apcera/terraform/aws/providers.tf
2019-01-07 17:44:30:608 [INFO ] file-system-watcher: Indexed file:///home/sameer/test-terraform/vcc-cn-prod-tf-host/ezsatsa/projects/vcc-cn/apcera/components/apcera/terraform/aws/eip_override.tf
2019-01-07 17:44:30:652 [INFO ] file-system-watcher: Indexed file:///home/sameer/test-terraform/vcc-cn-prod-tf-host/ezsatsa/projects/vcc-cn/apcera/components/apcera/terraform/aws/gluster.tf
2019-01-07 17:44:30:681 [INFO ] file-system-watcher: Indexed file:///home/sameer/test-terraform/vcc-cn-prod-tf-host/ezsatsa/projects/vcc-cn/apcera/components/apcera/terraform/aws/nlb-http-blue-green.tf
2019-01-07 17:44:30:743 [INFO ] file-system-watcher: Indexed file:///home/sameer/test-terraform/vcc-cn-prod-tf-host/ezsatsa/projects/vcc-cn/apcera/components/apcera/terraform/aws/routers-without-elb-blue-green.tf
2019-01-07 17:44:30:755 [INFO ] file-system-watcher: Indexed file:///home/sameer/test-terraform/vcc-cn-prod-tf-host/ezsatsa/projects/vcc-cn/apcera/components/apcera/terraform/aws/apcera-aws-splunk.tf
2019-01-07 17:44:30:895 [INFO ] file-system-watcher: Indexed file:///home/sameer/test-terraform/vcc-cn-prod-tf-host/ezsatsa/projects/vcc-cn/apcera/components/apcera/terraform/aws/apcera-aws.tf
2019-01-07 17:44:30:935 [INFO ] file-system-watcher: Indexed file:///home/sameer/test-terraform/vcc-cn-prod-tf-host/ezsatsa/projects/vcc-cn/apcera/components/apcera/terraform/aws/security-group_override.tf
2019-01-07 17:44:30:989 [INFO ] file-system-watcher: Indexed file:///home/sameer/test-terraform/vcc-cn-prod-tf-host/ezsatsa/projects/vcc-cn/apcera/components/apcera/terraform/aws/apcera-aws-vpc_override.tf
2019-01-07 17:44:31:054 [INFO ] file-system-watcher: Indexed file:///home/sameer/test-terraform/vcc-cn-prod-tf-host/ezsatsa/projects/vcc-cn/apcera/components/apcera/terraform/aws/cluster_conf.tf
2019-01-07 17:44:31:064 [INFO ] file-system-watcher: Indexed file:///home/sameer/test-terraform/vcc-cn-prod-tf-host/ezsatsa/projects/vcc-cn/apcera/components/apcera/terraform/aws/public-ip_override.tf
2019-01-07 17:44:31:069 [INFO ] file-system-watcher: Indexed file:///home/sameer/test-terraform/vcc-cn-prod-tf-host/ezsatsa/projects/vcc-cn/apcera/components/apcera/terraform/aws/elb_override.tf
2019-01-07 17:44:31:073 [INFO ] file-system-watcher: Indexed file:///home/sameer/test-terraform/vcc-cn-prod-tf-host/ezsatsa/projects/vcc-cn/apcera/components/apcera/terraform/aws/apcera-aws-unused-components_override.tf
2019-01-07 17:44:31:088 [INFO ] file-system-watcher: Indexed file:///home/sameer/test-terraform/vcc-cn-prod-tf-host/ezsatsa/projects/vcc-cn/apcera/components/apcera/terraform/aws/tcp-routers.tf
2019-01-07 17:44:31:100 [INFO ] file-system-watcher: Indexed file:///home/sameer/test-terraform/vcc-cn-prod-tf-host/ezsatsa/projects/vcc-cn/apcera/components/apcera/terraform/aws/dns-records.tf
2019-01-07 17:44:31:146 [INFO ] file-system-watcher: Indexed file:///home/sameer/test-terraform/vcc-cn-prod-tf-host/ezsatsa/projects/vcc-cn/apcera/components/apcera/terraform/aws/gluster_override.tf
2019-01-07 17:44:31:154 [INFO ] file-system-watcher: Indexed file:///home/sameer/test-terraform/vcc-cn-prod-tf-host/ezsatsa/projects/vcc-cn/apcera/terraform/common/providers.tf
2019-01-07 17:44:31:167 [INFO ] file-system-watcher: Indexed file:///home/sameer/test-terraform/vcc-cn-prod-tf-host/ezsatsa/projects/vcc-cn/apcera/terraform/common/access_vpc.tf
2019-01-07 17:44:31:171 [INFO ] file-system-watcher: Indexed file:///home/sameer/test-terraform/vcc-cn-prod-tf-host/ezsatsa/projects/vcc-cn/apcera/terraform/common/output.tf
2019-01-07 17:44:31:188 [INFO ] file-system-watcher: Indexed file:///home/sameer/test-terraform/vcc-cn-prod-tf-host/ezsatsa/projects/vcc-cn/apcera/terraform/common/tcp_route.tf
2019-01-07 17:44:31:229 [INFO ] file-system-watcher: Indexed file:///home/sameer/test-terraform/vcc-cn-prod-tf-host/ezsatsa/projects/vcc-cn/apcera/terraform/common/main.tf
2019-01-07 17:44:31:250 [INFO ] file-system-watcher: Indexed file:///home/sameer/test-terraform/vcc-cn-prod-tf-host/ezsatsa/projects/vcc-cn/apcera/terraform/common/variables.tf
2019-01-07 17:44:31:254 [INFO ] file-system-watcher: Indexed file:///home/sameer/test-terraform/vcc-cn-prod-tf-host/ezsatsa/projects/vcc-cn/apcera/terraform/test/backend.tf
2019-01-07 17:44:31:259 [INFO ] file-system-watcher: Indexed file:///home/sameer/test-terraform/vcc-cn-prod-tf-host/ezsatsa/projects/vcc-cn/apcera/terraform/test/provider.tf
2019-01-07 17:44:31:263 [INFO ] file-system-watcher: Indexed file:///home/sameer/test-terraform/vcc-cn-prod-tf-host/ezsatsa/projects/vcc-cn/apcera/terraform/test/remote_states.tf
2019-01-07 17:44:31:267 [INFO ] file-system-watcher: Indexed file:///home/sameer/test-terraform/vcc-cn-prod-tf-host/ezsatsa/projects/vcc-cn/apcera/terraform/test/access_vpc.tf
2019-01-07 17:44:31:272 [INFO ] file-system-watcher: Indexed file:///home/sameer/test-terraform/vcc-cn-prod-tf-host/ezsatsa/projects/vcc-cn/apcera/terraform/test/output.tf
2019-01-07 17:44:31:285 [INFO ] file-system-watcher: Indexed file:///home/sameer/test-terraform/vcc-cn-prod-tf-host/ezsatsa/projects/vcc-cn/apcera/terraform/test/terraform.tfvars
2019-01-07 17:44:31:302 [INFO ] file-system-watcher: Indexed file:///home/sameer/test-terraform/vcc-cn-prod-tf-host/ezsatsa/projects/vcc-cn/apcera/terraform/test/main.tf
2019-01-07 17:44:31:306 [INFO ] file-system-watcher: Indexed file:///home/sameer/test-terraform/vcc-cn-prod-tf-host/ezsatsa/projects/vcc-cn/apcera/terraform/test/test.auto.tfvars
2019-01-07 17:44:31:322 [INFO ] file-system-watcher: Indexed file:///home/sameer/test-terraform/vcc-cn-prod-tf-host/ezsatsa/projects/vcc-cn/apcera/terraform/test/variables.tf
2019-01-07 17:44:31:326 [INFO ] file-system-watcher: Indexed file:///home/sameer/test-terraform/vcc-cn-prod-tf-host/ezsatsa/projects/vcc-cn/apcera/terraform/qa/qa.auto.tfvars
2019-01-07 17:44:31:329 [INFO ] file-system-watcher: Indexed file:///home/sameer/test-terraform/vcc-cn-prod-tf-host/ezsatsa/projects/vcc-cn/apcera/terraform/qa/backend.tf
2019-01-07 17:44:31:341 [INFO ] file-system-watcher: Indexed file:///home/sameer/test-terraform/vcc-cn-prod-tf-host/ezsatsa/projects/vcc-cn/apcera/terraform/qa/provider.tf
2019-01-07 17:44:31:345 [INFO ] file-system-watcher: Indexed file:///home/sameer/test-terraform/vcc-cn-prod-tf-host/ezsatsa/projects/vcc-cn/apcera/terraform/qa/remote_states.tf
2019-01-07 17:44:31:351 [INFO ] file-system-watcher: Indexed file:///home/sameer/test-terraform/vcc-cn-prod-tf-host/ezsatsa/projects/vcc-cn/apcera/terraform/qa/access_vpc.tf
2019-01-07 17:44:31:355 [INFO ] file-system-watcher: Indexed file:///home/sameer/test-terraform/vcc-cn-prod-tf-host/ezsatsa/projects/vcc-cn/apcera/terraform/qa/output.tf
2019-01-07 17:44:31:364 [INFO ] file-system-watcher: Indexed file:///home/sameer/test-terraform/vcc-cn-prod-tf-host/ezsatsa/projects/vcc-cn/apcera/terraform/qa/terraform.tfvars
2019-01-07 17:44:31:391 [INFO ] file-system-watcher: Indexed file:///home/sameer/test-terraform/vcc-cn-prod-tf-host/ezsatsa/projects/vcc-cn/apcera/terraform/qa/main.tf
2019-01-07 17:44:31:407 [INFO ] file-system-watcher: Indexed file:///home/sameer/test-terraform/vcc-cn-prod-tf-host/ezsatsa/projects/vcc-cn/apcera/terraform/qa/variables.tf
2019-01-07 17:44:31:411 [INFO ] file-system-watcher: Indexed file:///home/sameer/test-terraform/vcc-cn-prod-tf-host/ezsatsa/projects/vcc-cn/traffic-generator/access/backend.tf
2019-01-07 17:44:31:417 [INFO ] file-system-watcher: Indexed file:///home/sameer/test-terraform/vcc-cn-prod-tf-host/ezsatsa/projects/vcc-cn/traffic-generator/access/provider.tf
2019-01-07 17:44:31:421 [INFO ] file-system-watcher: Indexed file:///home/sameer/test-terraform/vcc-cn-prod-tf-host/ezsatsa/projects/vcc-cn/traffic-generator/access/access.auto.tfvars
2019-01-07 17:44:31:423 [INFO ] file-system-watcher: Indexed file:///home/sameer/test-terraform/vcc-cn-prod-tf-host/ezsatsa/projects/vcc-cn/traffic-generator/access/terraform.tfvars
2019-01-07 17:44:31:427 [INFO ] file-system-watcher: Indexed file:///home/sameer/test-terraform/vcc-cn-prod-tf-host/ezsatsa/projects/vcc-cn/traffic-generator/access/variables.tf
2019-01-07 17:44:31:430 [INFO ] file-system-watcher: Indexed file:///home/sameer/test-terraform/vcc-cn-prod-tf-host/ezsatsa/projects/vcc-cn/traffic-generator/access/dns-records.tf
2019-01-07 17:44:31:434 [INFO ] file-system-watcher: Indexed file:///home/sameer/test-terraform/vcc-cn-prod-tf-host/ezsatsa/projects/vcc-cn/traffic-generator/common/provider.tf
2019-01-07 17:44:31:439 [INFO ] file-system-watcher: Indexed file:///home/sameer/test-terraform/vcc-cn-prod-tf-host/ezsatsa/projects/vcc-cn/traffic-generator/common/variables.tf
2019-01-07 17:44:31:442 [INFO ] file-system-watcher: Indexed file:///home/sameer/test-terraform/vcc-cn-prod-tf-host/ezsatsa/projects/vcc-cn/vpc/access/backend.tf
2019-01-07 17:44:31:450 [INFO ] file-system-watcher: Indexed file:///home/sameer/test-terraform/vcc-cn-prod-tf-host/ezsatsa/projects/vcc-cn/vpc/access/provider.tf
2019-01-07 17:44:31:458 [INFO ] file-system-watcher: Indexed file:///home/sameer/test-terraform/vcc-cn-prod-tf-host/ezsatsa/projects/vcc-cn/vpc/access/output.tf
2019-01-07 17:44:31:470 [INFO ] file-system-watcher: Indexed file:///home/sameer/test-terraform/vcc-cn-prod-tf-host/ezsatsa/projects/vcc-cn/vpc/access/terraform.tfvars
2019-01-07 17:44:31:507 [INFO ] file-system-watcher: Indexed file:///home/sameer/test-terraform/vcc-cn-prod-tf-host/ezsatsa/projects/vcc-cn/vpc/access/main.tf
2019-01-07 17:44:31:512 [INFO ] file-system-watcher: Indexed file:///home/sameer/test-terraform/vcc-cn-prod-tf-host/ezsatsa/projects/vcc-cn/vpc/access/variables.tf
2019-01-07 17:44:31:517 [INFO ] file-system-watcher: Indexed file:///home/sameer/test-terraform/vcc-cn-prod-tf-host/ezsatsa/projects/vcc-cn/vpc/qa/qa.auto.tfvars
2019-01-07 17:44:31:521 [INFO ] file-system-watcher: Indexed file:///home/sameer/test-terraform/vcc-cn-prod-tf-host/ezsatsa/projects/vcc-cn/vpc/qa/backend.tf
2019-01-07 17:44:31:524 [INFO ] file-system-watcher: Indexed file:///home/sameer/test-terraform/vcc-cn-prod-tf-host/ezsatsa/projects/vcc-cn/vpc/qa/provider.tf
2019-01-07 17:44:31:538 [INFO ] file-system-watcher: Indexed file:///home/sameer/test-terraform/vcc-cn-prod-tf-host/ezsatsa/projects/vcc-cn/vpc/qa/output.tf
2019-01-07 17:44:31:545 [INFO ] file-system-watcher: Indexed file:///home/sameer/test-terraform/vcc-cn-prod-tf-host/ezsatsa/projects/vcc-cn/vpc/qa/terraform.tfvars
2019-01-07 17:44:31:552 [INFO ] file-system-watcher: Indexed file:///home/sameer/test-terraform/vcc-cn-prod-tf-host/ezsatsa/projects/vcc-cn/vpc/qa/main.tf
2019-01-07 17:44:31:563 [INFO ] file-system-watcher: Indexed file:///home/sameer/test-terraform/vcc-cn-prod-tf-host/ezsatsa/projects/vcc-cn/vpc/qa/variables.tf
2019-01-07 17:44:31:568 [INFO ] file-system-watcher: Indexed file:///home/sameer/test-terraform/vcc-cn-prod-tf-host/ezsatsa/projects/vcc-cn/vpc/prod/backend.tf
2019-01-07 17:44:31:573 [INFO ] file-system-watcher: Indexed file:///home/sameer/test-terraform/vcc-cn-prod-tf-host/ezsatsa/projects/vcc-cn/vpc/prod/provider.tf
2019-01-07 17:44:31:576 [INFO ] file-system-watcher: Indexed file:///home/sameer/test-terraform/vcc-cn-prod-tf-host/ezsatsa/projects/vcc-cn/vpc/prod/output.tf
2019-01-07 17:44:31:579 [INFO ] file-system-watcher: Indexed file:///home/sameer/test-terraform/vcc-cn-prod-tf-host/ezsatsa/projects/vcc-cn/vpc/prod/terraform.tfvars
2019-01-07 17:44:31:583 [INFO ] file-system-watcher: Indexed file:///home/sameer/test-terraform/vcc-cn-prod-tf-host/ezsatsa/projects/vcc-cn/vpc/prod/production.auto.tfvars
2019-01-07 17:44:31:597 [INFO ] file-system-watcher: Indexed file:///home/sameer/test-terraform/vcc-cn-prod-tf-host/ezsatsa/projects/vcc-cn/vpc/prod/main.tf
2019-01-07 17:44:31:604 [INFO ] file-system-watcher: Indexed file:///home/sameer/test-terraform/vcc-cn-prod-tf-host/ezsatsa/projects/vcc-cn/vpc/prod/variables.tf
2019-01-07 17:44:31:608 [INFO ] file-system-watcher: Indexed file:///home/sameer/test-terraform/vcc-cn-prod-tf-host/ezsatsa/projects/vcc-cn/terraform-host/components/terraform-host/terraform/aws/output.tf
2019-01-07 17:44:31:626 [INFO ] file-system-watcher: Indexed file:///home/sameer/test-terraform/vcc-cn-prod-tf-host/ezsatsa/projects/vcc-cn/terraform-host/components/terraform-host/terraform/aws/test/test.tf
2019-01-07 17:44:31:642 [INFO ] file-system-watcher: Indexed file:///home/sameer/test-terraform/vcc-cn-prod-tf-host/ezsatsa/projects/vcc-cn/terraform-host/components/terraform-host/terraform/aws/main.tf
2019-01-07 17:44:31:653 [INFO ] file-system-watcher: Indexed file:///home/sameer/test-terraform/vcc-cn-prod-tf-host/ezsatsa/projects/vcc-cn/terraform-host/components/terraform-host/terraform/aws/variables.tf
2019-01-07 17:44:31:656 [INFO ] file-system-watcher: Indexed file:///home/sameer/test-terraform/vcc-cn-prod-tf-host/ezsatsa/projects/vcc-cn/terraform-host/terraform/access/backend.tf
2019-01-07 17:44:31:660 [INFO ] file-system-watcher: Indexed file:///home/sameer/test-terraform/vcc-cn-prod-tf-host/ezsatsa/projects/vcc-cn/terraform-host/terraform/access/provider.tf
2019-01-07 17:44:31:664 [INFO ] file-system-watcher: Indexed file:///home/sameer/test-terraform/vcc-cn-prod-tf-host/ezsatsa/projects/vcc-cn/terraform-host/terraform/access/prod.tf
2019-01-07 17:44:31:669 [INFO ] file-system-watcher: Indexed file:///home/sameer/test-terraform/vcc-cn-prod-tf-host/ezsatsa/projects/vcc-cn/terraform-host/terraform/access/output.tf
2019-01-07 17:44:31:673 [INFO ] file-system-watcher: Indexed file:///home/sameer/test-terraform/vcc-cn-prod-tf-host/ezsatsa/projects/vcc-cn/terraform-host/terraform/access/terraform.tfvars
2019-01-07 17:44:31:683 [INFO ] file-system-watcher: Indexed file:///home/sameer/test-terraform/vcc-cn-prod-tf-host/ezsatsa/projects/vcc-cn/terraform-host/terraform/access/production.auto.tfvars
2019-01-07 17:44:31:695 [INFO ] file-system-watcher: Indexed file:///home/sameer/test-terraform/vcc-cn-prod-tf-host/ezsatsa/projects/vcc-cn/terraform-host/terraform/access/main.tf
2019-01-07 17:44:31:702 [INFO ] file-system-watcher: Indexed file:///home/sameer/test-terraform/vcc-cn-prod-tf-host/ezsatsa/projects/vcc-cn/terraform-host/terraform/access/variables.tf
2019-01-07 17:44:31:707 [INFO ] file-system-watcher: Indexed file:///home/sameer/test-terraform/vcc-cn-prod-tf-host/ezsatsa/projects/vcc-cn/terraform-host/terraform/common/provider.tf
2019-01-07 17:44:31:711 [INFO ] file-system-watcher: Indexed file:///home/sameer/test-terraform/vcc-cn-prod-tf-host/ezsatsa/projects/vcc-cn/terraform-host/terraform/common/output.tf
2019-01-07 17:44:31:730 [INFO ] file-system-watcher: Indexed file:///home/sameer/test-terraform/vcc-cn-prod-tf-host/ezsatsa/projects/vcc-cn/terraform-host/terraform/common/main.tf
2019-01-07 17:44:31:734 [INFO ] file-system-watcher: Indexed file:///home/sameer/test-terraform/vcc-cn-prod-tf-host/ezsatsa/projects/vcc-cn/terraform-host/terraform/common/variables.tf
2019-01-07 17:44:31:741 [INFO ] file-system-watcher: Indexed file:///home/sameer/test-terraform/vcc-cn-prod-tf-host/ezsatsa/projects/vcc-cn/terraform-host/terraform/test/backend.tf
2019-01-07 17:44:31:744 [INFO ] file-system-watcher: Indexed file:///home/sameer/test-terraform/vcc-cn-prod-tf-host/ezsatsa/projects/vcc-cn/terraform-host/terraform/test/provider.tf
2019-01-07 17:44:31:747 [INFO ] file-system-watcher: Indexed file:///home/sameer/test-terraform/vcc-cn-prod-tf-host/ezsatsa/projects/vcc-cn/terraform-host/terraform/test/output.tf
2019-01-07 17:44:31:753 [INFO ] file-system-watcher: Indexed file:///home/sameer/test-terraform/vcc-cn-prod-tf-host/ezsatsa/projects/vcc-cn/terraform-host/terraform/test/terraform.tfvars
2019-01-07 17:44:31:761 [INFO ] file-system-watcher: Indexed file:///home/sameer/test-terraform/vcc-cn-prod-tf-host/ezsatsa/projects/vcc-cn/terraform-host/terraform/test/main.tf
2019-01-07 17:44:31:766 [INFO ] file-system-watcher: Indexed file:///home/sameer/test-terraform/vcc-cn-prod-tf-host/ezsatsa/projects/vcc-cn/terraform-host/terraform/test/test.auto.tfvars
2019-01-07 17:44:31:771 [INFO ] file-system-watcher: Indexed file:///home/sameer/test-terraform/vcc-cn-prod-tf-host/ezsatsa/projects/vcc-cn/terraform-host/terraform/test/variables.tf
2019-01-07 17:44:31:774 [INFO ] file-system-watcher: Indexed file:///home/sameer/test-terraform/vcc-cn-prod-tf-host/ezsatsa/projects/vcc-cn/terraform-host/terraform/qa/qa.auto.tfvars
2019-01-07 17:44:31:777 [INFO ] file-system-watcher: Indexed file:///home/sameer/test-terraform/vcc-cn-prod-tf-host/ezsatsa/projects/vcc-cn/terraform-host/terraform/qa/backend.tf
2019-01-07 17:44:31:782 [INFO ] file-system-watcher: Indexed file:///home/sameer/test-terraform/vcc-cn-prod-tf-host/ezsatsa/projects/vcc-cn/terraform-host/terraform/qa/provider.tf
2019-01-07 17:44:31:787 [INFO ] file-system-watcher: Indexed file:///home/sameer/test-terraform/vcc-cn-prod-tf-host/ezsatsa/projects/vcc-cn/terraform-host/terraform/qa/output.tf
2019-01-07 17:44:31:792 [INFO ] file-system-watcher: Indexed file:///home/sameer/test-terraform/vcc-cn-prod-tf-host/ezsatsa/projects/vcc-cn/terraform-host/terraform/qa/terraform.tfvars
2019-01-07 17:44:31:807 [INFO ] file-system-watcher: Indexed file:///home/sameer/test-terraform/vcc-cn-prod-tf-host/ezsatsa/projects/vcc-cn/terraform-host/terraform/qa/main.tf
2019-01-07 17:44:31:811 [INFO ] file-system-watcher: Indexed file:///home/sameer/test-terraform/vcc-cn-prod-tf-host/ezsatsa/projects/vcc-cn/terraform-host/terraform/qa/variables.tf
2019-01-07 17:44:31:814 [INFO ] file-system-watcher: Indexed file:///home/sameer/test-terraform/vcc-cn-prod-tf-host/ezsatsa/projects/vcc-cn/terraform-host/terraform/prod/backend.tf
2019-01-07 17:44:31:819 [INFO ] file-system-watcher: Indexed file:///home/sameer/test-terraform/vcc-cn-prod-tf-host/ezsatsa/projects/vcc-cn/terraform-host/terraform/prod/provider.tf
2019-01-07 17:44:31:823 [INFO ] file-system-watcher: Indexed file:///home/sameer/test-terraform/vcc-cn-prod-tf-host/ezsatsa/projects/vcc-cn/terraform-host/terraform/prod/output.tf
2019-01-07 17:44:31:827 [INFO ] file-system-watcher: Indexed file:///home/sameer/test-terraform/vcc-cn-prod-tf-host/ezsatsa/projects/vcc-cn/terraform-host/terraform/prod/terraform.tfvars
2019-01-07 17:44:31:830 [INFO ] file-system-watcher: Indexed file:///home/sameer/test-terraform/vcc-cn-prod-tf-host/ezsatsa/projects/vcc-cn/terraform-host/terraform/prod/production.auto.tfvars
2019-01-07 17:44:31:839 [INFO ] file-system-watcher: Indexed file:///home/sameer/test-terraform/vcc-cn-prod-tf-host/ezsatsa/projects/vcc-cn/terraform-host/terraform/prod/main.tf
2019-01-07 17:44:31:843 [INFO ] file-system-watcher: Indexed file:///home/sameer/test-terraform/vcc-cn-prod-tf-host/ezsatsa/projects/vcc-cn/terraform-host/terraform/prod/variables.tf
2019-01-07 17:44:31:846 [INFO ] file-system-watcher: Indexed file:///home/sameer/test-terraform/vcc-cn-prod-tf-host/ezsatsa/projects/vcc-cn/utils/iam-user/backend.tf
2019-01-07 17:44:31:850 [INFO ] file-system-watcher: Indexed file:///home/sameer/test-terraform/vcc-cn-prod-tf-host/ezsatsa/projects/vcc-cn/utils/iam-user/provider.tf
2019-01-07 17:44:31:854 [INFO ] file-system-watcher: Indexed file:///home/sameer/test-terraform/vcc-cn-prod-tf-host/ezsatsa/projects/vcc-cn/utils/iam-user/vcc-user.tf
2019-01-07 17:44:31:862 [INFO ] file-system-watcher: Indexed file:///home/sameer/test-terraform/vcc-cn-prod-tf-host/ezsatsa/projects/vcc-cn/utils/iam-user/output.tf
2019-01-07 17:44:31:866 [INFO ] file-system-watcher: Indexed file:///home/sameer/test-terraform/vcc-cn-prod-tf-host/ezsatsa/projects/vcc-cn/utils/iam-user/vcc-output.tf
2019-01-07 17:44:31:871 [INFO ] file-system-watcher: Indexed file:///home/sameer/test-terraform/vcc-cn-prod-tf-host/ezsatsa/projects/vcc-cn/utils/iam-user/main.tf
2019-01-07 17:44:31:874 [INFO ] file-system-watcher: Indexed file:///home/sameer/test-terraform/vcc-cn-prod-tf-host/ezsatsa/projects/vcc-cn/utils/create-ecr/backend.tf
2019-01-07 17:44:31:884 [INFO ] file-system-watcher: Indexed file:///home/sameer/test-terraform/vcc-cn-prod-tf-host/ezsatsa/projects/vcc-cn/utils/create-ecr/provider.tf
2019-01-07 17:44:31:891 [INFO ] file-system-watcher: Indexed file:///home/sameer/test-terraform/vcc-cn-prod-tf-host/ezsatsa/projects/vcc-cn/utils/create-ecr/output.tf
2019-01-07 17:44:31:895 [INFO ] file-system-watcher: Indexed file:///home/sameer/test-terraform/vcc-cn-prod-tf-host/ezsatsa/projects/vcc-cn/utils/create-ecr/vcc-output.tf
2019-01-07 17:44:31:899 [INFO ] file-system-watcher: Indexed file:///home/sameer/test-terraform/vcc-cn-prod-tf-host/ezsatsa/projects/vcc-cn/utils/create-ecr/vcc-ecr.tf
2019-01-07 17:44:31:905 [INFO ] file-system-watcher: Indexed file:///home/sameer/test-terraform/vcc-cn-prod-tf-host/ezsatsa/projects/vcc-cn/utils/create-ecr/main.tf
2019-01-07 17:44:31:908 [INFO ] file-system-watcher: Indexed file:///home/sameer/test-terraform/vcc-cn-prod-tf-host/ezsatsa/projects/vcc-cn/utils/iam-group/vcc-group.tf
2019-01-07 17:44:31:914 [INFO ] file-system-watcher: Indexed file:///home/sameer/test-terraform/vcc-cn-prod-tf-host/ezsatsa/projects/vcc-cn/utils/iam-group/backend.tf
2019-01-07 17:44:31:919 [INFO ] file-system-watcher: Indexed file:///home/sameer/test-terraform/vcc-cn-prod-tf-host/ezsatsa/projects/vcc-cn/utils/iam-group/provider.tf
2019-01-07 17:44:31:923 [INFO ] file-system-watcher: Indexed file:///home/sameer/test-terraform/vcc-cn-prod-tf-host/ezsatsa/projects/vcc-cn/utils/iam-group/output.tf
2019-01-07 17:44:31:927 [INFO ] file-system-watcher: Indexed file:///home/sameer/test-terraform/vcc-cn-prod-tf-host/ezsatsa/projects/vcc-cn/utils/iam-group/vcc-output.tf
2019-01-07 17:44:31:930 [INFO ] file-system-watcher: Indexed file:///home/sameer/test-terraform/vcc-cn-prod-tf-host/ezsatsa/projects/vcc-cn/utils/iam-group/main.tf
2019-01-07 17:44:31:940 [INFO ] file-system-watcher: Indexed file:///home/sameer/test-terraform/vcc-cn-prod-tf-host/ezsatsa/projects/vcc-cn/utils/ami-transfer/provider.tf
2019-01-07 17:44:31:945 [INFO ] file-system-watcher: Indexed file:///home/sameer/test-terraform/vcc-cn-prod-tf-host/ezsatsa/projects/vcc-cn/utils/ami-transfer/output.tf
2019-01-07 17:44:31:949 [INFO ] file-system-watcher: Indexed file:///home/sameer/test-terraform/vcc-cn-prod-tf-host/ezsatsa/projects/vcc-cn/utils/ami-transfer/main.tf
2019-01-07 17:44:31:964 [INFO ] file-system-watcher: Indexed file:///home/sameer/test-terraform/vcc-cn-prod-tf-host/ezsatsa/projects/vcc-cn/utils/ami-transfer/variables.tf
2019-01-07 17:44:31:972 [INFO ] file-system-watcher: Indexed file:///home/sameer/test-terraform/vcc-cn-prod-tf-host/ezsatsa/projects/vcc-cn/ldap/components/access/389ds/terraform/aws/replace_certificate.tf
2019-01-07 17:44:31:987 [INFO ] file-system-watcher: Indexed file:///home/sameer/test-terraform/vcc-cn-prod-tf-host/ezsatsa/projects/vcc-cn/ldap/components/access/389ds/terraform/aws/replication.tf
2019-01-07 17:44:32:005 [INFO ] file-system-watcher: Indexed file:///home/sameer/test-terraform/vcc-cn-prod-tf-host/ezsatsa/projects/vcc-cn/ldap/components/access/389ds/terraform/aws/output.tf
2019-01-07 17:44:32:013 [INFO ] file-system-watcher: Indexed file:///home/sameer/test-terraform/vcc-cn-prod-tf-host/ezsatsa/projects/vcc-cn/ldap/components/access/389ds/terraform/aws/test/test.tf
2019-01-07 17:44:32:022 [INFO ] file-system-watcher: Indexed file:///home/sameer/test-terraform/vcc-cn-prod-tf-host/ezsatsa/projects/vcc-cn/ldap/components/access/389ds/terraform/aws/iam_role.tf
2019-01-07 17:44:32:052 [INFO ] file-system-watcher: Indexed file:///home/sameer/test-terraform/vcc-cn-prod-tf-host/ezsatsa/projects/vcc-cn/ldap/components/access/389ds/terraform/aws/main.tf
2019-01-07 17:44:32:069 [INFO ] file-system-watcher: Indexed file:///home/sameer/test-terraform/vcc-cn-prod-tf-host/ezsatsa/projects/vcc-cn/ldap/components/access/389ds/terraform/aws/variables.tf
2019-01-07 17:44:32:074 [INFO ] file-system-watcher: Indexed file:///home/sameer/test-terraform/vcc-cn-prod-tf-host/ezsatsa/projects/vcc-cn/ldap/components/test/389ds/terraform/aws/replace_certificate.tf
2019-01-07 17:44:32:100 [INFO ] file-system-watcher: Indexed file:///home/sameer/test-terraform/vcc-cn-prod-tf-host/ezsatsa/projects/vcc-cn/ldap/components/test/389ds/terraform/aws/replication.tf
2019-01-07 17:44:32:108 [INFO ] file-system-watcher: Indexed file:///home/sameer/test-terraform/vcc-cn-prod-tf-host/ezsatsa/projects/vcc-cn/ldap/components/test/389ds/terraform/aws/output.tf
2019-01-07 17:44:32:113 [INFO ] file-system-watcher: Indexed file:///home/sameer/test-terraform/vcc-cn-prod-tf-host/ezsatsa/projects/vcc-cn/ldap/components/test/389ds/terraform/aws/test/test.tf
2019-01-07 17:44:32:137 [INFO ] file-system-watcher: Indexed file:///home/sameer/test-terraform/vcc-cn-prod-tf-host/ezsatsa/projects/vcc-cn/ldap/components/test/389ds/terraform/aws/iam_role.tf
2019-01-07 17:44:32:170 [INFO ] file-system-watcher: Indexed file:///home/sameer/test-terraform/vcc-cn-prod-tf-host/ezsatsa/projects/vcc-cn/ldap/components/test/389ds/terraform/aws/main.tf
2019-01-07 17:44:32:194 [INFO ] file-system-watcher: Indexed file:///home/sameer/test-terraform/vcc-cn-prod-tf-host/ezsatsa/projects/vcc-cn/ldap/components/test/389ds/terraform/aws/variables.tf
2019-01-07 17:44:32:198 [INFO ] file-system-watcher: Indexed file:///home/sameer/test-terraform/vcc-cn-prod-tf-host/ezsatsa/projects/vcc-cn/ldap/terraform/access/backend.tf
2019-01-07 17:44:32:203 [INFO ] file-system-watcher: Indexed file:///home/sameer/test-terraform/vcc-cn-prod-tf-host/ezsatsa/projects/vcc-cn/ldap/terraform/access/provider.tf
2019-01-07 17:44:32:209 [INFO ] file-system-watcher: Indexed file:///home/sameer/test-terraform/vcc-cn-prod-tf-host/ezsatsa/projects/vcc-cn/ldap/terraform/access/remote_states.tf
2019-01-07 17:44:32:224 [INFO ] file-system-watcher: Indexed file:///home/sameer/test-terraform/vcc-cn-prod-tf-host/ezsatsa/projects/vcc-cn/ldap/terraform/access/access.tf
2019-01-07 17:44:32:228 [INFO ] file-system-watcher: Indexed file:///home/sameer/test-terraform/vcc-cn-prod-tf-host/ezsatsa/projects/vcc-cn/ldap/terraform/access/output.tf
2019-01-07 17:44:32:234 [INFO ] file-system-watcher: Indexed file:///home/sameer/test-terraform/vcc-cn-prod-tf-host/ezsatsa/projects/vcc-cn/ldap/terraform/access/terraform.tfvars
2019-01-07 17:44:32:237 [INFO ] file-system-watcher: Indexed file:///home/sameer/test-terraform/vcc-cn-prod-tf-host/ezsatsa/projects/vcc-cn/ldap/terraform/access/variables_access.tf
2019-01-07 17:44:32:245 [INFO ] file-system-watcher: Indexed file:///home/sameer/test-terraform/vcc-cn-prod-tf-host/ezsatsa/projects/vcc-cn/ldap/terraform/access/maint.tf
2019-01-07 17:44:32:248 [INFO ] file-system-watcher: Indexed file:///home/sameer/test-terraform/vcc-cn-prod-tf-host/ezsatsa/projects/vcc-cn/ldap/terraform/access/access-global.auto.tfvars
2019-01-07 17:44:32:258 [INFO ] file-system-watcher: Indexed file:///home/sameer/test-terraform/vcc-cn-prod-tf-host/ezsatsa/projects/vcc-cn/ldap/terraform/access/variables.tf
2019-01-07 17:44:32:263 [INFO ] file-system-watcher: Indexed file:///home/sameer/test-terraform/vcc-cn-prod-tf-host/ezsatsa/projects/vcc-cn/ldap/terraform/access/dns_provider.tf
2019-01-07 17:44:32:267 [INFO ] file-system-watcher: Indexed file:///home/sameer/test-terraform/vcc-cn-prod-tf-host/ezsatsa/projects/vcc-cn/ldap/terraform/backend.tf
2019-01-07 17:44:32:271 [INFO ] file-system-watcher: Indexed file:///home/sameer/test-terraform/vcc-cn-prod-tf-host/ezsatsa/projects/vcc-cn/ldap/terraform/common/provider.tf
2019-01-07 17:44:32:274 [INFO ] file-system-watcher: Indexed file:///home/sameer/test-terraform/vcc-cn-prod-tf-host/ezsatsa/projects/vcc-cn/ldap/terraform/common/output.tf
2019-01-07 17:44:32:282 [INFO ] file-system-watcher: Indexed file:///home/sameer/test-terraform/vcc-cn-prod-tf-host/ezsatsa/projects/vcc-cn/ldap/terraform/common/main.tf
2019-01-07 17:44:32:288 [INFO ] file-system-watcher: Indexed file:///home/sameer/test-terraform/vcc-cn-prod-tf-host/ezsatsa/projects/vcc-cn/ldap/terraform/common/variables.tf
2019-01-07 17:44:32:293 [INFO ] file-system-watcher: Indexed file:///home/sameer/test-terraform/vcc-cn-prod-tf-host/ezsatsa/projects/vcc-cn/ldap/terraform/test/backend.tf
2019-01-07 17:44:32:296 [INFO ] file-system-watcher: Indexed file:///home/sameer/test-terraform/vcc-cn-prod-tf-host/ezsatsa/projects/vcc-cn/ldap/terraform/test/provider.tf
2019-01-07 17:44:32:306 [INFO ] file-system-watcher: Indexed file:///home/sameer/test-terraform/vcc-cn-prod-tf-host/ezsatsa/projects/vcc-cn/ldap/terraform/test/test.tf
2019-01-07 17:44:32:309 [INFO ] file-system-watcher: Indexed file:///home/sameer/test-terraform/vcc-cn-prod-tf-host/ezsatsa/projects/vcc-cn/ldap/terraform/test/output.tf
2019-01-07 17:44:32:313 [INFO ] file-system-watcher: Indexed file:///home/sameer/test-terraform/vcc-cn-prod-tf-host/ezsatsa/projects/vcc-cn/ldap/terraform/test/terraform.tfvars
2019-01-07 17:44:32:323 [INFO ] file-system-watcher: Indexed file:///home/sameer/test-terraform/vcc-cn-prod-tf-host/ezsatsa/projects/vcc-cn/ldap/terraform/test/main.tf
2019-01-07 17:44:32:326 [INFO ] file-system-watcher: Indexed file:///home/sameer/test-terraform/vcc-cn-prod-tf-host/ezsatsa/projects/vcc-cn/ldap/terraform/test/test-global.auto.tfvars
2019-01-07 17:44:32:336 [INFO ] file-system-watcher: Indexed file:///home/sameer/test-terraform/vcc-cn-prod-tf-host/ezsatsa/projects/vcc-cn/ldap/terraform/test/variables.tf
2019-01-07 17:44:32:340 [INFO ] file-system-watcher: Indexed file:///home/sameer/test-terraform/vcc-cn-prod-tf-host/ezsatsa/projects/vcc-cn/global/production.tfvars
2019-01-07 17:44:32:343 [INFO ] file-system-watcher: Indexed file:///home/sameer/test-terraform/vcc-cn-prod-tf-host/ezsatsa/projects/vcc-cn/global/provider.tf
2019-01-07 17:44:32:347 [INFO ] file-system-watcher: Indexed file:///home/sameer/test-terraform/vcc-cn-prod-tf-host/ezsatsa/projects/vcc-cn/global/access.tfvars
2019-01-07 17:44:32:350 [INFO ] file-system-watcher: Indexed file:///home/sameer/test-terraform/vcc-cn-prod-tf-host/ezsatsa/projects/vcc-cn/global/qa.tfvars
2019-01-07 17:44:32:357 [INFO ] file-system-watcher: Indexed file:///home/sameer/test-terraform/vcc-cn-prod-tf-host/ezsatsa/projects/vcc-cn/global/test.tfvars
2019-01-07 17:44:32:373 [INFO ] file-system-watcher: Indexed file:///home/sameer/test-terraform/vcc-cn-prod-tf-host/ezsatsa/projects/vcc-cn/splunk/terraform/common/provider.tf
2019-01-07 17:44:32:377 [INFO ] file-system-watcher: Indexed file:///home/sameer/test-terraform/vcc-cn-prod-tf-host/ezsatsa/projects/vcc-cn/splunk/terraform/common/output.tf
2019-01-07 17:44:32:380 [INFO ] file-system-watcher: Indexed file:///home/sameer/test-terraform/vcc-cn-prod-tf-host/ezsatsa/projects/vcc-cn/splunk/terraform/common/main.tf
2019-01-07 17:44:32:383 [INFO ] file-system-watcher: Indexed file:///home/sameer/test-terraform/vcc-cn-prod-tf-host/ezsatsa/projects/vcc-cn/splunk/terraform/common/variables.tf
2019-01-07 17:44:32:387 [INFO ] file-system-watcher: Indexed file:///home/sameer/test-terraform/vcc-cn-prod-tf-host/ezsatsa/projects/vcc-cn/splunk/terraform/qa/backend.tf
2019-01-07 17:44:32:393 [INFO ] file-system-watcher: Index not generated for: file:///home/sameer/test-terraform/vcc-cn-prod-tf-host/ezsatsa/projects/vcc-cn/splunk/terraform/qa/provider.tf
2019-01-07 17:44:32:395 [INFO ] file-system-watcher: Indexed file:///home/sameer/test-terraform/vcc-cn-prod-tf-host/ezsatsa/projects/vcc-cn/splunk/terraform/qa/remote_states.tf
2019-01-07 17:44:32:400 [INFO ] file-system-watcher: Index not generated for: file:///home/sameer/test-terraform/vcc-cn-prod-tf-host/ezsatsa/projects/vcc-cn/splunk/terraform/qa/output.tf
2019-01-07 17:44:32:409 [INFO ] file-system-watcher: Indexed file:///home/sameer/test-terraform/vcc-cn-prod-tf-host/ezsatsa/projects/vcc-cn/splunk/terraform/qa/terraform.tfvars
2019-01-07 17:44:32:412 [INFO ] file-system-watcher: Index not generated for: file:///home/sameer/test-terraform/vcc-cn-prod-tf-host/ezsatsa/projects/vcc-cn/splunk/terraform/qa/main.tf
2019-01-07 17:44:32:415 [INFO ] file-system-watcher: Index not generated for: file:///home/sameer/test-terraform/vcc-cn-prod-tf-host/ezsatsa/projects/vcc-cn/splunk/terraform/qa/variables.tf
2019-01-07 17:44:32:421 [INFO ] file-system-watcher: Indexed file:///home/sameer/test-terraform/vcc-cn-prod-tf-host/ezsatsa/projects/vcc-cn/splunk/terraform/prod/backend.tf
2019-01-07 17:44:32:425 [INFO ] file-system-watcher: Index not generated for: file:///home/sameer/test-terraform/vcc-cn-prod-tf-host/ezsatsa/projects/vcc-cn/splunk/terraform/prod/provider.tf
2019-01-07 17:44:32:429 [INFO ] file-system-watcher: Indexed file:///home/sameer/test-terraform/vcc-cn-prod-tf-host/ezsatsa/projects/vcc-cn/splunk/terraform/prod/remote_states.tf
2019-01-07 17:44:32:433 [INFO ] file-system-watcher: Indexed file:///home/sameer/test-terraform/vcc-cn-prod-tf-host/ezsatsa/projects/vcc-cn/splunk/terraform/prod/test.tf
2019-01-07 17:44:32:440 [INFO ] file-system-watcher: Index not generated for: file:///home/sameer/test-terraform/vcc-cn-prod-tf-host/ezsatsa/projects/vcc-cn/splunk/terraform/prod/output.tf
2019-01-07 17:44:32:445 [INFO ] file-system-watcher: Indexed file:///home/sameer/test-terraform/vcc-cn-prod-tf-host/ezsatsa/projects/vcc-cn/splunk/terraform/prod/terraform.tfvars
2019-01-07 17:44:32:453 [INFO ] file-system-watcher: Index not generated for: file:///home/sameer/test-terraform/vcc-cn-prod-tf-host/ezsatsa/projects/vcc-cn/splunk/terraform/prod/main.tf
2019-01-07 17:44:32:466 [INFO ] file-system-watcher: Index not generated for: file:///home/sameer/test-terraform/vcc-cn-prod-tf-host/ezsatsa/projects/vcc-cn/splunk/terraform/prod/variables.tf
2019-01-07 17:44:32:480 [INFO ] file-system-watcher: Indexed file:///home/sameer/test-terraform/vcc-cn-prod-tf-host/ezsatsa/projects/vcc-cn/sso/components/access/postgres/aws/output.tf
2019-01-07 17:44:32:534 [INFO ] file-system-watcher: Indexed file:///home/sameer/test-terraform/vcc-cn-prod-tf-host/ezsatsa/projects/vcc-cn/sso/components/access/postgres/aws/test/test.tf
2019-01-07 17:44:32:574 [INFO ] file-system-watcher: Indexed file:///home/sameer/test-terraform/vcc-cn-prod-tf-host/ezsatsa/projects/vcc-cn/sso/components/access/postgres/aws/main.tf
2019-01-07 17:44:32:596 [INFO ] file-system-watcher: Indexed file:///home/sameer/test-terraform/vcc-cn-prod-tf-host/ezsatsa/projects/vcc-cn/sso/components/access/postgres/aws/variables.tf
2019-01-07 17:44:32:613 [INFO ] file-system-watcher: Indexed file:///home/sameer/test-terraform/vcc-cn-prod-tf-host/ezsatsa/projects/vcc-cn/sso/components/access/postgres/azure/output.tf
2019-01-07 17:44:32:619 [INFO ] file-system-watcher: Indexed file:///home/sameer/test-terraform/vcc-cn-prod-tf-host/ezsatsa/projects/vcc-cn/sso/components/access/postgres/azure/test/test.tf
2019-01-07 17:44:32:639 [INFO ] file-system-watcher: Indexed file:///home/sameer/test-terraform/vcc-cn-prod-tf-host/ezsatsa/projects/vcc-cn/sso/components/access/postgres/azure/main.tf
2019-01-07 17:44:32:662 [INFO ] file-system-watcher: Indexed file:///home/sameer/test-terraform/vcc-cn-prod-tf-host/ezsatsa/projects/vcc-cn/sso/components/access/postgres/azure/variables.tf
2019-01-07 17:44:32:673 [INFO ] file-system-watcher: Indexed file:///home/sameer/test-terraform/vcc-cn-prod-tf-host/ezsatsa/projects/vcc-cn/sso/components/access/keycloak/terraform/aws/output.tf
2019-01-07 17:44:32:705 [INFO ] file-system-watcher: Indexed file:///home/sameer/test-terraform/vcc-cn-prod-tf-host/ezsatsa/projects/vcc-cn/sso/components/access/keycloak/terraform/aws/test/test.tf
2019-01-07 17:44:32:759 [INFO ] file-system-watcher: Indexed file:///home/sameer/test-terraform/vcc-cn-prod-tf-host/ezsatsa/projects/vcc-cn/sso/components/access/keycloak/terraform/aws/main.tf
2019-01-07 17:44:32:803 [INFO ] file-system-watcher: Indexed file:///home/sameer/test-terraform/vcc-cn-prod-tf-host/ezsatsa/projects/vcc-cn/sso/components/access/keycloak/terraform/aws/variables.tf
2019-01-07 17:44:32:810 [INFO ] file-system-watcher: Indexed file:///home/sameer/test-terraform/vcc-cn-prod-tf-host/ezsatsa/projects/vcc-cn/sso/components/access/keycloak/terraform/azure/output.tf
2019-01-07 17:44:32:821 [INFO ] file-system-watcher: Indexed file:///home/sameer/test-terraform/vcc-cn-prod-tf-host/ezsatsa/projects/vcc-cn/sso/components/access/keycloak/terraform/azure/test/test.tf
2019-01-07 17:44:32:852 [INFO ] file-system-watcher: Indexed file:///home/sameer/test-terraform/vcc-cn-prod-tf-host/ezsatsa/projects/vcc-cn/sso/components/access/keycloak/terraform/azure/main.tf
2019-01-07 17:44:32:864 [INFO ] file-system-watcher: Indexed file:///home/sameer/test-terraform/vcc-cn-prod-tf-host/ezsatsa/projects/vcc-cn/sso/components/access/keycloak/terraform/azure/variables.tf
2019-01-07 17:44:32:873 [INFO ] file-system-watcher: Indexed file:///home/sameer/test-terraform/vcc-cn-prod-tf-host/ezsatsa/projects/vcc-cn/sso/components/access/keycloak/terraform/openstack/outputs.tf
2019-01-07 17:44:32:877 [INFO ] file-system-watcher: Indexed file:///home/sameer/test-terraform/vcc-cn-prod-tf-host/ezsatsa/projects/vcc-cn/sso/components/access/keycloak/terraform/openstack/test/main.tf
2019-01-07 17:44:32:887 [INFO ] file-system-watcher: Indexed file:///home/sameer/test-terraform/vcc-cn-prod-tf-host/ezsatsa/projects/vcc-cn/sso/components/access/keycloak/terraform/openstack/main.tf
2019-01-07 17:44:32:893 [INFO ] file-system-watcher: Indexed file:///home/sameer/test-terraform/vcc-cn-prod-tf-host/ezsatsa/projects/vcc-cn/sso/components/access/keycloak/terraform/openstack/variables.tf
2019-01-07 17:44:32:897 [INFO ] file-system-watcher: Indexed file:///home/sameer/test-terraform/vcc-cn-prod-tf-host/ezsatsa/projects/vcc-cn/sso/terraform/access/backend.tf
2019-01-07 17:44:32:904 [INFO ] file-system-watcher: Indexed file:///home/sameer/test-terraform/vcc-cn-prod-tf-host/ezsatsa/projects/vcc-cn/sso/terraform/access/provider.tf
2019-01-07 17:44:32:910 [INFO ] file-system-watcher: Indexed file:///home/sameer/test-terraform/vcc-cn-prod-tf-host/ezsatsa/projects/vcc-cn/sso/terraform/access/remote_states.tf
2019-01-07 17:44:32:921 [INFO ] file-system-watcher: Indexed file:///home/sameer/test-terraform/vcc-cn-prod-tf-host/ezsatsa/projects/vcc-cn/sso/terraform/access/access.tf
2019-01-07 17:44:32:924 [INFO ] file-system-watcher: Indexed file:///home/sameer/test-terraform/vcc-cn-prod-tf-host/ezsatsa/projects/vcc-cn/sso/terraform/access/main_override.tf
2019-01-07 17:44:32:929 [INFO ] file-system-watcher: Indexed file:///home/sameer/test-terraform/vcc-cn-prod-tf-host/ezsatsa/projects/vcc-cn/sso/terraform/access/output.tf
2019-01-07 17:44:32:934 [INFO ] file-system-watcher: Indexed file:///home/sameer/test-terraform/vcc-cn-prod-tf-host/ezsatsa/projects/vcc-cn/sso/terraform/access/terraform.tfvars
2019-01-07 17:44:32:947 [INFO ] file-system-watcher: Indexed file:///home/sameer/test-terraform/vcc-cn-prod-tf-host/ezsatsa/projects/vcc-cn/sso/terraform/access/main.tf
2019-01-07 17:44:32:952 [INFO ] file-system-watcher: Indexed file:///home/sameer/test-terraform/vcc-cn-prod-tf-host/ezsatsa/projects/vcc-cn/sso/terraform/access/access-global.auto.tfvars
2019-01-07 17:44:32:961 [INFO ] file-system-watcher: Indexed file:///home/sameer/test-terraform/vcc-cn-prod-tf-host/ezsatsa/projects/vcc-cn/sso/terraform/access/variables.tf
2019-01-07 17:44:32:968 [INFO ] file-system-watcher: Indexed file:///home/sameer/test-terraform/vcc-cn-prod-tf-host/ezsatsa/projects/vcc-cn/sso/terraform/common/provider.tf
2019-01-07 17:44:32:978 [INFO ] file-system-watcher: Indexed file:///home/sameer/test-terraform/vcc-cn-prod-tf-host/ezsatsa/projects/vcc-cn/sso/terraform/common/output.tf
2019-01-07 17:44:32:995 [INFO ] file-system-watcher: Indexed file:///home/sameer/test-terraform/vcc-cn-prod-tf-host/ezsatsa/projects/vcc-cn/sso/terraform/common/main.tf
2019-01-07 17:44:33:006 [INFO ] file-system-watcher: Indexed file:///home/sameer/test-terraform/vcc-cn-prod-tf-host/ezsatsa/projects/vcc-cn/sso/terraform/common/variables.tf
2019-01-07 17:44:33:010 [INFO ] file-system-watcher: Indexed file:///home/sameer/test-terraform/vcc-cn-prod-tf-host/ezsatsa/projects/vcc-cn/prometheus/common/provider.tf
2019-01-07 17:44:33:013 [INFO ] file-system-watcher: Indexed file:///home/sameer/test-terraform/vcc-cn-prod-tf-host/ezsatsa/projects/vcc-cn/prometheus/common/variables.tf
2019-01-07 17:44:33:018 [INFO ] file-system-watcher: Indexed file:///home/sameer/test-terraform/vcc-cn-prod-tf-host/ezsatsa/projects/vcc-cn/prometheus/qa/qa.auto.tfvars
2019-01-07 17:44:33:021 [INFO ] file-system-watcher: Indexed file:///home/sameer/test-terraform/vcc-cn-prod-tf-host/ezsatsa/projects/vcc-cn/prometheus/qa/backend.tf
2019-01-07 17:44:33:024 [INFO ] file-system-watcher: Indexed file:///home/sameer/test-terraform/vcc-cn-prod-tf-host/ezsatsa/projects/vcc-cn/prometheus/qa/provider.tf
2019-01-07 17:44:33:027 [INFO ] file-system-watcher: Indexed file:///home/sameer/test-terraform/vcc-cn-prod-tf-host/ezsatsa/projects/vcc-cn/prometheus/qa/remote_states.tf
2019-01-07 17:44:33:030 [INFO ] file-system-watcher: Indexed file:///home/sameer/test-terraform/vcc-cn-prod-tf-host/ezsatsa/projects/vcc-cn/prometheus/qa/variables.tf
2019-01-07 17:44:33:034 [INFO ] file-system-watcher: Indexed file:///home/sameer/test-terraform/vcc-cn-prod-tf-host/ezsatsa/projects/vcc-cn/prometheus/qa/dns-records.tf
2019-01-07 17:44:33:038 [INFO ] file-system-watcher: Indexed file:///home/sameer/test-terraform/vcc-cn-prod-tf-host/ezsatsa/projects/vcc-cn/prometheus/prod/backend.tf
2019-01-07 17:44:33:057 [INFO ] file-system-watcher: Indexed file:///home/sameer/test-terraform/vcc-cn-prod-tf-host/ezsatsa/projects/vcc-cn/prometheus/prod/provider.tf
2019-01-07 17:44:33:060 [INFO ] file-system-watcher: Indexed file:///home/sameer/test-terraform/vcc-cn-prod-tf-host/ezsatsa/projects/vcc-cn/prometheus/prod/remote_states.tf
2019-01-07 17:44:33:063 [INFO ] file-system-watcher: Indexed file:///home/sameer/test-terraform/vcc-cn-prod-tf-host/ezsatsa/projects/vcc-cn/prometheus/prod/production.auto.tfvars
2019-01-07 17:44:33:066 [INFO ] file-system-watcher: Indexed file:///home/sameer/test-terraform/vcc-cn-prod-tf-host/ezsatsa/projects/vcc-cn/prometheus/prod/variables.tf
2019-01-07 17:44:33:071 [INFO ] file-system-watcher: Indexed file:///home/sameer/test-terraform/vcc-cn-prod-tf-host/ezsatsa/projects/vcc-cn/prometheus/prod/dns-records.tf
2019-01-07 17:44:33:076 [INFO ] file-system-watcher: Indexed file:///home/sameer/test-terraform/vcc-cn-prod-tf-host/ezsatsa/projects/vcc-cn/kafka/terraform/common/provider.tf
2019-01-07 17:44:33:083 [INFO ] file-system-watcher: Indexed file:///home/sameer/test-terraform/vcc-cn-prod-tf-host/ezsatsa/projects/vcc-cn/kafka/terraform/common/variables.tf
2019-01-07 17:44:33:088 [INFO ] file-system-watcher: Indexed file:///home/sameer/test-terraform/vcc-cn-prod-tf-host/ezsatsa/projects/vcc-cn/kafka/terraform/test/backend.tf
2019-01-07 17:44:33:095 [INFO ] file-system-watcher: Indexed file:///home/sameer/test-terraform/vcc-cn-prod-tf-host/ezsatsa/projects/vcc-cn/kafka/terraform/test/provider.tf
2019-01-07 17:44:33:099 [INFO ] file-system-watcher: Indexed file:///home/sameer/test-terraform/vcc-cn-prod-tf-host/ezsatsa/projects/vcc-cn/kafka/terraform/test/remote_states.tf
2019-01-07 17:44:33:104 [INFO ] file-system-watcher: Indexed file:///home/sameer/test-terraform/vcc-cn-prod-tf-host/ezsatsa/projects/vcc-cn/kafka/terraform/test/test.auto.tfvars
2019-01-07 17:44:33:106 [INFO ] file-system-watcher: Indexed file:///home/sameer/test-terraform/vcc-cn-prod-tf-host/ezsatsa/projects/vcc-cn/kafka/terraform/test/variables.tf
2019-01-07 17:44:33:113 [INFO ] file-system-watcher: Indexed file:///home/sameer/test-terraform/vcc-cn-prod-tf-host/ezsatsa/projects/vcc-cn/kafka/terraform/test/dns-records.tf
2019-01-07 17:44:33:119 [INFO ] file-system-watcher: Indexed file:///home/sameer/test-terraform/vcc-cn-prod-tf-host/ezsatsa/projects/vcc-cn/kafka/terraform/qa/qa.auto.tfvars
2019-01-07 17:44:33:122 [INFO ] file-system-watcher: Indexed file:///home/sameer/test-terraform/vcc-cn-prod-tf-host/ezsatsa/projects/vcc-cn/kafka/terraform/qa/backend.tf
2019-01-07 17:44:33:125 [INFO ] file-system-watcher: Indexed file:///home/sameer/test-terraform/vcc-cn-prod-tf-host/ezsatsa/projects/vcc-cn/kafka/terraform/qa/provider.tf
2019-01-07 17:44:33:129 [INFO ] file-system-watcher: Indexed file:///home/sameer/test-terraform/vcc-cn-prod-tf-host/ezsatsa/projects/vcc-cn/kafka/terraform/qa/remote_states.tf
2019-01-07 17:44:33:131 [INFO ] file-system-watcher: Indexed file:///home/sameer/test-terraform/vcc-cn-prod-tf-host/ezsatsa/projects/vcc-cn/kafka/terraform/qa/variables.tf
2019-01-07 17:44:33:144 [INFO ] file-system-watcher: Indexed file:///home/sameer/test-terraform/vcc-cn-prod-tf-host/ezsatsa/projects/vcc-cn/kafka/terraform/qa/dns-records.tf
2019-01-07 17:44:33:147 [INFO ] file-system-watcher: Indexed file:///home/sameer/test-terraform/vcc-cn-prod-tf-host/ezsatsa/projects/vcc-cn/kafka/terraform/prod/backend.tf
2019-01-07 17:44:33:153 [INFO ] file-system-watcher: Indexed file:///home/sameer/test-terraform/vcc-cn-prod-tf-host/ezsatsa/projects/vcc-cn/kafka/terraform/prod/provider.tf
2019-01-07 17:44:33:156 [INFO ] file-system-watcher: Indexed file:///home/sameer/test-terraform/vcc-cn-prod-tf-host/ezsatsa/projects/vcc-cn/kafka/terraform/prod/remote_states.tf
2019-01-07 17:44:33:159 [INFO ] file-system-watcher: Indexed file:///home/sameer/test-terraform/vcc-cn-prod-tf-host/ezsatsa/projects/vcc-cn/kafka/terraform/prod/production.auto.tfvars
2019-01-07 17:44:33:161 [INFO ] file-system-watcher: Indexed file:///home/sameer/test-terraform/vcc-cn-prod-tf-host/ezsatsa/projects/vcc-cn/kafka/terraform/prod/variables.tf
2019-01-07 17:44:33:172 [INFO ] file-system-watcher: Indexed file:///home/sameer/test-terraform/vcc-cn-prod-tf-host/ezsatsa/projects/vcc-cn/kafka/terraform/prod/dns-records.tf
2019-01-07 17:44:33:177 [INFO ] file-system-watcher: Indexed file:///home/sameer/test-terraform/vcc-cn-prod-tf-host/ezsatsa/projects/vcc-cn/internal-dns/components/bind-dns/terraform/aws/dns_slave_records.tf
2019-01-07 17:44:33:181 [INFO ] file-system-watcher: Indexed file:///home/sameer/test-terraform/vcc-cn-prod-tf-host/ezsatsa/projects/vcc-cn/internal-dns/components/bind-dns/terraform/aws/output.tf
2019-01-07 17:44:33:191 [INFO ] file-system-watcher: Indexed file:///home/sameer/test-terraform/vcc-cn-prod-tf-host/ezsatsa/projects/vcc-cn/internal-dns/components/bind-dns/terraform/aws/test/test.tf
2019-01-07 17:44:33:198 [INFO ] file-system-watcher: Indexed file:///home/sameer/test-terraform/vcc-cn-prod-tf-host/ezsatsa/projects/vcc-cn/internal-dns/components/bind-dns/terraform/aws/iam_role.tf
2019-01-07 17:44:33:238 [INFO ] file-system-watcher: Indexed file:///home/sameer/test-terraform/vcc-cn-prod-tf-host/ezsatsa/projects/vcc-cn/internal-dns/components/bind-dns/terraform/aws/main.tf
2019-01-07 17:44:33:252 [INFO ] file-system-watcher: Indexed file:///home/sameer/test-terraform/vcc-cn-prod-tf-host/ezsatsa/projects/vcc-cn/internal-dns/components/bind-dns/terraform/aws/variables.tf
2019-01-07 17:44:33:256 [INFO ] file-system-watcher: Indexed file:///home/sameer/test-terraform/vcc-cn-prod-tf-host/ezsatsa/projects/vcc-cn/internal-dns/components/bind-dns/terraform/azure/output.tf
2019-01-07 17:44:33:264 [INFO ] file-system-watcher: Indexed file:///home/sameer/test-terraform/vcc-cn-prod-tf-host/ezsatsa/projects/vcc-cn/internal-dns/components/bind-dns/terraform/azure/test/test.tf
2019-01-07 17:44:33:323 [INFO ] file-system-watcher: Indexed file:///home/sameer/test-terraform/vcc-cn-prod-tf-host/ezsatsa/projects/vcc-cn/internal-dns/components/bind-dns/terraform/azure/main.tf
2019-01-07 17:44:33:335 [INFO ] file-system-watcher: Indexed file:///home/sameer/test-terraform/vcc-cn-prod-tf-host/ezsatsa/projects/vcc-cn/internal-dns/components/bind-dns/terraform/azure/variables.tf
2019-01-07 17:44:33:338 [INFO ] file-system-watcher: Indexed file:///home/sameer/test-terraform/vcc-cn-prod-tf-host/ezsatsa/projects/vcc-cn/internal-dns/terraform/access/backend.tf
2019-01-07 17:44:33:341 [INFO ] file-system-watcher: Indexed file:///home/sameer/test-terraform/vcc-cn-prod-tf-host/ezsatsa/projects/vcc-cn/internal-dns/terraform/access/provider.tf
2019-01-07 17:44:33:344 [INFO ] file-system-watcher: Indexed file:///home/sameer/test-terraform/vcc-cn-prod-tf-host/ezsatsa/projects/vcc-cn/internal-dns/terraform/access/access.auto.tfvars
2019-01-07 17:44:33:348 [INFO ] file-system-watcher: Indexed file:///home/sameer/test-terraform/vcc-cn-prod-tf-host/ezsatsa/projects/vcc-cn/internal-dns/terraform/access/output.tf
2019-01-07 17:44:33:353 [INFO ] file-system-watcher: Indexed file:///home/sameer/test-terraform/vcc-cn-prod-tf-host/ezsatsa/projects/vcc-cn/internal-dns/terraform/access/terraform.tfvars
2019-01-07 17:44:33:361 [INFO ] file-system-watcher: Indexed file:///home/sameer/test-terraform/vcc-cn-prod-tf-host/ezsatsa/projects/vcc-cn/internal-dns/terraform/access/main.tf
2019-01-07 17:44:33:364 [INFO ] file-system-watcher: Indexed file:///home/sameer/test-terraform/vcc-cn-prod-tf-host/ezsatsa/projects/vcc-cn/internal-dns/terraform/access/variables.tf
2019-01-07 17:44:33:375 [INFO ] file-system-watcher: Indexed file:///home/sameer/test-terraform/vcc-cn-prod-tf-host/ezsatsa/projects/vcc-cn/internal-dns/terraform/common/output.tf
2019-01-07 17:44:33:388 [INFO ] file-system-watcher: Indexed file:///home/sameer/test-terraform/vcc-cn-prod-tf-host/ezsatsa/projects/vcc-cn/internal-dns/terraform/common/main.tf
2019-01-07 17:44:33:396 [INFO ] file-system-watcher: Indexed file:///home/sameer/test-terraform/vcc-cn-prod-tf-host/ezsatsa/projects/vcc-cn/internal-dns/terraform/common/variables.tf
2019-01-07 17:44:33:406 [INFO ] file-system-watcher: Indexed file:///home/sameer/test-terraform/vcc-cn-prod-tf-host/ezsatsa/projects/vcc-cn/internal-dns/terraform/test/backend.tf
2019-01-07 17:44:33:414 [INFO ] file-system-watcher: Indexed file:///home/sameer/test-terraform/vcc-cn-prod-tf-host/ezsatsa/projects/vcc-cn/internal-dns/terraform/test/provider.tf
2019-01-07 17:44:33:427 [INFO ] file-system-watcher: Indexed file:///home/sameer/test-terraform/vcc-cn-prod-tf-host/ezsatsa/projects/vcc-cn/internal-dns/terraform/test/output.tf
2019-01-07 17:44:33:435 [INFO ] file-system-watcher: Indexed file:///home/sameer/test-terraform/vcc-cn-prod-tf-host/ezsatsa/projects/vcc-cn/internal-dns/terraform/test/terraform.tfvars
2019-01-07 17:44:33:449 [INFO ] file-system-watcher: Indexed file:///home/sameer/test-terraform/vcc-cn-prod-tf-host/ezsatsa/projects/vcc-cn/internal-dns/terraform/test/main.tf
2019-01-07 17:44:33:457 [INFO ] file-system-watcher: Indexed file:///home/sameer/test-terraform/vcc-cn-prod-tf-host/ezsatsa/projects/vcc-cn/internal-dns/terraform/test/test.auto.tfvars
2019-01-07 17:44:33:461 [INFO ] file-system-watcher: Indexed file:///home/sameer/test-terraform/vcc-cn-prod-tf-host/ezsatsa/projects/vcc-cn/internal-dns/terraform/test/variables.tf
2019-01-07 17:44:33:464 [INFO ] file-system-watcher: Indexed file:///home/sameer/test-terraform/vcc-cn-prod-tf-host/ezsatsa/projects/vcc-cn/internal-dns/terraform/qa/qa.auto.tfvars
2019-01-07 17:44:33:479 [INFO ] file-system-watcher: Indexed file:///home/sameer/test-terraform/vcc-cn-prod-tf-host/ezsatsa/projects/vcc-cn/internal-dns/terraform/qa/backend.tf
2019-01-07 17:44:33:482 [INFO ] file-system-watcher: Indexed file:///home/sameer/test-terraform/vcc-cn-prod-tf-host/ezsatsa/projects/vcc-cn/internal-dns/terraform/qa/provider.tf
2019-01-07 17:44:33:487 [INFO ] file-system-watcher: Indexed file:///home/sameer/test-terraform/vcc-cn-prod-tf-host/ezsatsa/projects/vcc-cn/internal-dns/terraform/qa/output.tf
2019-01-07 17:44:33:490 [INFO ] file-system-watcher: Indexed file:///home/sameer/test-terraform/vcc-cn-prod-tf-host/ezsatsa/projects/vcc-cn/internal-dns/terraform/qa/terraform.tfvars
2019-01-07 17:44:33:498 [INFO ] file-system-watcher: Indexed file:///home/sameer/test-terraform/vcc-cn-prod-tf-host/ezsatsa/projects/vcc-cn/internal-dns/terraform/qa/main.tf
2019-01-07 17:44:33:503 [INFO ] file-system-watcher: Indexed file:///home/sameer/test-terraform/vcc-cn-prod-tf-host/ezsatsa/projects/vcc-cn/internal-dns/terraform/qa/variables.tf
2019-01-07 17:44:33:506 [INFO ] file-system-watcher: Indexed file:///home/sameer/test-terraform/vcc-cn-prod-tf-host/ezsatsa/projects/vcc-cn/internal-dns/terraform/prod/backend.tf
2019-01-07 17:44:33:509 [INFO ] file-system-watcher: Indexed file:///home/sameer/test-terraform/vcc-cn-prod-tf-host/ezsatsa/projects/vcc-cn/internal-dns/terraform/prod/provider.tf
2019-01-07 17:44:33:513 [INFO ] file-system-watcher: Indexed file:///home/sameer/test-terraform/vcc-cn-prod-tf-host/ezsatsa/projects/vcc-cn/internal-dns/terraform/prod/output.tf
2019-01-07 17:44:33:517 [INFO ] file-system-watcher: Indexed file:///home/sameer/test-terraform/vcc-cn-prod-tf-host/ezsatsa/projects/vcc-cn/internal-dns/terraform/prod/terraform.tfvars
2019-01-07 17:44:33:522 [INFO ] file-system-watcher: Indexed file:///home/sameer/test-terraform/vcc-cn-prod-tf-host/ezsatsa/projects/vcc-cn/internal-dns/terraform/prod/production.auto.tfvars
2019-01-07 17:44:33:529 [INFO ] file-system-watcher: Indexed file:///home/sameer/test-terraform/vcc-cn-prod-tf-host/ezsatsa/projects/vcc-cn/internal-dns/terraform/prod/main.tf
2019-01-07 17:44:33:534 [INFO ] file-system-watcher: Indexed file:///home/sameer/test-terraform/vcc-cn-prod-tf-host/ezsatsa/projects/vcc-cn/internal-dns/terraform/prod/variables.tf
